2022-01-27 19:19:02,332:INFO:PyCaret Supervised Module
2022-01-27 19:19:02,332:INFO:ML Usecase: classification
2022-01-27 19:19:02,332:INFO:version 2.3.6
2022-01-27 19:19:02,333:INFO:Initializing setup()
2022-01-27 19:19:02,333:INFO:setup(target=class_pred, ml_usecase=classification, available_plots={'parameter': 'Hyperparameters', 'auc': 'AUC', 'confusion_matrix': 'Confusion Matrix', 'threshold': 'Threshold', 'pr': 'Precision Recall', 'error': 'Prediction Error', 'class_report': 'Class Report', 'rfe': 'Feature Selection', 'learning': 'Learning Curve', 'manifold': 'Manifold Learning', 'calibration': 'Calibration Curve', 'vc': 'Validation Curve', 'dimension': 'Dimensions', 'feature': 'Feature Importance', 'feature_all': 'Feature Importance (All)', 'boundary': 'Decision Boundary', 'lift': 'Lift Chart', 'gain': 'Gain Chart', 'tree': 'Decision Tree', 'ks': 'KS Statistic Plot'}, train_size=0.7, test_data=None, preprocess=True, imputation_type=simple, iterative_imputation_iters=5, categorical_features=None, categorical_imputation=constant, categorical_iterative_imputer=lightgbm, ordinal_features=None, high_cardinality_features=None, high_cardinality_method=frequency, numeric_features=None, numeric_imputation=mean, numeric_iterative_imputer=lightgbm, date_features=None, ignore_features=None, normalize=False, normalize_method=zscore, transformation=False, transformation_method=yeo-johnson, handle_unknown_categorical=True, unknown_categorical_method=least_frequent, pca=False, pca_method=linear, pca_components=None, ignore_low_variance=False, combine_rare_levels=False, rare_level_threshold=0.1, bin_numeric_features=None, remove_outliers=False, outliers_threshold=0.05, remove_multicollinearity=False, multicollinearity_threshold=0.9, remove_perfect_collinearity=True, create_clusters=False, cluster_iter=20, polynomial_features=False, polynomial_degree=2, trigonometry_features=False, polynomial_threshold=0.1, group_features=None, group_names=None, feature_selection=False, feature_selection_threshold=0.8, feature_selection_method=classic, feature_interaction=False, feature_ratio=False, interaction_threshold=0.01, fix_imbalance=True, fix_imbalance_method=None, transform_target=False, transform_target_method=box-cox, data_split_shuffle=True, data_split_stratify=False, fold_strategy=stratifiedkfold, fold=10, fold_shuffle=False, fold_groups=None, n_jobs=-1, use_gpu=False, custom_pipeline=None, html=True, session_id=786, log_experiment=False, experiment_name=None, log_plots=False, log_profile=False, log_data=False, silent=False, verbose=True, profile=False, profile_kwargs=None, display=None)
2022-01-27 19:19:02,340:INFO:Checking environment
2022-01-27 19:19:02,340:INFO:python_version: 3.8.12
2022-01-27 19:19:02,340:INFO:python_build: ('default', 'Oct 12 2021 03:01:40')
2022-01-27 19:19:02,340:INFO:machine: AMD64
2022-01-27 19:19:02,340:INFO:platform: Windows-10-10.0.18363-SP0
2022-01-27 19:19:02,341:WARNING:cannot find psutil installation. memory not traceable. Install psutil using pip to enable memory logging.
2022-01-27 19:19:02,341:INFO:Checking libraries
2022-01-27 19:19:02,341:INFO:pd==1.4.0
2022-01-27 19:19:02,341:INFO:numpy==1.19.5
2022-01-27 19:19:02,342:INFO:sklearn==0.23.2
2022-01-27 19:19:02,342:INFO:lightgbm==3.3.2
2022-01-27 19:19:02,343:WARNING:catboost not found
2022-01-27 19:19:02,343:WARNING:xgboost not found
2022-01-27 19:19:04,499:INFO:mlflow==1.23.0
2022-01-27 19:19:04,499:INFO:Checking Exceptions
2022-01-27 19:19:04,499:INFO:Declaring global variables
2022-01-27 19:19:04,499:INFO:USI: a130
2022-01-27 19:19:04,500:INFO:pycaret_globals: {'logging_param', 'X_test', '_all_models_internal', 'experiment__', 'transform_target_method_param', 'target_param', 'X_train', 'imputation_regressor', 'USI', 'pycaret_globals', 'y_train', 'create_model_container', 'display_container', 'fold_param', '_gpu_n_jobs_param', 'data_before_preprocess', 'y_test', 'master_model_container', 'exp_name_log', 'fold_shuffle_param', 'n_jobs_param', '_available_plots', 'fold_generator', '_all_metrics', 'stratify_param', 'transform_target_param', '_ml_usecase', 'html_param', 'prep_pipe', 'gpu_param', '_internal_pipeline', 'log_plots_param', 'y', 'fold_groups_param_full', 'X', 'fold_groups_param', 'imputation_classifier', 'fix_imbalance_param', '_all_models', 'fix_imbalance_method_param', 'iterative_imputation_iters_param', 'seed'}
2022-01-27 19:19:04,500:INFO:Preparing display monitor
2022-01-27 19:19:04,500:INFO:Preparing display monitor
2022-01-27 19:19:04,515:INFO:Importing libraries
2022-01-27 19:19:04,516:INFO:Copying data for preprocessing
2022-01-27 19:19:04,527:INFO:Declaring preprocessing parameters
2022-01-27 19:19:04,530:INFO:Creating preprocessing pipeline
2022-01-27 19:19:04,566:INFO:Preprocessing pipeline created successfully
2022-01-27 19:19:04,566:ERROR:(Process Exit): setup has been interupted with user command 'quit'. setup must rerun.
2022-01-27 19:19:04,566:INFO:Creating global containers
2022-01-27 19:19:04,573:INFO:Internal pipeline: Pipeline(memory=None,
         steps=[('fix_imbalance',
                 SMOTE(k_neighbors=5, n_jobs=None, random_state=786,
                       sampling_strategy='auto'))],
         verbose=False)
2022-01-27 19:19:16,858:WARNING:Couldn't import xgboost.XGBClassifier
2022-01-27 19:19:16,859:WARNING:Couldn't import catboost.CatBoostClassifier
2022-01-27 19:19:16,931:WARNING:Couldn't import xgboost.XGBClassifier
2022-01-27 19:19:16,932:WARNING:Couldn't import catboost.CatBoostClassifier
2022-01-27 19:19:16,932:INFO:Creating grid variables
2022-01-27 19:19:16,946:INFO:create_model_container: 0
2022-01-27 19:19:16,946:INFO:master_model_container: 0
2022-01-27 19:19:16,946:INFO:display_container: 1
2022-01-27 19:19:16,951:INFO:Pipeline(memory=None,
         steps=[('dtypes',
                 DataTypes_Auto_infer(categorical_features=[],
                                      display_types=True, features_todrop=[],
                                      id_columns=[],
                                      ml_usecase='classification',
                                      numerical_features=[],
                                      target='class_pred', time_features=[])),
                ('imputer',
                 Simple_Imputer(categorical_strategy='not_available',
                                fill_value_categorical=None,
                                fill_value_numerical=None,
                                numeric_s...
                ('scaling', 'passthrough'), ('P_transform', 'passthrough'),
                ('binn', 'passthrough'), ('rem_outliers', 'passthrough'),
                ('cluster_all', 'passthrough'),
                ('dummy', Dummify(target='class_pred')),
                ('fix_perfect', Remove_100(target='class_pred')),
                ('clean_names', Clean_Colum_Names()),
                ('feature_select', 'passthrough'), ('fix_multi', 'passthrough'),
                ('dfs', 'passthrough'), ('pca', 'passthrough')],
         verbose=False)
2022-01-27 19:19:16,951:INFO:setup() succesfully completed......................................
2022-01-27 19:22:05,799:INFO:Initializing compare_models()
2022-01-27 19:22:05,800:INFO:compare_models(include=None, fold=None, round=4, cross_validation=True, sort=Accuracy, n_select=1, budget_time=None, turbo=True, errors=ignore, fit_kwargs=None, groups=None, probability_threshold=None, verbose=True, display=None, exclude=None)
2022-01-27 19:22:05,800:INFO:Checking exceptions
2022-01-27 19:22:05,801:INFO:Preparing display monitor
2022-01-27 19:22:05,802:INFO:Preparing display monitor
2022-01-27 19:22:05,826:INFO:Initializing Logistic Regression
2022-01-27 19:22:05,826:INFO:Total runtime is 0.0 minutes
2022-01-27 19:22:05,833:INFO:SubProcess create_model() called ==================================
2022-01-27 19:22:05,833:INFO:Initializing create_model()
2022-01-27 19:22:05,833:INFO:create_model(estimator=lr, fold=StratifiedKFold(n_splits=10, random_state=None, shuffle=False), round=4, cross_validation=True, predict=True, fit_kwargs={}, groups=None, refit=False, verbose=False, system=False, metrics=None, add_to_model_list=True, probability_threshold=None, display=<pycaret.internal.Display.Display object at 0x00000227E1F8B820>, kwargs={})
2022-01-27 19:22:05,833:INFO:Checking exceptions
2022-01-27 19:22:05,834:INFO:Importing libraries
2022-01-27 19:22:05,834:INFO:Copying training dataset
2022-01-27 19:22:05,835:INFO:Defining folds
2022-01-27 19:22:05,836:INFO:Declaring metric variables
2022-01-27 19:22:05,843:INFO:Importing untrained model
2022-01-27 19:22:05,855:INFO:Logistic Regression Imported succesfully
2022-01-27 19:22:05,873:INFO:Starting cross validation
2022-01-27 19:22:05,874:INFO:Cross validating with StratifiedKFold(n_splits=10, random_state=None, shuffle=False), n_jobs=-1
2022-01-27 19:22:20,854:INFO:Calculating mean and std
2022-01-27 19:22:20,858:INFO:Creating metrics dataframe
2022-01-27 19:22:20,957:INFO:Uploading results into container
2022-01-27 19:22:20,957:INFO:Uploading model into container now
2022-01-27 19:22:20,957:INFO:create_model_container: 1
2022-01-27 19:22:20,958:INFO:master_model_container: 1
2022-01-27 19:22:20,958:INFO:display_container: 2
2022-01-27 19:22:20,958:INFO:LogisticRegression(C=1.0, class_weight=None, dual=False, fit_intercept=True,
                   intercept_scaling=1, l1_ratio=None, max_iter=1000,
                   multi_class='auto', n_jobs=None, penalty='l2',
                   random_state=786, solver='lbfgs', tol=0.0001, verbose=0,
                   warm_start=False)
2022-01-27 19:22:20,958:INFO:create_model() succesfully completed......................................
2022-01-27 19:22:21,034:INFO:SubProcess create_model() end ==================================
2022-01-27 19:22:21,034:INFO:Creating metrics dataframe
2022-01-27 19:22:21,067:INFO:Initializing K Neighbors Classifier
2022-01-27 19:22:21,067:INFO:Total runtime is 0.2540088176727295 minutes
2022-01-27 19:22:21,076:INFO:SubProcess create_model() called ==================================
2022-01-27 19:22:21,077:INFO:Initializing create_model()
2022-01-27 19:22:21,077:INFO:create_model(estimator=knn, fold=StratifiedKFold(n_splits=10, random_state=None, shuffle=False), round=4, cross_validation=True, predict=True, fit_kwargs={}, groups=None, refit=False, verbose=False, system=False, metrics=None, add_to_model_list=True, probability_threshold=None, display=<pycaret.internal.Display.Display object at 0x00000227E1F8B820>, kwargs={})
2022-01-27 19:22:21,077:INFO:Checking exceptions
2022-01-27 19:22:21,077:INFO:Importing libraries
2022-01-27 19:22:21,077:INFO:Copying training dataset
2022-01-27 19:22:21,079:INFO:Defining folds
2022-01-27 19:22:21,079:INFO:Declaring metric variables
2022-01-27 19:22:21,087:INFO:Importing untrained model
2022-01-27 19:22:21,097:INFO:K Neighbors Classifier Imported succesfully
2022-01-27 19:22:21,118:INFO:Starting cross validation
2022-01-27 19:22:21,119:INFO:Cross validating with StratifiedKFold(n_splits=10, random_state=None, shuffle=False), n_jobs=-1
2022-01-27 19:22:23,509:INFO:Calculating mean and std
2022-01-27 19:22:23,510:INFO:Creating metrics dataframe
2022-01-27 19:22:23,558:INFO:Uploading results into container
2022-01-27 19:22:23,558:INFO:Uploading model into container now
2022-01-27 19:22:23,558:INFO:create_model_container: 2
2022-01-27 19:22:23,558:INFO:master_model_container: 2
2022-01-27 19:22:23,558:INFO:display_container: 2
2022-01-27 19:22:23,559:INFO:KNeighborsClassifier(algorithm='auto', leaf_size=30, metric='minkowski',
                     metric_params=None, n_jobs=-1, n_neighbors=5, p=2,
                     weights='uniform')
2022-01-27 19:22:23,559:INFO:create_model() succesfully completed......................................
2022-01-27 19:22:23,631:INFO:SubProcess create_model() end ==================================
2022-01-27 19:22:23,631:INFO:Creating metrics dataframe
2022-01-27 19:22:23,663:INFO:Initializing Naive Bayes
2022-01-27 19:22:23,663:INFO:Total runtime is 0.29726854562759397 minutes
2022-01-27 19:22:23,673:INFO:SubProcess create_model() called ==================================
2022-01-27 19:22:23,673:INFO:Initializing create_model()
2022-01-27 19:22:23,673:INFO:create_model(estimator=nb, fold=StratifiedKFold(n_splits=10, random_state=None, shuffle=False), round=4, cross_validation=True, predict=True, fit_kwargs={}, groups=None, refit=False, verbose=False, system=False, metrics=None, add_to_model_list=True, probability_threshold=None, display=<pycaret.internal.Display.Display object at 0x00000227E1F8B820>, kwargs={})
2022-01-27 19:22:23,673:INFO:Checking exceptions
2022-01-27 19:22:23,673:INFO:Importing libraries
2022-01-27 19:22:23,673:INFO:Copying training dataset
2022-01-27 19:22:23,674:INFO:Defining folds
2022-01-27 19:22:23,674:INFO:Declaring metric variables
2022-01-27 19:22:23,682:INFO:Importing untrained model
2022-01-27 19:22:23,692:INFO:Naive Bayes Imported succesfully
2022-01-27 19:22:23,711:INFO:Starting cross validation
2022-01-27 19:22:23,712:INFO:Cross validating with StratifiedKFold(n_splits=10, random_state=None, shuffle=False), n_jobs=-1
2022-01-27 19:22:24,215:INFO:Calculating mean and std
2022-01-27 19:22:24,216:INFO:Creating metrics dataframe
2022-01-27 19:22:24,267:INFO:Uploading results into container
2022-01-27 19:22:24,268:INFO:Uploading model into container now
2022-01-27 19:22:24,268:INFO:create_model_container: 3
2022-01-27 19:22:24,268:INFO:master_model_container: 3
2022-01-27 19:22:24,268:INFO:display_container: 2
2022-01-27 19:22:24,268:INFO:GaussianNB(priors=None, var_smoothing=1e-09)
2022-01-27 19:22:24,268:INFO:create_model() succesfully completed......................................
2022-01-27 19:22:24,336:INFO:SubProcess create_model() end ==================================
2022-01-27 19:22:24,337:INFO:Creating metrics dataframe
2022-01-27 19:22:24,369:INFO:Initializing Decision Tree Classifier
2022-01-27 19:22:24,369:INFO:Total runtime is 0.30904416243235266 minutes
2022-01-27 19:22:24,378:INFO:SubProcess create_model() called ==================================
2022-01-27 19:22:24,378:INFO:Initializing create_model()
2022-01-27 19:22:24,379:INFO:create_model(estimator=dt, fold=StratifiedKFold(n_splits=10, random_state=None, shuffle=False), round=4, cross_validation=True, predict=True, fit_kwargs={}, groups=None, refit=False, verbose=False, system=False, metrics=None, add_to_model_list=True, probability_threshold=None, display=<pycaret.internal.Display.Display object at 0x00000227E1F8B820>, kwargs={})
2022-01-27 19:22:24,379:INFO:Checking exceptions
2022-01-27 19:22:24,379:INFO:Importing libraries
2022-01-27 19:22:24,379:INFO:Copying training dataset
2022-01-27 19:22:24,380:INFO:Defining folds
2022-01-27 19:22:24,380:INFO:Declaring metric variables
2022-01-27 19:22:24,388:INFO:Importing untrained model
2022-01-27 19:22:24,397:INFO:Decision Tree Classifier Imported succesfully
2022-01-27 19:22:24,415:INFO:Starting cross validation
2022-01-27 19:22:24,416:INFO:Cross validating with StratifiedKFold(n_splits=10, random_state=None, shuffle=False), n_jobs=-1
2022-01-27 19:22:25,246:INFO:Calculating mean and std
2022-01-27 19:22:25,247:INFO:Creating metrics dataframe
2022-01-27 19:22:25,299:INFO:Uploading results into container
2022-01-27 19:22:25,299:INFO:Uploading model into container now
2022-01-27 19:22:25,299:INFO:create_model_container: 4
2022-01-27 19:22:25,300:INFO:master_model_container: 4
2022-01-27 19:22:25,300:INFO:display_container: 2
2022-01-27 19:22:25,300:INFO:DecisionTreeClassifier(ccp_alpha=0.0, class_weight=None, criterion='gini',
                       max_depth=None, max_features=None, max_leaf_nodes=None,
                       min_impurity_decrease=0.0, min_impurity_split=None,
                       min_samples_leaf=1, min_samples_split=2,
                       min_weight_fraction_leaf=0.0, presort='deprecated',
                       random_state=786, splitter='best')
2022-01-27 19:22:25,300:INFO:create_model() succesfully completed......................................
2022-01-27 19:22:25,373:INFO:SubProcess create_model() end ==================================
2022-01-27 19:22:25,374:INFO:Creating metrics dataframe
2022-01-27 19:22:25,407:INFO:Initializing SVM - Linear Kernel
2022-01-27 19:22:25,408:INFO:Total runtime is 0.3263666192690531 minutes
2022-01-27 19:22:25,417:INFO:SubProcess create_model() called ==================================
2022-01-27 19:22:25,417:INFO:Initializing create_model()
2022-01-27 19:22:25,417:INFO:create_model(estimator=svm, fold=StratifiedKFold(n_splits=10, random_state=None, shuffle=False), round=4, cross_validation=True, predict=True, fit_kwargs={}, groups=None, refit=False, verbose=False, system=False, metrics=None, add_to_model_list=True, probability_threshold=None, display=<pycaret.internal.Display.Display object at 0x00000227E1F8B820>, kwargs={})
2022-01-27 19:22:25,417:INFO:Checking exceptions
2022-01-27 19:22:25,418:INFO:Importing libraries
2022-01-27 19:22:25,418:INFO:Copying training dataset
2022-01-27 19:22:25,419:INFO:Defining folds
2022-01-27 19:22:25,420:INFO:Declaring metric variables
2022-01-27 19:22:25,430:INFO:Importing untrained model
2022-01-27 19:22:25,441:INFO:SVM - Linear Kernel Imported succesfully
2022-01-27 19:22:25,463:INFO:Starting cross validation
2022-01-27 19:22:25,464:INFO:Cross validating with StratifiedKFold(n_splits=10, random_state=None, shuffle=False), n_jobs=-1
2022-01-27 19:22:27,306:INFO:Calculating mean and std
2022-01-27 19:22:27,307:INFO:Creating metrics dataframe
2022-01-27 19:22:27,354:INFO:Uploading results into container
2022-01-27 19:22:27,354:INFO:Uploading model into container now
2022-01-27 19:22:27,354:INFO:create_model_container: 5
2022-01-27 19:22:27,354:INFO:master_model_container: 5
2022-01-27 19:22:27,354:INFO:display_container: 2
2022-01-27 19:22:27,355:INFO:SGDClassifier(alpha=0.0001, average=False, class_weight=None,
              early_stopping=False, epsilon=0.1, eta0=0.001, fit_intercept=True,
              l1_ratio=0.15, learning_rate='optimal', loss='hinge',
              max_iter=1000, n_iter_no_change=5, n_jobs=-1, penalty='l2',
              power_t=0.5, random_state=786, shuffle=True, tol=0.001,
              validation_fraction=0.1, verbose=0, warm_start=False)
2022-01-27 19:22:27,355:INFO:create_model() succesfully completed......................................
2022-01-27 19:22:27,424:INFO:SubProcess create_model() end ==================================
2022-01-27 19:22:27,424:INFO:Creating metrics dataframe
2022-01-27 19:22:27,454:INFO:Initializing Ridge Classifier
2022-01-27 19:22:27,454:INFO:Total runtime is 0.3604614893595377 minutes
2022-01-27 19:22:27,462:INFO:SubProcess create_model() called ==================================
2022-01-27 19:22:27,462:INFO:Initializing create_model()
2022-01-27 19:22:27,463:INFO:create_model(estimator=ridge, fold=StratifiedKFold(n_splits=10, random_state=None, shuffle=False), round=4, cross_validation=True, predict=True, fit_kwargs={}, groups=None, refit=False, verbose=False, system=False, metrics=None, add_to_model_list=True, probability_threshold=None, display=<pycaret.internal.Display.Display object at 0x00000227E1F8B820>, kwargs={})
2022-01-27 19:22:27,463:INFO:Checking exceptions
2022-01-27 19:22:27,463:INFO:Importing libraries
2022-01-27 19:22:27,463:INFO:Copying training dataset
2022-01-27 19:22:27,464:INFO:Defining folds
2022-01-27 19:22:27,464:INFO:Declaring metric variables
2022-01-27 19:22:27,473:INFO:Importing untrained model
2022-01-27 19:22:27,481:INFO:Ridge Classifier Imported succesfully
2022-01-27 19:22:27,500:INFO:Starting cross validation
2022-01-27 19:22:27,501:INFO:Cross validating with StratifiedKFold(n_splits=10, random_state=None, shuffle=False), n_jobs=-1
2022-01-27 19:22:27,941:INFO:Calculating mean and std
2022-01-27 19:22:27,942:INFO:Creating metrics dataframe
2022-01-27 19:22:28,017:INFO:Uploading results into container
2022-01-27 19:22:28,018:INFO:Uploading model into container now
2022-01-27 19:22:28,018:INFO:create_model_container: 6
2022-01-27 19:22:28,018:INFO:master_model_container: 6
2022-01-27 19:22:28,018:INFO:display_container: 2
2022-01-27 19:22:28,019:INFO:RidgeClassifier(alpha=1.0, class_weight=None, copy_X=True, fit_intercept=True,
                max_iter=None, normalize=False, random_state=786, solver='auto',
                tol=0.001)
2022-01-27 19:22:28,019:INFO:create_model() succesfully completed......................................
2022-01-27 19:22:28,105:INFO:SubProcess create_model() end ==================================
2022-01-27 19:22:28,105:INFO:Creating metrics dataframe
2022-01-27 19:22:28,151:INFO:Initializing Random Forest Classifier
2022-01-27 19:22:28,152:INFO:Total runtime is 0.37208480040232333 minutes
2022-01-27 19:22:28,165:INFO:SubProcess create_model() called ==================================
2022-01-27 19:22:28,165:INFO:Initializing create_model()
2022-01-27 19:22:28,165:INFO:create_model(estimator=rf, fold=StratifiedKFold(n_splits=10, random_state=None, shuffle=False), round=4, cross_validation=True, predict=True, fit_kwargs={}, groups=None, refit=False, verbose=False, system=False, metrics=None, add_to_model_list=True, probability_threshold=None, display=<pycaret.internal.Display.Display object at 0x00000227E1F8B820>, kwargs={})
2022-01-27 19:22:28,165:INFO:Checking exceptions
2022-01-27 19:22:28,166:INFO:Importing libraries
2022-01-27 19:22:28,166:INFO:Copying training dataset
2022-01-27 19:22:28,168:INFO:Defining folds
2022-01-27 19:22:28,168:INFO:Declaring metric variables
2022-01-27 19:22:28,177:INFO:Importing untrained model
2022-01-27 19:22:28,191:INFO:Random Forest Classifier Imported succesfully
2022-01-27 19:22:28,213:INFO:Starting cross validation
2022-01-27 19:22:28,214:INFO:Cross validating with StratifiedKFold(n_splits=10, random_state=None, shuffle=False), n_jobs=-1
2022-01-27 19:22:34,801:INFO:Calculating mean and std
2022-01-27 19:22:34,803:INFO:Creating metrics dataframe
2022-01-27 19:22:34,879:INFO:Uploading results into container
2022-01-27 19:22:34,879:INFO:Uploading model into container now
2022-01-27 19:22:34,879:INFO:create_model_container: 7
2022-01-27 19:22:34,879:INFO:master_model_container: 7
2022-01-27 19:22:34,880:INFO:display_container: 2
2022-01-27 19:22:34,881:INFO:RandomForestClassifier(bootstrap=True, ccp_alpha=0.0, class_weight=None,
                       criterion='gini', max_depth=None, max_features='auto',
                       max_leaf_nodes=None, max_samples=None,
                       min_impurity_decrease=0.0, min_impurity_split=None,
                       min_samples_leaf=1, min_samples_split=2,
                       min_weight_fraction_leaf=0.0, n_estimators=100,
                       n_jobs=-1, oob_score=False, random_state=786, verbose=0,
                       warm_start=False)
2022-01-27 19:22:34,881:INFO:create_model() succesfully completed......................................
2022-01-27 19:22:34,967:INFO:SubProcess create_model() end ==================================
2022-01-27 19:22:34,967:INFO:Creating metrics dataframe
2022-01-27 19:22:35,008:INFO:Initializing Quadratic Discriminant Analysis
2022-01-27 19:22:35,009:INFO:Total runtime is 0.4863669117291768 minutes
2022-01-27 19:22:35,018:INFO:SubProcess create_model() called ==================================
2022-01-27 19:22:35,019:INFO:Initializing create_model()
2022-01-27 19:22:35,020:INFO:create_model(estimator=qda, fold=StratifiedKFold(n_splits=10, random_state=None, shuffle=False), round=4, cross_validation=True, predict=True, fit_kwargs={}, groups=None, refit=False, verbose=False, system=False, metrics=None, add_to_model_list=True, probability_threshold=None, display=<pycaret.internal.Display.Display object at 0x00000227E1F8B820>, kwargs={})
2022-01-27 19:22:35,020:INFO:Checking exceptions
2022-01-27 19:22:35,020:INFO:Importing libraries
2022-01-27 19:22:35,020:INFO:Copying training dataset
2022-01-27 19:22:35,022:INFO:Defining folds
2022-01-27 19:22:35,022:INFO:Declaring metric variables
2022-01-27 19:22:35,037:INFO:Importing untrained model
2022-01-27 19:22:35,047:INFO:Quadratic Discriminant Analysis Imported succesfully
2022-01-27 19:22:35,070:INFO:Starting cross validation
2022-01-27 19:22:35,071:INFO:Cross validating with StratifiedKFold(n_splits=10, random_state=None, shuffle=False), n_jobs=-1
2022-01-27 19:22:36,215:INFO:Calculating mean and std
2022-01-27 19:22:36,216:INFO:Creating metrics dataframe
2022-01-27 19:22:36,276:INFO:Uploading results into container
2022-01-27 19:22:36,276:INFO:Uploading model into container now
2022-01-27 19:22:36,277:INFO:create_model_container: 8
2022-01-27 19:22:36,277:INFO:master_model_container: 8
2022-01-27 19:22:36,277:INFO:display_container: 2
2022-01-27 19:22:36,277:INFO:QuadraticDiscriminantAnalysis(priors=None, reg_param=0.0,
                              store_covariance=False, tol=0.0001)
2022-01-27 19:22:36,278:INFO:create_model() succesfully completed......................................
2022-01-27 19:22:36,363:INFO:SubProcess create_model() end ==================================
2022-01-27 19:22:36,363:INFO:Creating metrics dataframe
2022-01-27 19:22:36,407:INFO:Initializing Ada Boost Classifier
2022-01-27 19:22:36,407:INFO:Total runtime is 0.5096693158149719 minutes
2022-01-27 19:22:36,419:INFO:SubProcess create_model() called ==================================
2022-01-27 19:22:36,419:INFO:Initializing create_model()
2022-01-27 19:22:36,420:INFO:create_model(estimator=ada, fold=StratifiedKFold(n_splits=10, random_state=None, shuffle=False), round=4, cross_validation=True, predict=True, fit_kwargs={}, groups=None, refit=False, verbose=False, system=False, metrics=None, add_to_model_list=True, probability_threshold=None, display=<pycaret.internal.Display.Display object at 0x00000227E1F8B820>, kwargs={})
2022-01-27 19:22:36,420:INFO:Checking exceptions
2022-01-27 19:22:36,420:INFO:Importing libraries
2022-01-27 19:22:36,421:INFO:Copying training dataset
2022-01-27 19:22:36,423:INFO:Defining folds
2022-01-27 19:22:36,423:INFO:Declaring metric variables
2022-01-27 19:22:36,435:INFO:Importing untrained model
2022-01-27 19:22:36,444:INFO:Ada Boost Classifier Imported succesfully
2022-01-27 19:22:36,468:INFO:Starting cross validation
2022-01-27 19:22:36,470:INFO:Cross validating with StratifiedKFold(n_splits=10, random_state=None, shuffle=False), n_jobs=-1
2022-01-27 19:22:40,025:INFO:Calculating mean and std
2022-01-27 19:22:40,028:INFO:Creating metrics dataframe
2022-01-27 19:22:40,088:INFO:Uploading results into container
2022-01-27 19:22:40,088:INFO:Uploading model into container now
2022-01-27 19:22:40,088:INFO:create_model_container: 9
2022-01-27 19:22:40,088:INFO:master_model_container: 9
2022-01-27 19:22:40,088:INFO:display_container: 2
2022-01-27 19:22:40,088:INFO:AdaBoostClassifier(algorithm='SAMME.R', base_estimator=None, learning_rate=1.0,
                   n_estimators=50, random_state=786)
2022-01-27 19:22:40,089:INFO:create_model() succesfully completed......................................
2022-01-27 19:22:40,158:INFO:SubProcess create_model() end ==================================
2022-01-27 19:22:40,158:INFO:Creating metrics dataframe
2022-01-27 19:22:40,210:INFO:Initializing Gradient Boosting Classifier
2022-01-27 19:22:40,210:INFO:Total runtime is 0.573053510983785 minutes
2022-01-27 19:22:40,223:INFO:SubProcess create_model() called ==================================
2022-01-27 19:22:40,224:INFO:Initializing create_model()
2022-01-27 19:22:40,224:INFO:create_model(estimator=gbc, fold=StratifiedKFold(n_splits=10, random_state=None, shuffle=False), round=4, cross_validation=True, predict=True, fit_kwargs={}, groups=None, refit=False, verbose=False, system=False, metrics=None, add_to_model_list=True, probability_threshold=None, display=<pycaret.internal.Display.Display object at 0x00000227E1F8B820>, kwargs={})
2022-01-27 19:22:40,224:INFO:Checking exceptions
2022-01-27 19:22:40,225:INFO:Importing libraries
2022-01-27 19:22:40,225:INFO:Copying training dataset
2022-01-27 19:22:40,226:INFO:Defining folds
2022-01-27 19:22:40,227:INFO:Declaring metric variables
2022-01-27 19:22:40,237:INFO:Importing untrained model
2022-01-27 19:22:40,248:INFO:Gradient Boosting Classifier Imported succesfully
2022-01-27 19:22:40,272:INFO:Starting cross validation
2022-01-27 19:22:40,274:INFO:Cross validating with StratifiedKFold(n_splits=10, random_state=None, shuffle=False), n_jobs=-1
2022-01-27 19:22:52,082:INFO:Calculating mean and std
2022-01-27 19:22:52,083:INFO:Creating metrics dataframe
2022-01-27 19:22:52,125:INFO:Uploading results into container
2022-01-27 19:22:52,125:INFO:Uploading model into container now
2022-01-27 19:22:52,126:INFO:create_model_container: 10
2022-01-27 19:22:52,126:INFO:master_model_container: 10
2022-01-27 19:22:52,126:INFO:display_container: 2
2022-01-27 19:22:52,126:INFO:GradientBoostingClassifier(ccp_alpha=0.0, criterion='friedman_mse', init=None,
                           learning_rate=0.1, loss='deviance', max_depth=3,
                           max_features=None, max_leaf_nodes=None,
                           min_impurity_decrease=0.0, min_impurity_split=None,
                           min_samples_leaf=1, min_samples_split=2,
                           min_weight_fraction_leaf=0.0, n_estimators=100,
                           n_iter_no_change=None, presort='deprecated',
                           random_state=786, subsample=1.0, tol=0.0001,
                           validation_fraction=0.1, verbose=0,
                           warm_start=False)
2022-01-27 19:22:52,126:INFO:create_model() succesfully completed......................................
2022-01-27 19:22:52,196:INFO:SubProcess create_model() end ==================================
2022-01-27 19:22:52,197:INFO:Creating metrics dataframe
2022-01-27 19:22:52,233:INFO:Initializing Linear Discriminant Analysis
2022-01-27 19:22:52,234:INFO:Total runtime is 0.7734662214914958 minutes
2022-01-27 19:22:52,241:INFO:SubProcess create_model() called ==================================
2022-01-27 19:22:52,241:INFO:Initializing create_model()
2022-01-27 19:22:52,242:INFO:create_model(estimator=lda, fold=StratifiedKFold(n_splits=10, random_state=None, shuffle=False), round=4, cross_validation=True, predict=True, fit_kwargs={}, groups=None, refit=False, verbose=False, system=False, metrics=None, add_to_model_list=True, probability_threshold=None, display=<pycaret.internal.Display.Display object at 0x00000227E1F8B820>, kwargs={})
2022-01-27 19:22:52,242:INFO:Checking exceptions
2022-01-27 19:22:52,242:INFO:Importing libraries
2022-01-27 19:22:52,242:INFO:Copying training dataset
2022-01-27 19:22:52,243:INFO:Defining folds
2022-01-27 19:22:52,244:INFO:Declaring metric variables
2022-01-27 19:22:52,253:INFO:Importing untrained model
2022-01-27 19:22:52,263:INFO:Linear Discriminant Analysis Imported succesfully
2022-01-27 19:22:52,283:INFO:Starting cross validation
2022-01-27 19:22:52,284:INFO:Cross validating with StratifiedKFold(n_splits=10, random_state=None, shuffle=False), n_jobs=-1
2022-01-27 19:22:53,312:INFO:Calculating mean and std
2022-01-27 19:22:53,313:INFO:Creating metrics dataframe
2022-01-27 19:22:53,367:INFO:Uploading results into container
2022-01-27 19:22:53,367:INFO:Uploading model into container now
2022-01-27 19:22:53,367:INFO:create_model_container: 11
2022-01-27 19:22:53,367:INFO:master_model_container: 11
2022-01-27 19:22:53,367:INFO:display_container: 2
2022-01-27 19:22:53,368:INFO:LinearDiscriminantAnalysis(n_components=None, priors=None, shrinkage=None,
                           solver='svd', store_covariance=False, tol=0.0001)
2022-01-27 19:22:53,368:INFO:create_model() succesfully completed......................................
2022-01-27 19:22:53,441:INFO:SubProcess create_model() end ==================================
2022-01-27 19:22:53,441:INFO:Creating metrics dataframe
2022-01-27 19:22:53,480:INFO:Initializing Extra Trees Classifier
2022-01-27 19:22:53,480:INFO:Total runtime is 0.7942285259564718 minutes
2022-01-27 19:22:53,490:INFO:SubProcess create_model() called ==================================
2022-01-27 19:22:53,490:INFO:Initializing create_model()
2022-01-27 19:22:53,491:INFO:create_model(estimator=et, fold=StratifiedKFold(n_splits=10, random_state=None, shuffle=False), round=4, cross_validation=True, predict=True, fit_kwargs={}, groups=None, refit=False, verbose=False, system=False, metrics=None, add_to_model_list=True, probability_threshold=None, display=<pycaret.internal.Display.Display object at 0x00000227E1F8B820>, kwargs={})
2022-01-27 19:22:53,491:INFO:Checking exceptions
2022-01-27 19:22:53,491:INFO:Importing libraries
2022-01-27 19:22:53,491:INFO:Copying training dataset
2022-01-27 19:22:53,492:INFO:Defining folds
2022-01-27 19:22:53,492:INFO:Declaring metric variables
2022-01-27 19:22:53,502:INFO:Importing untrained model
2022-01-27 19:22:53,510:INFO:Extra Trees Classifier Imported succesfully
2022-01-27 19:22:53,536:INFO:Starting cross validation
2022-01-27 19:22:53,537:INFO:Cross validating with StratifiedKFold(n_splits=10, random_state=None, shuffle=False), n_jobs=-1
2022-01-27 19:23:01,058:INFO:Calculating mean and std
2022-01-27 19:23:01,059:INFO:Creating metrics dataframe
2022-01-27 19:23:01,130:INFO:Uploading results into container
2022-01-27 19:23:01,130:INFO:Uploading model into container now
2022-01-27 19:23:01,130:INFO:create_model_container: 12
2022-01-27 19:23:01,131:INFO:master_model_container: 12
2022-01-27 19:23:01,131:INFO:display_container: 2
2022-01-27 19:23:01,132:INFO:ExtraTreesClassifier(bootstrap=False, ccp_alpha=0.0, class_weight=None,
                     criterion='gini', max_depth=None, max_features='auto',
                     max_leaf_nodes=None, max_samples=None,
                     min_impurity_decrease=0.0, min_impurity_split=None,
                     min_samples_leaf=1, min_samples_split=2,
                     min_weight_fraction_leaf=0.0, n_estimators=100, n_jobs=-1,
                     oob_score=False, random_state=786, verbose=0,
                     warm_start=False)
2022-01-27 19:23:01,132:INFO:create_model() succesfully completed......................................
2022-01-27 19:23:01,214:INFO:SubProcess create_model() end ==================================
2022-01-27 19:23:01,214:INFO:Creating metrics dataframe
2022-01-27 19:23:01,259:INFO:Initializing Light Gradient Boosting Machine
2022-01-27 19:23:01,260:INFO:Total runtime is 0.9238959034283956 minutes
2022-01-27 19:23:01,271:INFO:SubProcess create_model() called ==================================
2022-01-27 19:23:01,272:INFO:Initializing create_model()
2022-01-27 19:23:01,272:INFO:create_model(estimator=lightgbm, fold=StratifiedKFold(n_splits=10, random_state=None, shuffle=False), round=4, cross_validation=True, predict=True, fit_kwargs={}, groups=None, refit=False, verbose=False, system=False, metrics=None, add_to_model_list=True, probability_threshold=None, display=<pycaret.internal.Display.Display object at 0x00000227E1F8B820>, kwargs={})
2022-01-27 19:23:01,272:INFO:Checking exceptions
2022-01-27 19:23:01,272:INFO:Importing libraries
2022-01-27 19:23:01,272:INFO:Copying training dataset
2022-01-27 19:23:01,274:INFO:Defining folds
2022-01-27 19:23:01,274:INFO:Declaring metric variables
2022-01-27 19:23:01,285:INFO:Importing untrained model
2022-01-27 19:23:01,294:INFO:Light Gradient Boosting Machine Imported succesfully
2022-01-27 19:23:01,318:INFO:Starting cross validation
2022-01-27 19:23:01,320:INFO:Cross validating with StratifiedKFold(n_splits=10, random_state=None, shuffle=False), n_jobs=-1
2022-01-27 19:23:03,869:INFO:Calculating mean and std
2022-01-27 19:23:03,872:INFO:Creating metrics dataframe
2022-01-27 19:23:03,934:INFO:Uploading results into container
2022-01-27 19:23:03,934:INFO:Uploading model into container now
2022-01-27 19:23:03,934:INFO:create_model_container: 13
2022-01-27 19:23:03,935:INFO:master_model_container: 13
2022-01-27 19:23:03,935:INFO:display_container: 2
2022-01-27 19:23:03,935:INFO:LGBMClassifier(boosting_type='gbdt', class_weight=None, colsample_bytree=1.0,
               importance_type='split', learning_rate=0.1, max_depth=-1,
               min_child_samples=20, min_child_weight=0.001, min_split_gain=0.0,
               n_estimators=100, n_jobs=-1, num_leaves=31, objective=None,
               random_state=786, reg_alpha=0.0, reg_lambda=0.0, silent='warn',
               subsample=1.0, subsample_for_bin=200000, subsample_freq=0)
2022-01-27 19:23:03,935:INFO:create_model() succesfully completed......................................
2022-01-27 19:23:04,001:INFO:SubProcess create_model() end ==================================
2022-01-27 19:23:04,001:INFO:Creating metrics dataframe
2022-01-27 19:23:04,038:INFO:Initializing Dummy Classifier
2022-01-27 19:23:04,038:INFO:Total runtime is 0.97018829981486 minutes
2022-01-27 19:23:04,045:INFO:SubProcess create_model() called ==================================
2022-01-27 19:23:04,046:INFO:Initializing create_model()
2022-01-27 19:23:04,046:INFO:create_model(estimator=dummy, fold=StratifiedKFold(n_splits=10, random_state=None, shuffle=False), round=4, cross_validation=True, predict=True, fit_kwargs={}, groups=None, refit=False, verbose=False, system=False, metrics=None, add_to_model_list=True, probability_threshold=None, display=<pycaret.internal.Display.Display object at 0x00000227E1F8B820>, kwargs={})
2022-01-27 19:23:04,046:INFO:Checking exceptions
2022-01-27 19:23:04,046:INFO:Importing libraries
2022-01-27 19:23:04,046:INFO:Copying training dataset
2022-01-27 19:23:04,048:INFO:Defining folds
2022-01-27 19:23:04,049:INFO:Declaring metric variables
2022-01-27 19:23:04,057:INFO:Importing untrained model
2022-01-27 19:23:04,066:INFO:Dummy Classifier Imported succesfully
2022-01-27 19:23:04,085:INFO:Starting cross validation
2022-01-27 19:23:04,086:INFO:Cross validating with StratifiedKFold(n_splits=10, random_state=None, shuffle=False), n_jobs=-1
2022-01-27 19:23:04,531:INFO:Calculating mean and std
2022-01-27 19:23:04,535:INFO:Creating metrics dataframe
2022-01-27 19:23:04,616:INFO:Uploading results into container
2022-01-27 19:23:04,616:INFO:Uploading model into container now
2022-01-27 19:23:04,616:INFO:create_model_container: 14
2022-01-27 19:23:04,616:INFO:master_model_container: 14
2022-01-27 19:23:04,616:INFO:display_container: 2
2022-01-27 19:23:04,616:INFO:DummyClassifier(constant=None, random_state=786, strategy='prior')
2022-01-27 19:23:04,617:INFO:create_model() succesfully completed......................................
2022-01-27 19:23:04,683:INFO:SubProcess create_model() end ==================================
2022-01-27 19:23:04,683:INFO:Creating metrics dataframe
2022-01-27 19:23:04,734:INFO:Initializing create_model()
2022-01-27 19:23:04,734:INFO:create_model(estimator=DummyClassifier(constant=None, random_state=786, strategy='prior'), fold=StratifiedKFold(n_splits=10, random_state=None, shuffle=False), round=4, cross_validation=False, predict=False, fit_kwargs={}, groups=None, refit=True, verbose=False, system=False, metrics=None, add_to_model_list=True, probability_threshold=None, display=None, kwargs={})
2022-01-27 19:23:04,734:INFO:Checking exceptions
2022-01-27 19:23:04,734:INFO:Importing libraries
2022-01-27 19:23:04,734:INFO:Copying training dataset
2022-01-27 19:23:04,735:INFO:Defining folds
2022-01-27 19:23:04,735:INFO:Declaring metric variables
2022-01-27 19:23:04,735:INFO:Importing untrained model
2022-01-27 19:23:04,735:INFO:Declaring custom model
2022-01-27 19:23:04,736:INFO:Dummy Classifier Imported succesfully
2022-01-27 19:23:04,736:INFO:Cross validation set to False
2022-01-27 19:23:04,736:INFO:Fitting Model
2022-01-27 19:23:04,802:INFO:DummyClassifier(constant=None, random_state=786, strategy='prior')
2022-01-27 19:23:04,802:INFO:create_models() succesfully completed......................................
2022-01-27 19:23:04,896:INFO:create_model_container: 14
2022-01-27 19:23:04,897:INFO:master_model_container: 14
2022-01-27 19:23:04,897:INFO:display_container: 2
2022-01-27 19:23:04,897:INFO:DummyClassifier(constant=None, random_state=786, strategy='prior')
2022-01-27 19:23:04,898:INFO:compare_models() succesfully completed......................................
2022-01-27 19:25:01,868:INFO:gpu_param set to False
2022-01-27 19:25:02,014:WARNING:Couldn't import xgboost.XGBClassifier
2022-01-27 19:25:02,016:WARNING:Couldn't import catboost.CatBoostClassifier
2022-01-27 19:30:23,137:INFO:Initializing create_model()
2022-01-27 19:30:23,137:INFO:create_model(estimator=lightgbm, fold=None, round=4, cross_validation=True, predict=True, fit_kwargs=None, groups=None, refit=True, verbose=False, system=True, metrics=None, add_to_model_list=True, probability_threshold=None, display=None, kwargs={})
2022-01-27 19:30:23,138:INFO:Checking exceptions
2022-01-27 19:30:23,138:INFO:Importing libraries
2022-01-27 19:30:23,138:INFO:Copying training dataset
2022-01-27 19:30:23,140:INFO:Defining folds
2022-01-27 19:30:23,140:INFO:Declaring metric variables
2022-01-27 19:30:23,140:INFO:Importing untrained model
2022-01-27 19:30:23,141:INFO:Light Gradient Boosting Machine Imported succesfully
2022-01-27 19:30:23,141:INFO:Starting cross validation
2022-01-27 19:30:23,142:INFO:Cross validating with StratifiedKFold(n_splits=10, random_state=None, shuffle=False), n_jobs=-1
2022-01-27 19:30:33,881:INFO:Calculating mean and std
2022-01-27 19:30:33,881:INFO:Creating metrics dataframe
2022-01-27 19:30:33,940:INFO:Finalizing model
2022-01-27 19:30:34,414:INFO:Uploading results into container
2022-01-27 19:30:34,414:INFO:Uploading model into container now
2022-01-27 19:30:34,414:INFO:create_model_container: 15
2022-01-27 19:30:34,414:INFO:master_model_container: 15
2022-01-27 19:30:34,415:INFO:display_container: 3
2022-01-27 19:30:34,416:INFO:LGBMClassifier(boosting_type='gbdt', class_weight=None, colsample_bytree=1.0,
               importance_type='split', learning_rate=0.1, max_depth=-1,
               min_child_samples=20, min_child_weight=0.001, min_split_gain=0.0,
               n_estimators=100, n_jobs=-1, num_leaves=31, objective=None,
               random_state=786, reg_alpha=0.0, reg_lambda=0.0, silent='warn',
               subsample=1.0, subsample_for_bin=200000, subsample_freq=0)
2022-01-27 19:30:34,416:INFO:create_model() succesfully completed......................................
2022-01-27 19:30:34,521:INFO:Initializing tune_model()
2022-01-27 19:30:34,521:INFO:tune_model(estimator=LGBMClassifier(boosting_type='gbdt', class_weight=None, colsample_bytree=1.0,
               importance_type='split', learning_rate=0.1, max_depth=-1,
               min_child_samples=20, min_child_weight=0.001, min_split_gain=0.0,
               n_estimators=100, n_jobs=-1, num_leaves=31, objective=None,
               random_state=786, reg_alpha=0.0, reg_lambda=0.0, silent='warn',
               subsample=1.0, subsample_for_bin=200000, subsample_freq=0), fold=None, round=4, n_iter=10, custom_grid=None, optimize=Accuracy, custom_scorer=None, search_library=scikit-learn, search_algorithm=None, early_stopping=False, early_stopping_max_iters=10, choose_better=False, fit_kwargs=None, groups=None, return_tuner=False, verbose=True, tuner_verbose=True, display=None, kwargs={})
2022-01-27 19:30:34,521:INFO:Checking exceptions
2022-01-27 19:30:34,522:INFO:Preparing display monitor
2022-01-27 19:30:34,544:INFO:Copying training dataset
2022-01-27 19:30:34,546:INFO:Checking base model
2022-01-27 19:30:34,547:INFO:Base model : Light Gradient Boosting Machine
2022-01-27 19:30:34,558:INFO:Declaring metric variables
2022-01-27 19:30:34,568:INFO:Defining Hyperparameters
2022-01-27 19:30:34,658:INFO:Tuning with n_jobs=-1
2022-01-27 19:30:34,658:INFO:Initializing RandomizedSearchCV
2022-01-27 19:30:54,788:INFO:best_params: {'actual_estimator__reg_lambda': 0.2, 'actual_estimator__reg_alpha': 0.05, 'actual_estimator__num_leaves': 6, 'actual_estimator__n_estimators': 30, 'actual_estimator__min_split_gain': 0.6, 'actual_estimator__min_child_samples': 91, 'actual_estimator__learning_rate': 0.4, 'actual_estimator__feature_fraction': 0.9, 'actual_estimator__bagging_freq': 0, 'actual_estimator__bagging_fraction': 1.0}
2022-01-27 19:30:54,789:INFO:Hyperparameter search completed
2022-01-27 19:30:54,789:INFO:SubProcess create_model() called ==================================
2022-01-27 19:30:54,790:INFO:Initializing create_model()
2022-01-27 19:30:54,790:INFO:create_model(estimator=LGBMClassifier(boosting_type='gbdt', class_weight=None, colsample_bytree=1.0,
               importance_type='split', learning_rate=0.1, max_depth=-1,
               min_child_samples=20, min_child_weight=0.001, min_split_gain=0.0,
               n_estimators=100, n_jobs=-1, num_leaves=31, objective=None,
               random_state=786, reg_alpha=0.0, reg_lambda=0.0, silent='warn',
               subsample=1.0, subsample_for_bin=200000, subsample_freq=0), fold=StratifiedKFold(n_splits=10, random_state=None, shuffle=False), round=4, cross_validation=True, predict=True, fit_kwargs={}, groups=None, refit=True, verbose=True, system=False, metrics=None, add_to_model_list=True, probability_threshold=None, display=<pycaret.internal.Display.Display object at 0x00000227E1975490>, kwargs={'reg_lambda': 0.2, 'reg_alpha': 0.05, 'num_leaves': 6, 'n_estimators': 30, 'min_split_gain': 0.6, 'min_child_samples': 91, 'learning_rate': 0.4, 'feature_fraction': 0.9, 'bagging_freq': 0, 'bagging_fraction': 1.0})
2022-01-27 19:30:54,790:INFO:Checking exceptions
2022-01-27 19:30:54,790:INFO:Importing libraries
2022-01-27 19:30:54,790:INFO:Copying training dataset
2022-01-27 19:30:54,792:INFO:Defining folds
2022-01-27 19:30:54,792:INFO:Declaring metric variables
2022-01-27 19:30:54,804:INFO:Importing untrained model
2022-01-27 19:30:54,804:INFO:Declaring custom model
2022-01-27 19:30:54,816:INFO:Light Gradient Boosting Machine Imported succesfully
2022-01-27 19:30:54,841:INFO:Starting cross validation
2022-01-27 19:30:54,842:INFO:Cross validating with StratifiedKFold(n_splits=10, random_state=None, shuffle=False), n_jobs=-1
2022-01-27 19:30:55,830:INFO:Calculating mean and std
2022-01-27 19:30:55,831:INFO:Creating metrics dataframe
2022-01-27 19:30:55,901:INFO:Finalizing model
2022-01-27 19:30:56,113:INFO:Uploading results into container
2022-01-27 19:30:56,113:INFO:Uploading model into container now
2022-01-27 19:30:56,113:INFO:create_model_container: 16
2022-01-27 19:30:56,113:INFO:master_model_container: 16
2022-01-27 19:30:56,114:INFO:display_container: 4
2022-01-27 19:30:56,115:INFO:LGBMClassifier(bagging_fraction=1.0, bagging_freq=0, boosting_type='gbdt',
               class_weight=None, colsample_bytree=1.0, feature_fraction=0.9,
               importance_type='split', learning_rate=0.4, max_depth=-1,
               min_child_samples=91, min_child_weight=0.001, min_split_gain=0.6,
               n_estimators=30, n_jobs=-1, num_leaves=6, objective=None,
               random_state=786, reg_alpha=0.05, reg_lambda=0.2, silent='warn',
               subsample=1.0, subsample_for_bin=200000, subsample_freq=0)
2022-01-27 19:30:56,115:INFO:create_model() succesfully completed......................................
2022-01-27 19:30:56,221:INFO:SubProcess create_model() end ==================================
2022-01-27 19:30:56,261:INFO:create_model_container: 16
2022-01-27 19:30:56,261:INFO:master_model_container: 16
2022-01-27 19:30:56,261:INFO:display_container: 4
2022-01-27 19:30:56,262:INFO:LGBMClassifier(bagging_fraction=1.0, bagging_freq=0, boosting_type='gbdt',
               class_weight=None, colsample_bytree=1.0, feature_fraction=0.9,
               importance_type='split', learning_rate=0.4, max_depth=-1,
               min_child_samples=91, min_child_weight=0.001, min_split_gain=0.6,
               n_estimators=30, n_jobs=-1, num_leaves=6, objective=None,
               random_state=786, reg_alpha=0.05, reg_lambda=0.2, silent='warn',
               subsample=1.0, subsample_for_bin=200000, subsample_freq=0)
2022-01-27 19:30:56,263:INFO:tune_model() succesfully completed......................................
2022-01-27 19:31:06,962:INFO:Initializing plot_model()
2022-01-27 19:31:06,963:INFO:plot_model(fold=None, use_train_data=False, verbose=True, is_in_evaluate=False, display=None, display_format=None, estimator=LGBMClassifier(bagging_fraction=1.0, bagging_freq=0, boosting_type='gbdt',
               class_weight=None, colsample_bytree=1.0, feature_fraction=0.9,
               importance_type='split', learning_rate=0.4, max_depth=-1,
               min_child_samples=91, min_child_weight=0.001, min_split_gain=0.6,
               n_estimators=30, n_jobs=-1, num_leaves=6, objective=None,
               random_state=786, reg_alpha=0.05, reg_lambda=0.2, silent='warn',
               subsample=1.0, subsample_for_bin=200000, subsample_freq=0), feature_name=None, fit_kwargs=None, groups=None, label=False, plot=confusion_matrix, plot_kwargs=None, save=False, scale=1, system=True)
2022-01-27 19:31:06,963:INFO:Checking exceptions
2022-01-27 19:31:06,965:INFO:Preparing display monitor
2022-01-27 19:31:06,973:INFO:Preloading libraries
2022-01-27 19:31:06,978:INFO:Copying training dataset
2022-01-27 19:31:06,979:INFO:Copying test dataset
2022-01-27 19:31:06,979:INFO:Plot type: confusion_matrix
2022-01-27 19:31:06,982:INFO:Initializing get_config()
2022-01-27 19:31:06,982:INFO:get_config(variable=prep_pipe)
2022-01-27 19:31:06,989:INFO:Global variable: prep_pipe returned as Pipeline(memory=None,
         steps=[('dtypes',
                 DataTypes_Auto_infer(categorical_features=[],
                                      display_types=True, features_todrop=[],
                                      id_columns=[],
                                      ml_usecase='classification',
                                      numerical_features=[],
                                      target='class_pred', time_features=[])),
                ('imputer',
                 Simple_Imputer(categorical_strategy='not_available',
                                fill_value_categorical=None,
                                fill_value_numerical=None,
                                numeric_s...
                ('scaling', 'passthrough'), ('P_transform', 'passthrough'),
                ('binn', 'passthrough'), ('rem_outliers', 'passthrough'),
                ('cluster_all', 'passthrough'),
                ('dummy', Dummify(target='class_pred')),
                ('fix_perfect', Remove_100(target='class_pred')),
                ('clean_names', Clean_Colum_Names()),
                ('feature_select', 'passthrough'), ('fix_multi', 'passthrough'),
                ('dfs', 'passthrough'), ('pca', 'passthrough')],
         verbose=False)
2022-01-27 19:31:06,989:INFO:get_config() succesfully completed......................................
2022-01-27 19:31:06,990:INFO:Fitting Model
2022-01-27 19:31:06,991:INFO:Scoring test/hold-out set
2022-01-27 19:31:07,163:INFO:Visual Rendered Successfully
2022-01-27 19:31:07,236:INFO:plot_model() succesfully completed......................................
2022-01-27 19:34:46,352:INFO:Initializing create_model()
2022-01-27 19:34:46,353:INFO:create_model(estimator=lightgbm, fold=None, round=4, cross_validation=True, predict=True, fit_kwargs=None, groups=None, refit=True, verbose=False, system=True, metrics=None, add_to_model_list=True, probability_threshold=None, display=None, kwargs={})
2022-01-27 19:34:46,353:INFO:Checking exceptions
2022-01-27 19:34:46,354:INFO:Importing libraries
2022-01-27 19:34:46,354:INFO:Copying training dataset
2022-01-27 19:34:46,355:INFO:Defining folds
2022-01-27 19:34:46,356:INFO:Declaring metric variables
2022-01-27 19:34:46,356:INFO:Importing untrained model
2022-01-27 19:34:46,357:INFO:Light Gradient Boosting Machine Imported succesfully
2022-01-27 19:34:46,357:INFO:Starting cross validation
2022-01-27 19:34:46,358:INFO:Cross validating with StratifiedKFold(n_splits=10, random_state=None, shuffle=False), n_jobs=-1
2022-01-27 19:34:48,123:INFO:Calculating mean and std
2022-01-27 19:34:48,124:INFO:Creating metrics dataframe
2022-01-27 19:34:48,220:INFO:Finalizing model
2022-01-27 19:34:48,523:INFO:Uploading results into container
2022-01-27 19:34:48,523:INFO:Uploading model into container now
2022-01-27 19:34:48,523:INFO:create_model_container: 17
2022-01-27 19:34:48,523:INFO:master_model_container: 17
2022-01-27 19:34:48,523:INFO:display_container: 5
2022-01-27 19:34:48,524:INFO:LGBMClassifier(boosting_type='gbdt', class_weight=None, colsample_bytree=1.0,
               importance_type='split', learning_rate=0.1, max_depth=-1,
               min_child_samples=20, min_child_weight=0.001, min_split_gain=0.0,
               n_estimators=100, n_jobs=-1, num_leaves=31, objective=None,
               random_state=786, reg_alpha=0.0, reg_lambda=0.0, silent='warn',
               subsample=1.0, subsample_for_bin=200000, subsample_freq=0)
2022-01-27 19:34:48,524:INFO:create_model() succesfully completed......................................
2022-01-27 19:34:48,603:INFO:Initializing tune_model()
2022-01-27 19:34:48,603:INFO:tune_model(estimator=LGBMClassifier(boosting_type='gbdt', class_weight=None, colsample_bytree=1.0,
               importance_type='split', learning_rate=0.1, max_depth=-1,
               min_child_samples=20, min_child_weight=0.001, min_split_gain=0.0,
               n_estimators=100, n_jobs=-1, num_leaves=31, objective=None,
               random_state=786, reg_alpha=0.0, reg_lambda=0.0, silent='warn',
               subsample=1.0, subsample_for_bin=200000, subsample_freq=0), fold=None, round=4, n_iter=10, custom_grid=None, optimize=Recall, custom_scorer=None, search_library=scikit-learn, search_algorithm=None, early_stopping=False, early_stopping_max_iters=10, choose_better=False, fit_kwargs=None, groups=None, return_tuner=False, verbose=True, tuner_verbose=True, display=None, kwargs={})
2022-01-27 19:34:48,603:INFO:Checking exceptions
2022-01-27 19:34:48,604:INFO:Preparing display monitor
2022-01-27 19:34:48,622:INFO:Copying training dataset
2022-01-27 19:34:48,623:INFO:Checking base model
2022-01-27 19:34:48,623:INFO:Base model : Light Gradient Boosting Machine
2022-01-27 19:34:48,629:INFO:Declaring metric variables
2022-01-27 19:34:48,636:INFO:Defining Hyperparameters
2022-01-27 19:34:48,707:INFO:Tuning with n_jobs=-1
2022-01-27 19:34:48,707:INFO:Initializing RandomizedSearchCV
2022-01-27 19:35:07,709:INFO:best_params: {'actual_estimator__reg_lambda': 3, 'actual_estimator__reg_alpha': 0.001, 'actual_estimator__num_leaves': 4, 'actual_estimator__n_estimators': 30, 'actual_estimator__min_split_gain': 0.6, 'actual_estimator__min_child_samples': 56, 'actual_estimator__learning_rate': 0.005, 'actual_estimator__feature_fraction': 0.7, 'actual_estimator__bagging_freq': 1, 'actual_estimator__bagging_fraction': 0.5}
2022-01-27 19:35:07,710:INFO:Hyperparameter search completed
2022-01-27 19:35:07,710:INFO:SubProcess create_model() called ==================================
2022-01-27 19:35:07,712:INFO:Initializing create_model()
2022-01-27 19:35:07,712:INFO:create_model(estimator=LGBMClassifier(boosting_type='gbdt', class_weight=None, colsample_bytree=1.0,
               importance_type='split', learning_rate=0.1, max_depth=-1,
               min_child_samples=20, min_child_weight=0.001, min_split_gain=0.0,
               n_estimators=100, n_jobs=-1, num_leaves=31, objective=None,
               random_state=786, reg_alpha=0.0, reg_lambda=0.0, silent='warn',
               subsample=1.0, subsample_for_bin=200000, subsample_freq=0), fold=StratifiedKFold(n_splits=10, random_state=None, shuffle=False), round=4, cross_validation=True, predict=True, fit_kwargs={}, groups=None, refit=True, verbose=True, system=False, metrics=None, add_to_model_list=True, probability_threshold=None, display=<pycaret.internal.Display.Display object at 0x00000227E31C41F0>, kwargs={'reg_lambda': 3, 'reg_alpha': 0.001, 'num_leaves': 4, 'n_estimators': 30, 'min_split_gain': 0.6, 'min_child_samples': 56, 'learning_rate': 0.005, 'feature_fraction': 0.7, 'bagging_freq': 1, 'bagging_fraction': 0.5})
2022-01-27 19:35:07,712:INFO:Checking exceptions
2022-01-27 19:35:07,712:INFO:Importing libraries
2022-01-27 19:35:07,712:INFO:Copying training dataset
2022-01-27 19:35:07,714:INFO:Defining folds
2022-01-27 19:35:07,714:INFO:Declaring metric variables
2022-01-27 19:35:07,724:INFO:Importing untrained model
2022-01-27 19:35:07,724:INFO:Declaring custom model
2022-01-27 19:35:07,736:INFO:Light Gradient Boosting Machine Imported succesfully
2022-01-27 19:35:07,756:INFO:Starting cross validation
2022-01-27 19:35:07,757:INFO:Cross validating with StratifiedKFold(n_splits=10, random_state=None, shuffle=False), n_jobs=-1
2022-01-27 19:35:08,836:INFO:Calculating mean and std
2022-01-27 19:35:08,837:INFO:Creating metrics dataframe
2022-01-27 19:35:08,889:INFO:Finalizing model
2022-01-27 19:35:09,064:INFO:Uploading results into container
2022-01-27 19:35:09,064:INFO:Uploading model into container now
2022-01-27 19:35:09,064:INFO:create_model_container: 18
2022-01-27 19:35:09,064:INFO:master_model_container: 18
2022-01-27 19:35:09,065:INFO:display_container: 6
2022-01-27 19:35:09,065:INFO:LGBMClassifier(bagging_fraction=0.5, bagging_freq=1, boosting_type='gbdt',
               class_weight=None, colsample_bytree=1.0, feature_fraction=0.7,
               importance_type='split', learning_rate=0.005, max_depth=-1,
               min_child_samples=56, min_child_weight=0.001, min_split_gain=0.6,
               n_estimators=30, n_jobs=-1, num_leaves=4, objective=None,
               random_state=786, reg_alpha=0.001, reg_lambda=3, silent='warn',
               subsample=1.0, subsample_for_bin=200000, subsample_freq=0)
2022-01-27 19:35:09,066:INFO:create_model() succesfully completed......................................
2022-01-27 19:35:09,158:INFO:SubProcess create_model() end ==================================
2022-01-27 19:35:09,189:INFO:create_model_container: 18
2022-01-27 19:35:09,189:INFO:master_model_container: 18
2022-01-27 19:35:09,189:INFO:display_container: 6
2022-01-27 19:35:09,190:INFO:LGBMClassifier(bagging_fraction=0.5, bagging_freq=1, boosting_type='gbdt',
               class_weight=None, colsample_bytree=1.0, feature_fraction=0.7,
               importance_type='split', learning_rate=0.005, max_depth=-1,
               min_child_samples=56, min_child_weight=0.001, min_split_gain=0.6,
               n_estimators=30, n_jobs=-1, num_leaves=4, objective=None,
               random_state=786, reg_alpha=0.001, reg_lambda=3, silent='warn',
               subsample=1.0, subsample_for_bin=200000, subsample_freq=0)
2022-01-27 19:35:09,190:INFO:tune_model() succesfully completed......................................
2022-01-27 19:35:18,466:INFO:Initializing plot_model()
2022-01-27 19:35:18,466:INFO:plot_model(fold=None, use_train_data=False, verbose=True, is_in_evaluate=False, display=None, display_format=None, estimator=LGBMClassifier(bagging_fraction=0.5, bagging_freq=1, boosting_type='gbdt',
               class_weight=None, colsample_bytree=1.0, feature_fraction=0.7,
               importance_type='split', learning_rate=0.005, max_depth=-1,
               min_child_samples=56, min_child_weight=0.001, min_split_gain=0.6,
               n_estimators=30, n_jobs=-1, num_leaves=4, objective=None,
               random_state=786, reg_alpha=0.001, reg_lambda=3, silent='warn',
               subsample=1.0, subsample_for_bin=200000, subsample_freq=0), feature_name=None, fit_kwargs=None, groups=None, label=False, plot=confusion_matrix, plot_kwargs=None, save=False, scale=1, system=True)
2022-01-27 19:35:18,466:INFO:Checking exceptions
2022-01-27 19:35:18,467:INFO:Preparing display monitor
2022-01-27 19:35:18,474:INFO:Preloading libraries
2022-01-27 19:35:18,479:INFO:Copying training dataset
2022-01-27 19:35:18,480:INFO:Copying test dataset
2022-01-27 19:35:18,480:INFO:Plot type: confusion_matrix
2022-01-27 19:35:18,483:INFO:Initializing get_config()
2022-01-27 19:35:18,483:INFO:get_config(variable=prep_pipe)
2022-01-27 19:35:18,490:INFO:Global variable: prep_pipe returned as Pipeline(memory=None,
         steps=[('dtypes',
                 DataTypes_Auto_infer(categorical_features=[],
                                      display_types=True, features_todrop=[],
                                      id_columns=[],
                                      ml_usecase='classification',
                                      numerical_features=[],
                                      target='class_pred', time_features=[])),
                ('imputer',
                 Simple_Imputer(categorical_strategy='not_available',
                                fill_value_categorical=None,
                                fill_value_numerical=None,
                                numeric_s...
                ('scaling', 'passthrough'), ('P_transform', 'passthrough'),
                ('binn', 'passthrough'), ('rem_outliers', 'passthrough'),
                ('cluster_all', 'passthrough'),
                ('dummy', Dummify(target='class_pred')),
                ('fix_perfect', Remove_100(target='class_pred')),
                ('clean_names', Clean_Colum_Names()),
                ('feature_select', 'passthrough'), ('fix_multi', 'passthrough'),
                ('dfs', 'passthrough'), ('pca', 'passthrough')],
         verbose=False)
2022-01-27 19:35:18,490:INFO:get_config() succesfully completed......................................
2022-01-27 19:35:18,491:INFO:Fitting Model
2022-01-27 19:35:18,492:INFO:Scoring test/hold-out set
2022-01-27 19:35:18,644:INFO:Visual Rendered Successfully
2022-01-27 19:35:18,720:INFO:plot_model() succesfully completed......................................
2022-01-27 19:35:36,468:INFO:Initializing plot_model()
2022-01-27 19:35:36,469:INFO:plot_model(fold=None, use_train_data=False, verbose=True, is_in_evaluate=False, display=None, display_format=None, estimator=LGBMClassifier(bagging_fraction=0.5, bagging_freq=1, boosting_type='gbdt',
               class_weight=None, colsample_bytree=1.0, feature_fraction=0.7,
               importance_type='split', learning_rate=0.005, max_depth=-1,
               min_child_samples=56, min_child_weight=0.001, min_split_gain=0.6,
               n_estimators=30, n_jobs=-1, num_leaves=4, objective=None,
               random_state=786, reg_alpha=0.001, reg_lambda=3, silent='warn',
               subsample=1.0, subsample_for_bin=200000, subsample_freq=0), feature_name=None, fit_kwargs=None, groups=None, label=False, plot=feature, plot_kwargs=None, save=False, scale=1, system=True)
2022-01-27 19:35:36,469:INFO:Checking exceptions
2022-01-27 19:35:36,470:INFO:Preparing display monitor
2022-01-27 19:35:36,476:INFO:Preloading libraries
2022-01-27 19:35:36,479:INFO:Copying training dataset
2022-01-27 19:35:36,481:INFO:Copying test dataset
2022-01-27 19:35:36,481:INFO:Plot type: feature
2022-01-27 19:35:36,483:WARNING:No coef_ found. Trying feature_importances_
2022-01-27 19:35:36,728:INFO:Visual Rendered Successfully
2022-01-27 19:35:36,793:INFO:plot_model() succesfully completed......................................
2022-01-27 19:37:44,637:INFO:Initializing predict_model()
2022-01-27 19:37:44,638:INFO:predict_model(estimator=LGBMClassifier(bagging_fraction=0.5, bagging_freq=1, boosting_type='gbdt',
               class_weight=None, colsample_bytree=1.0, feature_fraction=0.7,
               importance_type='split', learning_rate=0.005, max_depth=-1,
               min_child_samples=56, min_child_weight=0.001, min_split_gain=0.6,
               n_estimators=30, n_jobs=-1, num_leaves=4, objective=None,
               random_state=786, reg_alpha=0.001, reg_lambda=3, silent='warn',
               subsample=1.0, subsample_for_bin=200000, subsample_freq=0), probability_threshold=None, encoded_labels=False, drift_report=False, raw_score=False, round=4, verbose=True, ml_usecase=MLUsecase.CLASSIFICATION, display=None)
2022-01-27 19:37:44,638:INFO:Checking exceptions
2022-01-27 19:37:44,638:INFO:Preloading libraries
2022-01-27 19:37:44,638:INFO:Preparing display monitor
2022-01-27 19:42:01,711:INFO:Initializing tune_model()
2022-01-27 19:42:01,712:INFO:tune_model(estimator=LGBMClassifier(boosting_type='gbdt', class_weight=None, colsample_bytree=1.0,
               importance_type='split', learning_rate=0.1, max_depth=-1,
               min_child_samples=20, min_child_weight=0.001, min_split_gain=0.0,
               n_estimators=100, n_jobs=-1, num_leaves=31, objective=None,
               random_state=786, reg_alpha=0.0, reg_lambda=0.0, silent='warn',
               subsample=1.0, subsample_for_bin=200000, subsample_freq=0), fold=None, round=4, n_iter=10, custom_grid=None, optimize=Accuracy, custom_scorer=None, search_library=scikit-learn, search_algorithm=None, early_stopping=False, early_stopping_max_iters=10, choose_better=False, fit_kwargs=None, groups=None, return_tuner=False, verbose=True, tuner_verbose=True, display=None, kwargs={})
2022-01-27 19:42:01,712:INFO:Checking exceptions
2022-01-27 19:42:01,713:INFO:Preparing display monitor
2022-01-27 19:42:01,729:INFO:Copying training dataset
2022-01-27 19:42:01,731:INFO:Checking base model
2022-01-27 19:42:01,731:INFO:Base model : Light Gradient Boosting Machine
2022-01-27 19:42:01,740:INFO:Declaring metric variables
2022-01-27 19:42:01,746:INFO:Defining Hyperparameters
2022-01-27 19:42:01,833:INFO:Tuning with n_jobs=-1
2022-01-27 19:42:01,833:INFO:Initializing RandomizedSearchCV
2022-01-27 19:42:29,684:INFO:best_params: {'actual_estimator__reg_lambda': 0.2, 'actual_estimator__reg_alpha': 0.05, 'actual_estimator__num_leaves': 6, 'actual_estimator__n_estimators': 30, 'actual_estimator__min_split_gain': 0.6, 'actual_estimator__min_child_samples': 91, 'actual_estimator__learning_rate': 0.4, 'actual_estimator__feature_fraction': 0.9, 'actual_estimator__bagging_freq': 0, 'actual_estimator__bagging_fraction': 1.0}
2022-01-27 19:42:29,685:INFO:Hyperparameter search completed
2022-01-27 19:42:29,686:INFO:SubProcess create_model() called ==================================
2022-01-27 19:42:29,688:INFO:Initializing create_model()
2022-01-27 19:42:29,688:INFO:create_model(estimator=LGBMClassifier(boosting_type='gbdt', class_weight=None, colsample_bytree=1.0,
               importance_type='split', learning_rate=0.1, max_depth=-1,
               min_child_samples=20, min_child_weight=0.001, min_split_gain=0.0,
               n_estimators=100, n_jobs=-1, num_leaves=31, objective=None,
               random_state=786, reg_alpha=0.0, reg_lambda=0.0, silent='warn',
               subsample=1.0, subsample_for_bin=200000, subsample_freq=0), fold=StratifiedKFold(n_splits=10, random_state=None, shuffle=False), round=4, cross_validation=True, predict=True, fit_kwargs={}, groups=None, refit=True, verbose=True, system=False, metrics=None, add_to_model_list=True, probability_threshold=None, display=<pycaret.internal.Display.Display object at 0x00000227E7AEDE20>, kwargs={'reg_lambda': 0.2, 'reg_alpha': 0.05, 'num_leaves': 6, 'n_estimators': 30, 'min_split_gain': 0.6, 'min_child_samples': 91, 'learning_rate': 0.4, 'feature_fraction': 0.9, 'bagging_freq': 0, 'bagging_fraction': 1.0})
2022-01-27 19:42:29,688:INFO:Checking exceptions
2022-01-27 19:42:29,689:INFO:Importing libraries
2022-01-27 19:42:29,689:INFO:Copying training dataset
2022-01-27 19:42:29,691:INFO:Defining folds
2022-01-27 19:42:29,692:INFO:Declaring metric variables
2022-01-27 19:42:29,710:INFO:Importing untrained model
2022-01-27 19:42:29,710:INFO:Declaring custom model
2022-01-27 19:42:29,729:INFO:Light Gradient Boosting Machine Imported succesfully
2022-01-27 19:42:29,764:INFO:Starting cross validation
2022-01-27 19:42:29,765:INFO:Cross validating with StratifiedKFold(n_splits=10, random_state=None, shuffle=False), n_jobs=-1
2022-01-27 19:42:30,890:INFO:Calculating mean and std
2022-01-27 19:42:30,892:INFO:Creating metrics dataframe
2022-01-27 19:42:30,966:INFO:Finalizing model
2022-01-27 19:42:31,178:INFO:Uploading results into container
2022-01-27 19:42:31,179:INFO:Uploading model into container now
2022-01-27 19:42:31,179:INFO:create_model_container: 19
2022-01-27 19:42:31,179:INFO:master_model_container: 19
2022-01-27 19:42:31,179:INFO:display_container: 7
2022-01-27 19:42:31,180:INFO:LGBMClassifier(bagging_fraction=1.0, bagging_freq=0, boosting_type='gbdt',
               class_weight=None, colsample_bytree=1.0, feature_fraction=0.9,
               importance_type='split', learning_rate=0.4, max_depth=-1,
               min_child_samples=91, min_child_weight=0.001, min_split_gain=0.6,
               n_estimators=30, n_jobs=-1, num_leaves=6, objective=None,
               random_state=786, reg_alpha=0.05, reg_lambda=0.2, silent='warn',
               subsample=1.0, subsample_for_bin=200000, subsample_freq=0)
2022-01-27 19:42:31,181:INFO:create_model() succesfully completed......................................
2022-01-27 19:42:31,288:INFO:SubProcess create_model() end ==================================
2022-01-27 19:42:31,321:INFO:create_model_container: 19
2022-01-27 19:42:31,321:INFO:master_model_container: 19
2022-01-27 19:42:31,321:INFO:display_container: 7
2022-01-27 19:42:31,322:INFO:LGBMClassifier(bagging_fraction=1.0, bagging_freq=0, boosting_type='gbdt',
               class_weight=None, colsample_bytree=1.0, feature_fraction=0.9,
               importance_type='split', learning_rate=0.4, max_depth=-1,
               min_child_samples=91, min_child_weight=0.001, min_split_gain=0.6,
               n_estimators=30, n_jobs=-1, num_leaves=6, objective=None,
               random_state=786, reg_alpha=0.05, reg_lambda=0.2, silent='warn',
               subsample=1.0, subsample_for_bin=200000, subsample_freq=0)
2022-01-27 19:42:31,322:INFO:tune_model() succesfully completed......................................
2022-01-27 19:42:44,509:INFO:Initializing plot_model()
2022-01-27 19:42:44,509:INFO:plot_model(fold=None, use_train_data=False, verbose=True, is_in_evaluate=False, display=None, display_format=None, estimator=LGBMClassifier(bagging_fraction=1.0, bagging_freq=0, boosting_type='gbdt',
               class_weight=None, colsample_bytree=1.0, feature_fraction=0.9,
               importance_type='split', learning_rate=0.4, max_depth=-1,
               min_child_samples=91, min_child_weight=0.001, min_split_gain=0.6,
               n_estimators=30, n_jobs=-1, num_leaves=6, objective=None,
               random_state=786, reg_alpha=0.05, reg_lambda=0.2, silent='warn',
               subsample=1.0, subsample_for_bin=200000, subsample_freq=0), feature_name=None, fit_kwargs=None, groups=None, label=False, plot=confusion_matrix, plot_kwargs=None, save=False, scale=1, system=True)
2022-01-27 19:42:44,509:INFO:Checking exceptions
2022-01-27 19:42:44,510:INFO:Preparing display monitor
2022-01-27 19:42:44,516:INFO:Preloading libraries
2022-01-27 19:42:44,520:INFO:Copying training dataset
2022-01-27 19:42:44,521:INFO:Copying test dataset
2022-01-27 19:42:44,522:INFO:Plot type: confusion_matrix
2022-01-27 19:42:44,524:INFO:Initializing get_config()
2022-01-27 19:42:44,524:INFO:get_config(variable=prep_pipe)
2022-01-27 19:42:44,532:INFO:Global variable: prep_pipe returned as Pipeline(memory=None,
         steps=[('dtypes',
                 DataTypes_Auto_infer(categorical_features=[],
                                      display_types=True, features_todrop=[],
                                      id_columns=[],
                                      ml_usecase='classification',
                                      numerical_features=[],
                                      target='class_pred', time_features=[])),
                ('imputer',
                 Simple_Imputer(categorical_strategy='not_available',
                                fill_value_categorical=None,
                                fill_value_numerical=None,
                                numeric_s...
                ('scaling', 'passthrough'), ('P_transform', 'passthrough'),
                ('binn', 'passthrough'), ('rem_outliers', 'passthrough'),
                ('cluster_all', 'passthrough'),
                ('dummy', Dummify(target='class_pred')),
                ('fix_perfect', Remove_100(target='class_pred')),
                ('clean_names', Clean_Colum_Names()),
                ('feature_select', 'passthrough'), ('fix_multi', 'passthrough'),
                ('dfs', 'passthrough'), ('pca', 'passthrough')],
         verbose=False)
2022-01-27 19:42:44,532:INFO:get_config() succesfully completed......................................
2022-01-27 19:42:44,533:INFO:Fitting Model
2022-01-27 19:42:44,534:INFO:Scoring test/hold-out set
2022-01-27 19:42:44,686:INFO:Visual Rendered Successfully
2022-01-27 19:42:44,761:INFO:plot_model() succesfully completed......................................
2022-01-27 19:42:50,488:INFO:Initializing plot_model()
2022-01-27 19:42:50,488:INFO:plot_model(fold=None, use_train_data=False, verbose=True, is_in_evaluate=False, display=None, display_format=None, estimator=LGBMClassifier(bagging_fraction=1.0, bagging_freq=0, boosting_type='gbdt',
               class_weight=None, colsample_bytree=1.0, feature_fraction=0.9,
               importance_type='split', learning_rate=0.4, max_depth=-1,
               min_child_samples=91, min_child_weight=0.001, min_split_gain=0.6,
               n_estimators=30, n_jobs=-1, num_leaves=6, objective=None,
               random_state=786, reg_alpha=0.05, reg_lambda=0.2, silent='warn',
               subsample=1.0, subsample_for_bin=200000, subsample_freq=0), feature_name=None, fit_kwargs=None, groups=None, label=False, plot=feature, plot_kwargs=None, save=False, scale=1, system=True)
2022-01-27 19:42:50,488:INFO:Checking exceptions
2022-01-27 19:42:50,489:INFO:Preparing display monitor
2022-01-27 19:42:50,496:INFO:Preloading libraries
2022-01-27 19:42:50,500:INFO:Copying training dataset
2022-01-27 19:42:50,501:INFO:Copying test dataset
2022-01-27 19:42:50,502:INFO:Plot type: feature
2022-01-27 19:42:50,504:WARNING:No coef_ found. Trying feature_importances_
2022-01-27 19:42:50,713:INFO:Visual Rendered Successfully
2022-01-27 19:42:50,783:INFO:plot_model() succesfully completed......................................
2022-01-27 19:43:00,982:INFO:Initializing predict_model()
2022-01-27 19:43:00,982:INFO:predict_model(estimator=LGBMClassifier(bagging_fraction=1.0, bagging_freq=0, boosting_type='gbdt',
               class_weight=None, colsample_bytree=1.0, feature_fraction=0.9,
               importance_type='split', learning_rate=0.4, max_depth=-1,
               min_child_samples=91, min_child_weight=0.001, min_split_gain=0.6,
               n_estimators=30, n_jobs=-1, num_leaves=6, objective=None,
               random_state=786, reg_alpha=0.05, reg_lambda=0.2, silent='warn',
               subsample=1.0, subsample_for_bin=200000, subsample_freq=0), probability_threshold=None, encoded_labels=False, drift_report=False, raw_score=False, round=4, verbose=True, ml_usecase=MLUsecase.CLASSIFICATION, display=None)
2022-01-27 19:43:00,982:INFO:Checking exceptions
2022-01-27 19:43:00,982:INFO:Preloading libraries
2022-01-27 19:43:00,982:INFO:Preparing display monitor
2022-01-27 19:45:15,682:INFO:Initializing tune_model()
2022-01-27 19:45:15,682:INFO:tune_model(estimator=LGBMClassifier(boosting_type='gbdt', class_weight=None, colsample_bytree=1.0,
               importance_type='split', learning_rate=0.1, max_depth=-1,
               min_child_samples=20, min_child_weight=0.001, min_split_gain=0.0,
               n_estimators=100, n_jobs=-1, num_leaves=31, objective=None,
               random_state=786, reg_alpha=0.0, reg_lambda=0.0, silent='warn',
               subsample=1.0, subsample_for_bin=200000, subsample_freq=0), fold=None, round=4, n_iter=10, custom_grid=None, optimize=Recall, custom_scorer=None, search_library=scikit-learn, search_algorithm=None, early_stopping=False, early_stopping_max_iters=10, choose_better=False, fit_kwargs=None, groups=None, return_tuner=False, verbose=True, tuner_verbose=True, display=None, kwargs={})
2022-01-27 19:45:15,682:INFO:Checking exceptions
2022-01-27 19:45:15,683:INFO:Preparing display monitor
2022-01-27 19:45:15,700:INFO:Copying training dataset
2022-01-27 19:45:15,702:INFO:Checking base model
2022-01-27 19:45:15,702:INFO:Base model : Light Gradient Boosting Machine
2022-01-27 19:45:15,709:INFO:Declaring metric variables
2022-01-27 19:45:15,715:INFO:Defining Hyperparameters
2022-01-27 19:45:15,811:INFO:Tuning with n_jobs=-1
2022-01-27 19:45:15,811:INFO:Initializing RandomizedSearchCV
2022-01-27 19:45:33,604:INFO:best_params: {'actual_estimator__reg_lambda': 3, 'actual_estimator__reg_alpha': 0.001, 'actual_estimator__num_leaves': 4, 'actual_estimator__n_estimators': 30, 'actual_estimator__min_split_gain': 0.6, 'actual_estimator__min_child_samples': 56, 'actual_estimator__learning_rate': 0.005, 'actual_estimator__feature_fraction': 0.7, 'actual_estimator__bagging_freq': 1, 'actual_estimator__bagging_fraction': 0.5}
2022-01-27 19:45:33,605:INFO:Hyperparameter search completed
2022-01-27 19:45:33,605:INFO:SubProcess create_model() called ==================================
2022-01-27 19:45:33,606:INFO:Initializing create_model()
2022-01-27 19:45:33,606:INFO:create_model(estimator=LGBMClassifier(boosting_type='gbdt', class_weight=None, colsample_bytree=1.0,
               importance_type='split', learning_rate=0.1, max_depth=-1,
               min_child_samples=20, min_child_weight=0.001, min_split_gain=0.0,
               n_estimators=100, n_jobs=-1, num_leaves=31, objective=None,
               random_state=786, reg_alpha=0.0, reg_lambda=0.0, silent='warn',
               subsample=1.0, subsample_for_bin=200000, subsample_freq=0), fold=StratifiedKFold(n_splits=10, random_state=None, shuffle=False), round=4, cross_validation=True, predict=True, fit_kwargs={}, groups=None, refit=True, verbose=True, system=False, metrics=None, add_to_model_list=True, probability_threshold=None, display=<pycaret.internal.Display.Display object at 0x00000227E4FEB580>, kwargs={'reg_lambda': 3, 'reg_alpha': 0.001, 'num_leaves': 4, 'n_estimators': 30, 'min_split_gain': 0.6, 'min_child_samples': 56, 'learning_rate': 0.005, 'feature_fraction': 0.7, 'bagging_freq': 1, 'bagging_fraction': 0.5})
2022-01-27 19:45:33,606:INFO:Checking exceptions
2022-01-27 19:45:33,606:INFO:Importing libraries
2022-01-27 19:45:33,606:INFO:Copying training dataset
2022-01-27 19:45:33,608:INFO:Defining folds
2022-01-27 19:45:33,608:INFO:Declaring metric variables
2022-01-27 19:45:33,619:INFO:Importing untrained model
2022-01-27 19:45:33,619:INFO:Declaring custom model
2022-01-27 19:45:33,631:INFO:Light Gradient Boosting Machine Imported succesfully
2022-01-27 19:45:33,653:INFO:Starting cross validation
2022-01-27 19:45:33,654:INFO:Cross validating with StratifiedKFold(n_splits=10, random_state=None, shuffle=False), n_jobs=-1
2022-01-27 19:45:34,681:INFO:Calculating mean and std
2022-01-27 19:45:34,682:INFO:Creating metrics dataframe
2022-01-27 19:45:34,738:INFO:Finalizing model
2022-01-27 19:45:34,895:INFO:Uploading results into container
2022-01-27 19:45:34,895:INFO:Uploading model into container now
2022-01-27 19:45:34,895:INFO:create_model_container: 20
2022-01-27 19:45:34,895:INFO:master_model_container: 20
2022-01-27 19:45:34,895:INFO:display_container: 8
2022-01-27 19:45:34,896:INFO:LGBMClassifier(bagging_fraction=0.5, bagging_freq=1, boosting_type='gbdt',
               class_weight=None, colsample_bytree=1.0, feature_fraction=0.7,
               importance_type='split', learning_rate=0.005, max_depth=-1,
               min_child_samples=56, min_child_weight=0.001, min_split_gain=0.6,
               n_estimators=30, n_jobs=-1, num_leaves=4, objective=None,
               random_state=786, reg_alpha=0.001, reg_lambda=3, silent='warn',
               subsample=1.0, subsample_for_bin=200000, subsample_freq=0)
2022-01-27 19:45:34,896:INFO:create_model() succesfully completed......................................
2022-01-27 19:45:34,991:INFO:SubProcess create_model() end ==================================
2022-01-27 19:45:35,022:INFO:create_model_container: 20
2022-01-27 19:45:35,023:INFO:master_model_container: 20
2022-01-27 19:45:35,023:INFO:display_container: 8
2022-01-27 19:45:35,024:INFO:LGBMClassifier(bagging_fraction=0.5, bagging_freq=1, boosting_type='gbdt',
               class_weight=None, colsample_bytree=1.0, feature_fraction=0.7,
               importance_type='split', learning_rate=0.005, max_depth=-1,
               min_child_samples=56, min_child_weight=0.001, min_split_gain=0.6,
               n_estimators=30, n_jobs=-1, num_leaves=4, objective=None,
               random_state=786, reg_alpha=0.001, reg_lambda=3, silent='warn',
               subsample=1.0, subsample_for_bin=200000, subsample_freq=0)
2022-01-27 19:45:35,024:INFO:tune_model() succesfully completed......................................
2022-01-27 19:45:43,349:INFO:Initializing plot_model()
2022-01-27 19:45:43,349:INFO:plot_model(fold=None, use_train_data=False, verbose=True, is_in_evaluate=False, display=None, display_format=None, estimator=LGBMClassifier(bagging_fraction=0.5, bagging_freq=1, boosting_type='gbdt',
               class_weight=None, colsample_bytree=1.0, feature_fraction=0.7,
               importance_type='split', learning_rate=0.005, max_depth=-1,
               min_child_samples=56, min_child_weight=0.001, min_split_gain=0.6,
               n_estimators=30, n_jobs=-1, num_leaves=4, objective=None,
               random_state=786, reg_alpha=0.001, reg_lambda=3, silent='warn',
               subsample=1.0, subsample_for_bin=200000, subsample_freq=0), feature_name=None, fit_kwargs=None, groups=None, label=False, plot=confusion_matrix, plot_kwargs=None, save=False, scale=1, system=True)
2022-01-27 19:45:43,349:INFO:Checking exceptions
2022-01-27 19:45:43,350:INFO:Preparing display monitor
2022-01-27 19:45:43,356:INFO:Preloading libraries
2022-01-27 19:45:43,359:INFO:Copying training dataset
2022-01-27 19:45:43,361:INFO:Copying test dataset
2022-01-27 19:45:43,362:INFO:Plot type: confusion_matrix
2022-01-27 19:45:43,365:INFO:Initializing get_config()
2022-01-27 19:45:43,365:INFO:get_config(variable=prep_pipe)
2022-01-27 19:45:43,372:INFO:Global variable: prep_pipe returned as Pipeline(memory=None,
         steps=[('dtypes',
                 DataTypes_Auto_infer(categorical_features=[],
                                      display_types=True, features_todrop=[],
                                      id_columns=[],
                                      ml_usecase='classification',
                                      numerical_features=[],
                                      target='class_pred', time_features=[])),
                ('imputer',
                 Simple_Imputer(categorical_strategy='not_available',
                                fill_value_categorical=None,
                                fill_value_numerical=None,
                                numeric_s...
                ('scaling', 'passthrough'), ('P_transform', 'passthrough'),
                ('binn', 'passthrough'), ('rem_outliers', 'passthrough'),
                ('cluster_all', 'passthrough'),
                ('dummy', Dummify(target='class_pred')),
                ('fix_perfect', Remove_100(target='class_pred')),
                ('clean_names', Clean_Colum_Names()),
                ('feature_select', 'passthrough'), ('fix_multi', 'passthrough'),
                ('dfs', 'passthrough'), ('pca', 'passthrough')],
         verbose=False)
2022-01-27 19:45:43,373:INFO:get_config() succesfully completed......................................
2022-01-27 19:45:43,374:INFO:Fitting Model
2022-01-27 19:45:43,375:INFO:Scoring test/hold-out set
2022-01-27 19:45:43,521:INFO:Visual Rendered Successfully
2022-01-27 19:45:43,591:INFO:plot_model() succesfully completed......................................
2022-01-27 19:45:47,266:INFO:Initializing plot_model()
2022-01-27 19:45:47,266:INFO:plot_model(fold=None, use_train_data=False, verbose=True, is_in_evaluate=False, display=None, display_format=None, estimator=LGBMClassifier(bagging_fraction=0.5, bagging_freq=1, boosting_type='gbdt',
               class_weight=None, colsample_bytree=1.0, feature_fraction=0.7,
               importance_type='split', learning_rate=0.005, max_depth=-1,
               min_child_samples=56, min_child_weight=0.001, min_split_gain=0.6,
               n_estimators=30, n_jobs=-1, num_leaves=4, objective=None,
               random_state=786, reg_alpha=0.001, reg_lambda=3, silent='warn',
               subsample=1.0, subsample_for_bin=200000, subsample_freq=0), feature_name=None, fit_kwargs=None, groups=None, label=False, plot=feature, plot_kwargs=None, save=False, scale=1, system=True)
2022-01-27 19:45:47,266:INFO:Checking exceptions
2022-01-27 19:45:47,268:INFO:Preparing display monitor
2022-01-27 19:45:47,272:INFO:Preloading libraries
2022-01-27 19:45:47,276:INFO:Copying training dataset
2022-01-27 19:45:47,277:INFO:Copying test dataset
2022-01-27 19:45:47,278:INFO:Plot type: feature
2022-01-27 19:45:47,281:WARNING:No coef_ found. Trying feature_importances_
2022-01-27 19:45:47,487:INFO:Visual Rendered Successfully
2022-01-27 19:45:47,552:INFO:plot_model() succesfully completed......................................
2022-01-27 19:45:52,185:INFO:Initializing predict_model()
2022-01-27 19:45:52,185:INFO:predict_model(estimator=LGBMClassifier(bagging_fraction=0.5, bagging_freq=1, boosting_type='gbdt',
               class_weight=None, colsample_bytree=1.0, feature_fraction=0.7,
               importance_type='split', learning_rate=0.005, max_depth=-1,
               min_child_samples=56, min_child_weight=0.001, min_split_gain=0.6,
               n_estimators=30, n_jobs=-1, num_leaves=4, objective=None,
               random_state=786, reg_alpha=0.001, reg_lambda=3, silent='warn',
               subsample=1.0, subsample_for_bin=200000, subsample_freq=0), probability_threshold=None, encoded_labels=False, drift_report=False, raw_score=False, round=4, verbose=True, ml_usecase=MLUsecase.CLASSIFICATION, display=None)
2022-01-27 19:45:52,185:INFO:Checking exceptions
2022-01-27 19:45:52,185:INFO:Preloading libraries
2022-01-27 19:45:52,185:INFO:Preparing display monitor
2022-01-27 19:47:32,667:INFO:Initializing create_model()
2022-01-27 19:47:32,667:INFO:create_model(estimator=qda, fold=None, round=4, cross_validation=True, predict=True, fit_kwargs=None, groups=None, refit=True, verbose=False, system=True, metrics=None, add_to_model_list=True, probability_threshold=None, display=None, kwargs={})
2022-01-27 19:47:32,667:INFO:Checking exceptions
2022-01-27 19:47:32,667:INFO:Importing libraries
2022-01-27 19:47:32,667:INFO:Copying training dataset
2022-01-27 19:47:32,669:INFO:Defining folds
2022-01-27 19:47:32,669:INFO:Declaring metric variables
2022-01-27 19:47:32,669:INFO:Importing untrained model
2022-01-27 19:47:32,669:INFO:Quadratic Discriminant Analysis Imported succesfully
2022-01-27 19:47:32,669:INFO:Starting cross validation
2022-01-27 19:47:32,670:INFO:Cross validating with StratifiedKFold(n_splits=10, random_state=None, shuffle=False), n_jobs=-1
2022-01-27 19:47:33,320:INFO:Calculating mean and std
2022-01-27 19:47:33,321:INFO:Creating metrics dataframe
2022-01-27 19:47:33,365:INFO:Finalizing model
2022-01-27 19:47:33,454:INFO:Uploading results into container
2022-01-27 19:47:33,454:INFO:Uploading model into container now
2022-01-27 19:47:33,454:INFO:create_model_container: 21
2022-01-27 19:47:33,454:INFO:master_model_container: 21
2022-01-27 19:47:33,454:INFO:display_container: 9
2022-01-27 19:47:33,454:INFO:QuadraticDiscriminantAnalysis(priors=None, reg_param=0.0,
                              store_covariance=False, tol=0.0001)
2022-01-27 19:47:33,454:INFO:create_model() succesfully completed......................................
2022-01-27 19:47:45,522:INFO:Initializing tune_model()
2022-01-27 19:47:45,522:INFO:tune_model(estimator=QuadraticDiscriminantAnalysis(priors=None, reg_param=0.0,
                              store_covariance=False, tol=0.0001), fold=None, round=4, n_iter=10, custom_grid=None, optimize=Recall, custom_scorer=None, search_library=scikit-learn, search_algorithm=None, early_stopping=False, early_stopping_max_iters=10, choose_better=False, fit_kwargs=None, groups=None, return_tuner=False, verbose=True, tuner_verbose=True, display=None, kwargs={})
2022-01-27 19:47:45,522:INFO:Checking exceptions
2022-01-27 19:47:45,523:INFO:Preparing display monitor
2022-01-27 19:47:45,539:INFO:Copying training dataset
2022-01-27 19:47:45,541:INFO:Checking base model
2022-01-27 19:47:45,541:INFO:Base model : Quadratic Discriminant Analysis
2022-01-27 19:47:45,549:INFO:Declaring metric variables
2022-01-27 19:47:45,557:INFO:Defining Hyperparameters
2022-01-27 19:47:45,628:INFO:Tuning with n_jobs=-1
2022-01-27 19:47:45,628:INFO:Initializing RandomizedSearchCV
2022-01-27 19:47:49,901:INFO:best_params: {'actual_estimator__reg_param': 0.87}
2022-01-27 19:47:49,903:INFO:Hyperparameter search completed
2022-01-27 19:47:49,903:INFO:SubProcess create_model() called ==================================
2022-01-27 19:47:49,904:INFO:Initializing create_model()
2022-01-27 19:47:49,907:INFO:create_model(estimator=QuadraticDiscriminantAnalysis(priors=None, reg_param=0.0,
                              store_covariance=False, tol=0.0001), fold=StratifiedKFold(n_splits=10, random_state=None, shuffle=False), round=4, cross_validation=True, predict=True, fit_kwargs={}, groups=None, refit=True, verbose=True, system=False, metrics=None, add_to_model_list=True, probability_threshold=None, display=<pycaret.internal.Display.Display object at 0x00000227E511F310>, kwargs={'reg_param': 0.87})
2022-01-27 19:47:49,907:INFO:Checking exceptions
2022-01-27 19:47:49,907:INFO:Importing libraries
2022-01-27 19:47:49,907:INFO:Copying training dataset
2022-01-27 19:47:49,910:INFO:Defining folds
2022-01-27 19:47:49,911:INFO:Declaring metric variables
2022-01-27 19:47:49,932:INFO:Importing untrained model
2022-01-27 19:47:49,932:INFO:Declaring custom model
2022-01-27 19:47:49,949:INFO:Quadratic Discriminant Analysis Imported succesfully
2022-01-27 19:47:49,979:INFO:Starting cross validation
2022-01-27 19:47:49,981:INFO:Cross validating with StratifiedKFold(n_splits=10, random_state=None, shuffle=False), n_jobs=-1
2022-01-27 19:47:50,698:INFO:Calculating mean and std
2022-01-27 19:47:50,700:INFO:Creating metrics dataframe
2022-01-27 19:47:50,777:INFO:Finalizing model
2022-01-27 19:47:50,913:INFO:Uploading results into container
2022-01-27 19:47:50,913:INFO:Uploading model into container now
2022-01-27 19:47:50,913:INFO:create_model_container: 22
2022-01-27 19:47:50,913:INFO:master_model_container: 22
2022-01-27 19:47:50,914:INFO:display_container: 10
2022-01-27 19:47:50,914:INFO:QuadraticDiscriminantAnalysis(priors=None, reg_param=0.87,
                              store_covariance=False, tol=0.0001)
2022-01-27 19:47:50,914:INFO:create_model() succesfully completed......................................
2022-01-27 19:47:50,997:INFO:SubProcess create_model() end ==================================
2022-01-27 19:47:51,037:INFO:create_model_container: 22
2022-01-27 19:47:51,037:INFO:master_model_container: 22
2022-01-27 19:47:51,037:INFO:display_container: 10
2022-01-27 19:47:51,038:INFO:QuadraticDiscriminantAnalysis(priors=None, reg_param=0.87,
                              store_covariance=False, tol=0.0001)
2022-01-27 19:47:51,038:INFO:tune_model() succesfully completed......................................
2022-01-27 19:47:59,431:INFO:Initializing plot_model()
2022-01-27 19:47:59,431:INFO:plot_model(fold=None, use_train_data=False, verbose=True, is_in_evaluate=False, display=None, display_format=None, estimator=QuadraticDiscriminantAnalysis(priors=None, reg_param=0.87,
                              store_covariance=False, tol=0.0001), feature_name=None, fit_kwargs=None, groups=None, label=False, plot=confusion_matrix, plot_kwargs=None, save=False, scale=1, system=True)
2022-01-27 19:47:59,432:INFO:Checking exceptions
2022-01-27 19:47:59,432:INFO:Preparing display monitor
2022-01-27 19:47:59,440:INFO:Preloading libraries
2022-01-27 19:47:59,441:INFO:Copying training dataset
2022-01-27 19:47:59,442:INFO:Copying test dataset
2022-01-27 19:47:59,443:INFO:Plot type: confusion_matrix
2022-01-27 19:47:59,444:INFO:Initializing get_config()
2022-01-27 19:47:59,445:INFO:get_config(variable=prep_pipe)
2022-01-27 19:47:59,449:INFO:Global variable: prep_pipe returned as Pipeline(memory=None,
         steps=[('dtypes',
                 DataTypes_Auto_infer(categorical_features=[],
                                      display_types=True, features_todrop=[],
                                      id_columns=[],
                                      ml_usecase='classification',
                                      numerical_features=[],
                                      target='class_pred', time_features=[])),
                ('imputer',
                 Simple_Imputer(categorical_strategy='not_available',
                                fill_value_categorical=None,
                                fill_value_numerical=None,
                                numeric_s...
                ('scaling', 'passthrough'), ('P_transform', 'passthrough'),
                ('binn', 'passthrough'), ('rem_outliers', 'passthrough'),
                ('cluster_all', 'passthrough'),
                ('dummy', Dummify(target='class_pred')),
                ('fix_perfect', Remove_100(target='class_pred')),
                ('clean_names', Clean_Colum_Names()),
                ('feature_select', 'passthrough'), ('fix_multi', 'passthrough'),
                ('dfs', 'passthrough'), ('pca', 'passthrough')],
         verbose=False)
2022-01-27 19:47:59,449:INFO:get_config() succesfully completed......................................
2022-01-27 19:47:59,450:INFO:Fitting Model
2022-01-27 19:47:59,451:INFO:Scoring test/hold-out set
2022-01-27 19:47:59,564:INFO:Visual Rendered Successfully
2022-01-27 19:47:59,635:INFO:plot_model() succesfully completed......................................
2022-01-27 19:49:25,962:INFO:Initializing predict_model()
2022-01-27 19:49:25,963:INFO:predict_model(estimator=QuadraticDiscriminantAnalysis(priors=None, reg_param=0.87,
                              store_covariance=False, tol=0.0001), probability_threshold=None, encoded_labels=False, drift_report=False, raw_score=False, round=4, verbose=True, ml_usecase=MLUsecase.CLASSIFICATION, display=None)
2022-01-27 19:49:25,963:INFO:Checking exceptions
2022-01-27 19:49:25,963:INFO:Preloading libraries
2022-01-27 19:49:25,964:INFO:Preparing display monitor
2022-01-27 20:46:02,269:INFO:Initializing plot_model()
2022-01-27 20:46:02,270:INFO:plot_model(fold=None, use_train_data=False, verbose=True, is_in_evaluate=False, display=None, display_format=None, estimator=QuadraticDiscriminantAnalysis(priors=None, reg_param=0.87,
                              store_covariance=False, tol=0.0001), feature_name=None, fit_kwargs=None, groups=None, label=False, plot=class_report, plot_kwargs=None, save=False, scale=1, system=True)
2022-01-27 20:46:02,270:INFO:Checking exceptions
2022-01-27 20:46:02,271:INFO:Preparing display monitor
2022-01-27 20:46:02,279:INFO:Preloading libraries
2022-01-27 20:46:02,280:INFO:Copying training dataset
2022-01-27 20:46:02,281:INFO:Copying test dataset
2022-01-27 20:46:02,282:INFO:Plot type: class_report
2022-01-27 20:46:02,283:INFO:Initializing get_config()
2022-01-27 20:46:02,283:INFO:get_config(variable=prep_pipe)
2022-01-27 20:46:02,289:INFO:Global variable: prep_pipe returned as Pipeline(memory=None,
         steps=[('dtypes',
                 DataTypes_Auto_infer(categorical_features=[],
                                      display_types=True, features_todrop=[],
                                      id_columns=[],
                                      ml_usecase='classification',
                                      numerical_features=[],
                                      target='class_pred', time_features=[])),
                ('imputer',
                 Simple_Imputer(categorical_strategy='not_available',
                                fill_value_categorical=None,
                                fill_value_numerical=None,
                                numeric_s...
                ('scaling', 'passthrough'), ('P_transform', 'passthrough'),
                ('binn', 'passthrough'), ('rem_outliers', 'passthrough'),
                ('cluster_all', 'passthrough'),
                ('dummy', Dummify(target='class_pred')),
                ('fix_perfect', Remove_100(target='class_pred')),
                ('clean_names', Clean_Colum_Names()),
                ('feature_select', 'passthrough'), ('fix_multi', 'passthrough'),
                ('dfs', 'passthrough'), ('pca', 'passthrough')],
         verbose=False)
2022-01-27 20:46:02,289:INFO:get_config() succesfully completed......................................
2022-01-27 20:46:02,291:INFO:Fitting Model
2022-01-27 20:46:02,292:INFO:Scoring test/hold-out set
2022-01-27 20:46:02,498:INFO:Visual Rendered Successfully
2022-01-27 20:46:02,592:INFO:plot_model() succesfully completed......................................
