2022-03-04 15:15:14,784:INFO:PyCaret Supervised Module
2022-03-04 15:15:14,785:INFO:ML Usecase: classification
2022-03-04 15:15:14,785:INFO:version 2.3.6
2022-03-04 15:15:14,785:INFO:Initializing setup()
2022-03-04 15:15:14,785:INFO:setup(target=about_to_fail_2d, ml_usecase=classification, available_plots={'parameter': 'Hyperparameters', 'auc': 'AUC', 'confusion_matrix': 'Confusion Matrix', 'threshold': 'Threshold', 'pr': 'Precision Recall', 'error': 'Prediction Error', 'class_report': 'Class Report', 'rfe': 'Feature Selection', 'learning': 'Learning Curve', 'manifold': 'Manifold Learning', 'calibration': 'Calibration Curve', 'vc': 'Validation Curve', 'dimension': 'Dimensions', 'feature': 'Feature Importance', 'feature_all': 'Feature Importance (All)', 'boundary': 'Decision Boundary', 'lift': 'Lift Chart', 'gain': 'Gain Chart', 'tree': 'Decision Tree', 'ks': 'KS Statistic Plot'}, train_size=0.7, test_data=       press_suc  press_1    rpm  carga_motriz  press_2  press_suc_mean_12  press_1_mean_12  rpm_mean_12  carga_motriz_mean_12  press_2_mean_12  press_suc_mean_24  press_1_mean_24  rpm_mean_24  carga_motriz_mean_24  press_2_mean_24  press_suc_mean_36  press_1_mean_36  rpm_mean_36  carga_motriz_mean_36  press_2_mean_36  press_suc_std_12  press_1_std_12  rpm_std_12  carga_motriz_std_12  press_2_std_12  press_suc_std_24  press_1_std_24  rpm_std_24  carga_motriz_std_24  press_2_std_24  press_suc_std_36  press_1_std_36  rpm_std_36  carga_motriz_std_36  press_2_std_36  tlf  about_to_fail_2d
3264        33.5     90.5 1174.0          85.3     91.3               33.8             90.5       1174.0                  86.0             91.4               33.8             90.6       1173.8                  86.0             91.6               33.8             90.1       1173.8                  86.0             91.0               0.1             0.5         0.1                  0.5             0.5               0.1             0.5         0.2                  0.4             0.6               0.2             1.0         0.2                  0.4             1.0  238                 0
3265        33.5     90.6 1173.8          85.3     91.6               33.8             90.5       1174.0                  85.9             91.4               33.8             90.7       1173.8                  86.0             91.7               33.8             90.1       1173.8                  86.0             91.1               0.2             0.4         0.1                  0.4             0.4               0.1             0.5         0.2                  0.4             0.5               0.2             0.9         0.2                  0.4             1.0  239                 0
3266        33.5     90.9 1173.7          85.4     91.9               33.8             90.5       1174.0                  85.8             91.3               33.8             90.7       1173.8                  86.0             91.7               33.8             90.2       1173.8                  86.0             91.2               0.2             0.4         0.2                  0.4             0.4               0.1             0.4         0.2                  0.4             0.5               0.2             0.9         0.2                  0.4             0.9  240                 0
3267        33.5     91.1 1173.7          85.3     92.1               33.7             90.5       1173.9                  85.7             91.4               33.8             90.8       1173.8                  86.0             91.7               33.7             90.3       1173.8                  85.9             91.2               0.2             0.4         0.2                  0.3             0.4               0.1             0.4         0.2                  0.4             0.5               0.2             0.9         0.2                  0.4             0.9  241                 0
3268        33.4     91.2 1173.7          85.0     92.3               33.7             90.5       1173.9                  85.5             91.4               33.8             90.8       1173.8                  85.9             91.8               33.7             90.3       1173.8                  85.9             91.3               0.2             0.4         0.2                  0.3             0.5               0.2             0.4         0.2                  0.5             0.5               0.2             0.8         0.2                  0.4             0.9  242                 0
...          ...      ...    ...           ...      ...                ...              ...          ...                   ...              ...                ...              ...          ...                   ...              ...                ...              ...          ...                   ...              ...               ...             ...         ...                  ...             ...               ...             ...         ...                  ...             ...               ...             ...         ...                  ...             ...  ...               ...
37912        7.0     18.8 1056.5          94.7     36.0                6.8             18.3       1048.7                  92.1             35.5                6.8             18.2       1048.5                  91.3             35.4                6.6             17.9       1050.8                  89.9             35.6               0.2             0.5        25.3                  2.6             0.9               0.2             0.5        24.9                  2.5             0.9               0.3             0.6        20.4                  3.0             0.7  446                 1
37913        7.1     19.0 1056.1          95.6     37.0                6.8             18.4       1048.8                  92.4             35.6                6.8             18.3       1048.5                  91.7             35.5                6.7             18.0       1050.9                  90.3             35.6               0.2             0.6        25.4                  2.8             1.0               0.2             0.5        24.9                  2.6             0.9               0.3             0.6        20.4                  2.9             0.8  447                 1
37914        7.1     19.3 1056.1          97.1     37.2                6.9             18.5       1048.8                  92.9             35.7                6.8             18.3       1048.6                  91.9             35.5                6.7             18.0       1050.9                  90.6             35.6               0.2             0.6        25.4                  3.1             1.1               0.2             0.6        24.9                  2.8             1.0               0.3             0.6        20.4                  3.0             0.8  448                 1
37915        7.1     19.3 1056.1          96.5     37.2                6.9             18.6       1048.8                  93.3             35.9                6.8             18.4       1048.6                  92.1             35.6                6.7             18.1       1050.9                  90.8             35.6               0.2             0.7        25.4                  3.2             1.2               0.2             0.6        24.9                  2.9             1.1               0.3             0.6        20.4                  3.1             0.9  449                 1
37916        6.5     17.6  967.3          88.7     33.9                6.9             18.7       1048.7                  93.6             36.0                6.8             18.4       1048.6                  92.3             35.7                6.7             18.1       1048.4                  90.8             35.6               0.2             0.5        25.7                  2.2             0.9               0.2             0.5        24.9                  2.6             0.9               0.3             0.6        24.7                  3.1             0.9  450                 1

[8541 rows x 37 columns], preprocess=True, imputation_type=simple, iterative_imputation_iters=5, categorical_features=None, categorical_imputation=constant, categorical_iterative_imputer=lightgbm, ordinal_features=None, high_cardinality_features=None, high_cardinality_method=frequency, numeric_features=None, numeric_imputation=mean, numeric_iterative_imputer=lightgbm, date_features=None, ignore_features=None, normalize=False, normalize_method=zscore, transformation=False, transformation_method=yeo-johnson, handle_unknown_categorical=True, unknown_categorical_method=least_frequent, pca=False, pca_method=linear, pca_components=None, ignore_low_variance=False, combine_rare_levels=False, rare_level_threshold=0.1, bin_numeric_features=None, remove_outliers=False, outliers_threshold=0.05, remove_multicollinearity=False, multicollinearity_threshold=0.9, remove_perfect_collinearity=True, create_clusters=False, cluster_iter=20, polynomial_features=False, polynomial_degree=2, trigonometry_features=False, polynomial_threshold=0.1, group_features=None, group_names=None, feature_selection=False, feature_selection_threshold=0.8, feature_selection_method=classic, feature_interaction=False, feature_ratio=False, interaction_threshold=0.01, fix_imbalance=True, fix_imbalance_method=None, transform_target=False, transform_target_method=box-cox, data_split_shuffle=True, data_split_stratify=False, fold_strategy=timeseries, fold=10, fold_shuffle=False, fold_groups=None, n_jobs=-1, use_gpu=False, custom_pipeline=None, html=True, session_id=786, log_experiment=False, experiment_name=None, log_plots=False, log_profile=False, log_data=False, silent=False, verbose=True, profile=False, profile_kwargs=None, display=None)
2022-03-04 15:15:14,789:INFO:Checking environment
2022-03-04 15:15:14,789:INFO:python_version: 3.8.12
2022-03-04 15:15:14,789:INFO:python_build: ('default', 'Oct 12 2021 03:01:40')
2022-03-04 15:15:14,789:INFO:machine: AMD64
2022-03-04 15:15:14,789:INFO:platform: Windows-10-10.0.18363-SP0
2022-03-04 15:15:14,790:WARNING:cannot find psutil installation. memory not traceable. Install psutil using pip to enable memory logging.
2022-03-04 15:15:14,791:INFO:Checking libraries
2022-03-04 15:15:14,791:INFO:pd==1.4.1
2022-03-04 15:15:14,791:INFO:numpy==1.19.5
2022-03-04 15:15:14,791:INFO:sklearn==0.23.2
2022-03-04 15:15:14,791:INFO:lightgbm==3.3.2
2022-03-04 15:15:14,792:WARNING:catboost not found
2022-03-04 15:15:14,793:WARNING:xgboost not found
2022-03-04 15:15:17,483:INFO:mlflow==1.23.1
2022-03-04 15:15:17,484:INFO:Checking Exceptions
2022-03-04 15:15:17,484:INFO:Declaring global variables
2022-03-04 15:15:17,484:INFO:USI: 88c9
2022-03-04 15:15:17,485:INFO:pycaret_globals: {'X_train', 'pycaret_globals', 'stratify_param', 'USI', '_internal_pipeline', 'fold_groups_param_full', 'exp_name_log', 'n_jobs_param', 'seed', 'fold_param', 'y', 'imputation_regressor', '_gpu_n_jobs_param', 'fold_generator', 'fix_imbalance_method_param', 'data_before_preprocess', 'html_param', 'imputation_classifier', 'log_plots_param', 'iterative_imputation_iters_param', 'create_model_container', 'y_train', 'prep_pipe', 'X', 'y_test', 'transform_target_method_param', 'experiment__', 'master_model_container', 'gpu_param', 'X_test', '_all_models', 'fix_imbalance_param', '_all_models_internal', 'transform_target_param', 'fold_groups_param', '_all_metrics', 'fold_shuffle_param', 'logging_param', 'target_param', 'display_container', '_ml_usecase', '_available_plots'}
2022-03-04 15:15:17,485:INFO:Preparing display monitor
2022-03-04 15:15:17,485:INFO:Preparing display monitor
2022-03-04 15:15:17,498:INFO:Importing libraries
2022-03-04 15:15:17,499:INFO:Copying data for preprocessing
2022-03-04 15:15:17,511:INFO:Declaring preprocessing parameters
2022-03-04 15:15:17,521:INFO:Creating preprocessing pipeline
2022-03-04 15:15:17,689:INFO:Preprocessing pipeline created successfully
2022-03-04 15:15:17,690:ERROR:(Process Exit): setup has been interupted with user command 'quit'. setup must rerun.
2022-03-04 15:15:17,690:INFO:Creating global containers
2022-03-04 15:15:17,699:INFO:Internal pipeline: Pipeline(memory=None,
         steps=[('fix_imbalance',
                 SMOTE(k_neighbors=5, n_jobs=None, random_state=786,
                       sampling_strategy='auto'))],
         verbose=False)
2022-03-04 15:15:27,471:WARNING:Couldn't import xgboost.XGBClassifier
2022-03-04 15:15:27,473:WARNING:Couldn't import catboost.CatBoostClassifier
2022-03-04 15:15:27,568:WARNING:Couldn't import xgboost.XGBClassifier
2022-03-04 15:15:27,570:WARNING:Couldn't import catboost.CatBoostClassifier
2022-03-04 15:15:27,570:INFO:Creating grid variables
2022-03-04 15:15:27,590:INFO:create_model_container: 0
2022-03-04 15:15:27,591:INFO:master_model_container: 0
2022-03-04 15:15:27,591:INFO:display_container: 1
2022-03-04 15:15:27,600:INFO:Pipeline(memory=None,
         steps=[('dtypes',
                 DataTypes_Auto_infer(categorical_features=[],
                                      display_types=True, features_todrop=[],
                                      id_columns=[],
                                      ml_usecase='classification',
                                      numerical_features=[],
                                      target='about_to_fail_2d',
                                      time_features=[])),
                ('imputer',
                 Simple_Imputer(categorical_strategy='not_available',
                                fill_value_categorical=None,
                                fill_value_numerical=None,
                                num...
                ('scaling', 'passthrough'), ('P_transform', 'passthrough'),
                ('binn', 'passthrough'), ('rem_outliers', 'passthrough'),
                ('cluster_all', 'passthrough'),
                ('dummy', Dummify(target='about_to_fail_2d')),
                ('fix_perfect', Remove_100(target='about_to_fail_2d')),
                ('clean_names', Clean_Colum_Names()),
                ('feature_select', 'passthrough'), ('fix_multi', 'passthrough'),
                ('dfs', 'passthrough'), ('pca', 'passthrough')],
         verbose=False)
2022-03-04 15:15:27,600:INFO:setup() succesfully completed......................................
2022-03-04 16:24:20,292:INFO:PyCaret Supervised Module
2022-03-04 16:24:20,292:INFO:ML Usecase: classification
2022-03-04 16:24:20,292:INFO:version 2.3.6
2022-03-04 16:24:20,292:INFO:Initializing setup()
2022-03-04 16:24:20,293:INFO:setup(target=about_to_fail_2d, ml_usecase=classification, available_plots={'parameter': 'Hyperparameters', 'auc': 'AUC', 'confusion_matrix': 'Confusion Matrix', 'threshold': 'Threshold', 'pr': 'Precision Recall', 'error': 'Prediction Error', 'class_report': 'Class Report', 'rfe': 'Feature Selection', 'learning': 'Learning Curve', 'manifold': 'Manifold Learning', 'calibration': 'Calibration Curve', 'vc': 'Validation Curve', 'dimension': 'Dimensions', 'feature': 'Feature Importance', 'feature_all': 'Feature Importance (All)', 'boundary': 'Decision Boundary', 'lift': 'Lift Chart', 'gain': 'Gain Chart', 'tree': 'Decision Tree', 'ks': 'KS Statistic Plot'}, train_size=0.7, test_data=       press_suc  press_1    rpm  carga_motriz  press_2  press_suc_mean_12  press_1_mean_12  rpm_mean_12  carga_motriz_mean_12  press_2_mean_12  ...  rpm_std_24  carga_motriz_std_24  press_2_std_24  press_suc_std_36  press_1_std_36  rpm_std_36  carga_motriz_std_36  press_2_std_36  tlf  about_to_fail_2d
3264        33.5     90.5 1174.0          85.3     91.3               33.8             90.5       1174.0                  86.0             91.4  ...         0.2                  0.4             0.6               0.2             1.0         0.2                  0.4             1.0  238                 0
3265        33.5     90.6 1173.8          85.3     91.6               33.8             90.5       1174.0                  85.9             91.4  ...         0.2                  0.4             0.5               0.2             0.9         0.2                  0.4             1.0  239                 0
3266        33.5     90.9 1173.7          85.4     91.9               33.8             90.5       1174.0                  85.8             91.3  ...         0.2                  0.4             0.5               0.2             0.9         0.2                  0.4             0.9  240                 0
3267        33.5     91.1 1173.7          85.3     92.1               33.7             90.5       1173.9                  85.7             91.4  ...         0.2                  0.4             0.5               0.2             0.9         0.2                  0.4             0.9  241                 0
3268        33.4     91.2 1173.7          85.0     92.3               33.7             90.5       1173.9                  85.5             91.4  ...         0.2                  0.5             0.5               0.2             0.8         0.2                  0.4             0.9  242                 0
...          ...      ...    ...           ...      ...                ...              ...          ...                   ...              ...  ...         ...                  ...             ...               ...             ...         ...                  ...             ...  ...               ...
37912        7.0     18.8 1056.5          94.7     36.0                6.8             18.3       1048.7                  92.1             35.5  ...        24.9                  2.5             0.9               0.3             0.6        20.4                  3.0             0.7  446                 1
37913        7.1     19.0 1056.1          95.6     37.0                6.8             18.4       1048.8                  92.4             35.6  ...        24.9                  2.6             0.9               0.3             0.6        20.4                  2.9             0.8  447                 1
37914        7.1     19.3 1056.1          97.1     37.2                6.9             18.5       1048.8                  92.9             35.7  ...        24.9                  2.8             1.0               0.3             0.6        20.4                  3.0             0.8  448                 1
37915        7.1     19.3 1056.1          96.5     37.2                6.9             18.6       1048.8                  93.3             35.9  ...        24.9                  2.9             1.1               0.3             0.6        20.4                  3.1             0.9  449                 1
37916        6.5     17.6  967.3          88.7     33.9                6.9             18.7       1048.7                  93.6             36.0  ...        24.9                  2.6             0.9               0.3             0.6        24.7                  3.1             0.9  450                 1

[8541 rows x 37 columns], preprocess=True, imputation_type=simple, iterative_imputation_iters=5, categorical_features=None, categorical_imputation=constant, categorical_iterative_imputer=lightgbm, ordinal_features=None, high_cardinality_features=None, high_cardinality_method=frequency, numeric_features=None, numeric_imputation=mean, numeric_iterative_imputer=lightgbm, date_features=None, ignore_features=None, normalize=False, normalize_method=zscore, transformation=False, transformation_method=yeo-johnson, handle_unknown_categorical=True, unknown_categorical_method=least_frequent, pca=False, pca_method=linear, pca_components=None, ignore_low_variance=False, combine_rare_levels=False, rare_level_threshold=0.1, bin_numeric_features=None, remove_outliers=False, outliers_threshold=0.05, remove_multicollinearity=False, multicollinearity_threshold=0.9, remove_perfect_collinearity=True, create_clusters=False, cluster_iter=20, polynomial_features=False, polynomial_degree=2, trigonometry_features=False, polynomial_threshold=0.1, group_features=None, group_names=None, feature_selection=False, feature_selection_threshold=0.8, feature_selection_method=classic, feature_interaction=False, feature_ratio=False, interaction_threshold=0.01, fix_imbalance=True, fix_imbalance_method=None, transform_target=False, transform_target_method=box-cox, data_split_shuffle=True, data_split_stratify=False, fold_strategy=stratifiedkfold, fold=10, fold_shuffle=False, fold_groups=None, n_jobs=-1, use_gpu=False, custom_pipeline=None, html=True, session_id=786, log_experiment=False, experiment_name=None, log_plots=False, log_profile=False, log_data=False, silent=False, verbose=True, profile=False, profile_kwargs=None, display=None)
2022-03-04 16:24:20,293:INFO:Checking environment
2022-03-04 16:24:20,293:INFO:python_version: 3.8.12
2022-03-04 16:24:20,293:INFO:python_build: ('default', 'Oct 12 2021 03:01:40')
2022-03-04 16:24:20,293:INFO:machine: AMD64
2022-03-04 16:24:20,293:INFO:platform: Windows-10-10.0.18363-SP0
2022-03-04 16:24:20,295:WARNING:cannot find psutil installation. memory not traceable. Install psutil using pip to enable memory logging.
2022-03-04 16:24:20,295:INFO:Checking libraries
2022-03-04 16:24:20,295:INFO:pd==1.4.1
2022-03-04 16:24:20,295:INFO:numpy==1.19.5
2022-03-04 16:24:20,295:INFO:sklearn==0.23.2
2022-03-04 16:24:20,295:INFO:lightgbm==3.3.2
2022-03-04 16:24:20,296:WARNING:catboost not found
2022-03-04 16:24:20,297:WARNING:xgboost not found
2022-03-04 16:24:20,297:INFO:mlflow==1.23.1
2022-03-04 16:24:20,297:INFO:Checking Exceptions
2022-03-04 16:24:20,297:INFO:Declaring global variables
2022-03-04 16:24:20,297:INFO:USI: ec7d
2022-03-04 16:24:20,297:INFO:pycaret_globals: {'X_train', 'pycaret_globals', 'stratify_param', 'USI', '_internal_pipeline', 'fold_groups_param_full', 'exp_name_log', 'n_jobs_param', 'seed', 'fold_param', 'y', 'imputation_regressor', '_gpu_n_jobs_param', 'fold_generator', 'fix_imbalance_method_param', 'data_before_preprocess', 'html_param', 'imputation_classifier', 'log_plots_param', 'iterative_imputation_iters_param', 'create_model_container', 'y_train', 'prep_pipe', 'X', 'y_test', 'transform_target_method_param', 'experiment__', 'master_model_container', 'gpu_param', 'X_test', '_all_models', 'fix_imbalance_param', '_all_models_internal', 'transform_target_param', 'fold_groups_param', '_all_metrics', 'fold_shuffle_param', 'logging_param', 'target_param', 'display_container', '_ml_usecase', '_available_plots'}
2022-03-04 16:24:20,298:INFO:Preparing display monitor
2022-03-04 16:24:20,298:INFO:Preparing display monitor
2022-03-04 16:24:20,311:INFO:Importing libraries
2022-03-04 16:24:20,312:INFO:Copying data for preprocessing
2022-03-04 16:24:20,328:INFO:Declaring preprocessing parameters
2022-03-04 16:24:20,337:INFO:Creating preprocessing pipeline
2022-03-04 16:24:20,440:INFO:Preprocessing pipeline created successfully
2022-03-04 16:24:20,440:ERROR:(Process Exit): setup has been interupted with user command 'quit'. setup must rerun.
2022-03-04 16:24:20,440:INFO:Creating global containers
2022-03-04 16:24:20,441:INFO:Internal pipeline: Pipeline(memory=None,
         steps=[('fix_imbalance',
                 SMOTE(k_neighbors=5, n_jobs=None, random_state=786,
                       sampling_strategy='auto'))],
         verbose=False)
2022-03-04 16:24:23,358:WARNING:Couldn't import xgboost.XGBClassifier
2022-03-04 16:24:23,359:WARNING:Couldn't import catboost.CatBoostClassifier
2022-03-04 16:24:23,454:WARNING:Couldn't import xgboost.XGBClassifier
2022-03-04 16:24:23,456:WARNING:Couldn't import catboost.CatBoostClassifier
2022-03-04 16:24:23,456:INFO:Creating grid variables
2022-03-04 16:24:23,470:INFO:create_model_container: 0
2022-03-04 16:24:23,471:INFO:master_model_container: 0
2022-03-04 16:24:23,471:INFO:display_container: 1
2022-03-04 16:24:23,478:INFO:Pipeline(memory=None,
         steps=[('dtypes',
                 DataTypes_Auto_infer(categorical_features=[],
                                      display_types=True, features_todrop=[],
                                      id_columns=[],
                                      ml_usecase='classification',
                                      numerical_features=[],
                                      target='about_to_fail_2d',
                                      time_features=[])),
                ('imputer',
                 Simple_Imputer(categorical_strategy='not_available',
                                fill_value_categorical=None,
                                fill_value_numerical=None,
                                num...
                ('scaling', 'passthrough'), ('P_transform', 'passthrough'),
                ('binn', 'passthrough'), ('rem_outliers', 'passthrough'),
                ('cluster_all', 'passthrough'),
                ('dummy', Dummify(target='about_to_fail_2d')),
                ('fix_perfect', Remove_100(target='about_to_fail_2d')),
                ('clean_names', Clean_Colum_Names()),
                ('feature_select', 'passthrough'), ('fix_multi', 'passthrough'),
                ('dfs', 'passthrough'), ('pca', 'passthrough')],
         verbose=False)
2022-03-04 16:24:23,478:INFO:setup() succesfully completed......................................
2022-03-04 16:25:22,276:INFO:Initializing compare_models()
2022-03-04 16:25:22,276:INFO:compare_models(include=None, fold=None, round=4, cross_validation=True, sort=Accuracy, n_select=1, budget_time=None, turbo=True, errors=ignore, fit_kwargs=None, groups=None, probability_threshold=None, verbose=True, display=None, exclude=None)
2022-03-04 16:25:22,277:INFO:Checking exceptions
2022-03-04 16:25:22,278:INFO:Preparing display monitor
2022-03-04 16:25:22,279:INFO:Preparing display monitor
2022-03-04 16:25:22,310:INFO:Initializing Logistic Regression
2022-03-04 16:25:22,311:INFO:Total runtime is 0.0 minutes
2022-03-04 16:25:22,321:INFO:SubProcess create_model() called ==================================
2022-03-04 16:25:22,321:INFO:Initializing create_model()
2022-03-04 16:25:22,321:INFO:create_model(estimator=lr, fold=StratifiedKFold(n_splits=10, random_state=None, shuffle=False), round=4, cross_validation=True, predict=True, fit_kwargs={}, groups=None, refit=False, verbose=False, system=False, metrics=None, add_to_model_list=True, probability_threshold=None, display=<pycaret.internal.Display.Display object at 0x00000171BC002D00>, kwargs={})
2022-03-04 16:25:22,322:INFO:Checking exceptions
2022-03-04 16:25:22,322:INFO:Importing libraries
2022-03-04 16:25:22,322:INFO:Copying training dataset
2022-03-04 16:25:22,324:INFO:Defining folds
2022-03-04 16:25:22,324:INFO:Declaring metric variables
2022-03-04 16:25:22,332:INFO:Importing untrained model
2022-03-04 16:25:22,344:INFO:Logistic Regression Imported succesfully
2022-03-04 16:25:22,361:INFO:Starting cross validation
2022-03-04 16:25:22,362:INFO:Cross validating with StratifiedKFold(n_splits=10, random_state=None, shuffle=False), n_jobs=-1
2022-03-04 16:26:08,537:INFO:Calculating mean and std
2022-03-04 16:26:08,538:INFO:Creating metrics dataframe
2022-03-04 16:26:08,589:INFO:Uploading results into container
2022-03-04 16:26:08,590:INFO:Uploading model into container now
2022-03-04 16:26:08,590:INFO:create_model_container: 1
2022-03-04 16:26:08,590:INFO:master_model_container: 1
2022-03-04 16:26:08,590:INFO:display_container: 2
2022-03-04 16:26:08,590:INFO:LogisticRegression(C=1.0, class_weight=None, dual=False, fit_intercept=True,
                   intercept_scaling=1, l1_ratio=None, max_iter=1000,
                   multi_class='auto', n_jobs=None, penalty='l2',
                   random_state=786, solver='lbfgs', tol=0.0001, verbose=0,
                   warm_start=False)
2022-03-04 16:26:08,590:INFO:create_model() succesfully completed......................................
2022-03-04 16:26:08,832:INFO:SubProcess create_model() end ==================================
2022-03-04 16:26:08,833:INFO:Creating metrics dataframe
2022-03-04 16:26:08,866:INFO:Initializing K Neighbors Classifier
2022-03-04 16:26:08,866:INFO:Total runtime is 0.7759390473365784 minutes
2022-03-04 16:26:08,875:INFO:SubProcess create_model() called ==================================
2022-03-04 16:26:08,876:INFO:Initializing create_model()
2022-03-04 16:26:08,876:INFO:create_model(estimator=knn, fold=StratifiedKFold(n_splits=10, random_state=None, shuffle=False), round=4, cross_validation=True, predict=True, fit_kwargs={}, groups=None, refit=False, verbose=False, system=False, metrics=None, add_to_model_list=True, probability_threshold=None, display=<pycaret.internal.Display.Display object at 0x00000171BC002D00>, kwargs={})
2022-03-04 16:26:08,876:INFO:Checking exceptions
2022-03-04 16:26:08,877:INFO:Importing libraries
2022-03-04 16:26:08,877:INFO:Copying training dataset
2022-03-04 16:26:08,881:INFO:Defining folds
2022-03-04 16:26:08,881:INFO:Declaring metric variables
2022-03-04 16:26:08,890:INFO:Importing untrained model
2022-03-04 16:26:08,902:INFO:K Neighbors Classifier Imported succesfully
2022-03-04 16:26:08,920:INFO:Starting cross validation
2022-03-04 16:26:08,921:INFO:Cross validating with StratifiedKFold(n_splits=10, random_state=None, shuffle=False), n_jobs=-1
2022-03-04 16:26:13,573:INFO:Calculating mean and std
2022-03-04 16:26:13,574:INFO:Creating metrics dataframe
2022-03-04 16:26:13,616:INFO:Uploading results into container
2022-03-04 16:26:13,616:INFO:Uploading model into container now
2022-03-04 16:26:13,616:INFO:create_model_container: 2
2022-03-04 16:26:13,617:INFO:master_model_container: 2
2022-03-04 16:26:13,617:INFO:display_container: 2
2022-03-04 16:26:13,617:INFO:KNeighborsClassifier(algorithm='auto', leaf_size=30, metric='minkowski',
                     metric_params=None, n_jobs=-1, n_neighbors=5, p=2,
                     weights='uniform')
2022-03-04 16:26:13,617:INFO:create_model() succesfully completed......................................
2022-03-04 16:26:13,832:INFO:SubProcess create_model() end ==================================
2022-03-04 16:26:13,832:INFO:Creating metrics dataframe
2022-03-04 16:26:13,863:INFO:Initializing Naive Bayes
2022-03-04 16:26:13,863:INFO:Total runtime is 0.8592167417208354 minutes
2022-03-04 16:26:13,871:INFO:SubProcess create_model() called ==================================
2022-03-04 16:26:13,872:INFO:Initializing create_model()
2022-03-04 16:26:13,872:INFO:create_model(estimator=nb, fold=StratifiedKFold(n_splits=10, random_state=None, shuffle=False), round=4, cross_validation=True, predict=True, fit_kwargs={}, groups=None, refit=False, verbose=False, system=False, metrics=None, add_to_model_list=True, probability_threshold=None, display=<pycaret.internal.Display.Display object at 0x00000171BC002D00>, kwargs={})
2022-03-04 16:26:13,872:INFO:Checking exceptions
2022-03-04 16:26:13,872:INFO:Importing libraries
2022-03-04 16:26:13,873:INFO:Copying training dataset
2022-03-04 16:26:13,876:INFO:Defining folds
2022-03-04 16:26:13,876:INFO:Declaring metric variables
2022-03-04 16:26:13,884:INFO:Importing untrained model
2022-03-04 16:26:13,894:INFO:Naive Bayes Imported succesfully
2022-03-04 16:26:13,912:INFO:Starting cross validation
2022-03-04 16:26:13,913:INFO:Cross validating with StratifiedKFold(n_splits=10, random_state=None, shuffle=False), n_jobs=-1
2022-03-04 16:26:14,591:INFO:Calculating mean and std
2022-03-04 16:26:14,592:INFO:Creating metrics dataframe
2022-03-04 16:26:14,634:INFO:Uploading results into container
2022-03-04 16:26:14,634:INFO:Uploading model into container now
2022-03-04 16:26:14,634:INFO:create_model_container: 3
2022-03-04 16:26:14,634:INFO:master_model_container: 3
2022-03-04 16:26:14,634:INFO:display_container: 2
2022-03-04 16:26:14,634:INFO:GaussianNB(priors=None, var_smoothing=1e-09)
2022-03-04 16:26:14,634:INFO:create_model() succesfully completed......................................
2022-03-04 16:26:14,847:INFO:SubProcess create_model() end ==================================
2022-03-04 16:26:14,848:INFO:Creating metrics dataframe
2022-03-04 16:26:14,879:INFO:Initializing Decision Tree Classifier
2022-03-04 16:26:14,879:INFO:Total runtime is 0.8761467218399048 minutes
2022-03-04 16:26:14,887:INFO:SubProcess create_model() called ==================================
2022-03-04 16:26:14,888:INFO:Initializing create_model()
2022-03-04 16:26:14,888:INFO:create_model(estimator=dt, fold=StratifiedKFold(n_splits=10, random_state=None, shuffle=False), round=4, cross_validation=True, predict=True, fit_kwargs={}, groups=None, refit=False, verbose=False, system=False, metrics=None, add_to_model_list=True, probability_threshold=None, display=<pycaret.internal.Display.Display object at 0x00000171BC002D00>, kwargs={})
2022-03-04 16:26:14,888:INFO:Checking exceptions
2022-03-04 16:26:14,888:INFO:Importing libraries
2022-03-04 16:26:14,888:INFO:Copying training dataset
2022-03-04 16:26:14,891:INFO:Defining folds
2022-03-04 16:26:14,891:INFO:Declaring metric variables
2022-03-04 16:26:14,900:INFO:Importing untrained model
2022-03-04 16:26:14,908:INFO:Decision Tree Classifier Imported succesfully
2022-03-04 16:26:14,927:INFO:Starting cross validation
2022-03-04 16:26:14,928:INFO:Cross validating with StratifiedKFold(n_splits=10, random_state=None, shuffle=False), n_jobs=-1
2022-03-04 16:26:23,744:INFO:Calculating mean and std
2022-03-04 16:26:23,746:INFO:Creating metrics dataframe
2022-03-04 16:26:23,819:INFO:Uploading results into container
2022-03-04 16:26:23,819:INFO:Uploading model into container now
2022-03-04 16:26:23,819:INFO:create_model_container: 4
2022-03-04 16:26:23,819:INFO:master_model_container: 4
2022-03-04 16:26:23,819:INFO:display_container: 2
2022-03-04 16:26:23,820:INFO:DecisionTreeClassifier(ccp_alpha=0.0, class_weight=None, criterion='gini',
                       max_depth=None, max_features=None, max_leaf_nodes=None,
                       min_impurity_decrease=0.0, min_impurity_split=None,
                       min_samples_leaf=1, min_samples_split=2,
                       min_weight_fraction_leaf=0.0, presort='deprecated',
                       random_state=786, splitter='best')
2022-03-04 16:26:23,820:INFO:create_model() succesfully completed......................................
2022-03-04 16:26:24,030:INFO:SubProcess create_model() end ==================================
2022-03-04 16:26:24,030:INFO:Creating metrics dataframe
2022-03-04 16:26:24,060:INFO:Initializing SVM - Linear Kernel
2022-03-04 16:26:24,061:INFO:Total runtime is 1.0291724681854248 minutes
2022-03-04 16:26:24,070:INFO:SubProcess create_model() called ==================================
2022-03-04 16:26:24,070:INFO:Initializing create_model()
2022-03-04 16:26:24,070:INFO:create_model(estimator=svm, fold=StratifiedKFold(n_splits=10, random_state=None, shuffle=False), round=4, cross_validation=True, predict=True, fit_kwargs={}, groups=None, refit=False, verbose=False, system=False, metrics=None, add_to_model_list=True, probability_threshold=None, display=<pycaret.internal.Display.Display object at 0x00000171BC002D00>, kwargs={})
2022-03-04 16:26:24,071:INFO:Checking exceptions
2022-03-04 16:26:24,071:INFO:Importing libraries
2022-03-04 16:26:24,071:INFO:Copying training dataset
2022-03-04 16:26:24,073:INFO:Defining folds
2022-03-04 16:26:24,073:INFO:Declaring metric variables
2022-03-04 16:26:24,082:INFO:Importing untrained model
2022-03-04 16:26:24,090:INFO:SVM - Linear Kernel Imported succesfully
2022-03-04 16:26:24,108:INFO:Starting cross validation
2022-03-04 16:26:24,110:INFO:Cross validating with StratifiedKFold(n_splits=10, random_state=None, shuffle=False), n_jobs=-1
2022-03-04 16:26:37,958:INFO:Calculating mean and std
2022-03-04 16:26:37,959:INFO:Creating metrics dataframe
2022-03-04 16:26:37,994:INFO:Uploading results into container
2022-03-04 16:26:37,994:INFO:Uploading model into container now
2022-03-04 16:26:37,994:INFO:create_model_container: 5
2022-03-04 16:26:37,994:INFO:master_model_container: 5
2022-03-04 16:26:37,994:INFO:display_container: 2
2022-03-04 16:26:37,995:INFO:SGDClassifier(alpha=0.0001, average=False, class_weight=None,
              early_stopping=False, epsilon=0.1, eta0=0.001, fit_intercept=True,
              l1_ratio=0.15, learning_rate='optimal', loss='hinge',
              max_iter=1000, n_iter_no_change=5, n_jobs=-1, penalty='l2',
              power_t=0.5, random_state=786, shuffle=True, tol=0.001,
              validation_fraction=0.1, verbose=0, warm_start=False)
2022-03-04 16:26:37,995:INFO:create_model() succesfully completed......................................
2022-03-04 16:26:38,192:INFO:SubProcess create_model() end ==================================
2022-03-04 16:26:38,192:INFO:Creating metrics dataframe
2022-03-04 16:26:38,219:INFO:Initializing Ridge Classifier
2022-03-04 16:26:38,219:INFO:Total runtime is 1.2651514569918314 minutes
2022-03-04 16:26:38,229:INFO:SubProcess create_model() called ==================================
2022-03-04 16:26:38,229:INFO:Initializing create_model()
2022-03-04 16:26:38,229:INFO:create_model(estimator=ridge, fold=StratifiedKFold(n_splits=10, random_state=None, shuffle=False), round=4, cross_validation=True, predict=True, fit_kwargs={}, groups=None, refit=False, verbose=False, system=False, metrics=None, add_to_model_list=True, probability_threshold=None, display=<pycaret.internal.Display.Display object at 0x00000171BC002D00>, kwargs={})
2022-03-04 16:26:38,230:INFO:Checking exceptions
2022-03-04 16:26:38,230:INFO:Importing libraries
2022-03-04 16:26:38,230:INFO:Copying training dataset
2022-03-04 16:26:38,232:INFO:Defining folds
2022-03-04 16:26:38,232:INFO:Declaring metric variables
2022-03-04 16:26:38,239:INFO:Importing untrained model
2022-03-04 16:26:38,248:INFO:Ridge Classifier Imported succesfully
2022-03-04 16:26:38,265:INFO:Starting cross validation
2022-03-04 16:26:38,265:INFO:Cross validating with StratifiedKFold(n_splits=10, random_state=None, shuffle=False), n_jobs=-1
2022-03-04 16:26:38,969:INFO:Calculating mean and std
2022-03-04 16:26:38,970:INFO:Creating metrics dataframe
2022-03-04 16:26:39,011:INFO:Uploading results into container
2022-03-04 16:26:39,011:INFO:Uploading model into container now
2022-03-04 16:26:39,012:INFO:create_model_container: 6
2022-03-04 16:26:39,012:INFO:master_model_container: 6
2022-03-04 16:26:39,012:INFO:display_container: 2
2022-03-04 16:26:39,012:INFO:RidgeClassifier(alpha=1.0, class_weight=None, copy_X=True, fit_intercept=True,
                max_iter=None, normalize=False, random_state=786, solver='auto',
                tol=0.001)
2022-03-04 16:26:39,012:INFO:create_model() succesfully completed......................................
2022-03-04 16:26:39,224:INFO:SubProcess create_model() end ==================================
2022-03-04 16:26:39,224:INFO:Creating metrics dataframe
2022-03-04 16:26:39,254:INFO:Initializing Random Forest Classifier
2022-03-04 16:26:39,254:INFO:Total runtime is 1.2824053525924681 minutes
2022-03-04 16:26:39,264:INFO:SubProcess create_model() called ==================================
2022-03-04 16:26:39,264:INFO:Initializing create_model()
2022-03-04 16:26:39,264:INFO:create_model(estimator=rf, fold=StratifiedKFold(n_splits=10, random_state=None, shuffle=False), round=4, cross_validation=True, predict=True, fit_kwargs={}, groups=None, refit=False, verbose=False, system=False, metrics=None, add_to_model_list=True, probability_threshold=None, display=<pycaret.internal.Display.Display object at 0x00000171BC002D00>, kwargs={})
2022-03-04 16:26:39,264:INFO:Checking exceptions
2022-03-04 16:26:39,264:INFO:Importing libraries
2022-03-04 16:26:39,264:INFO:Copying training dataset
2022-03-04 16:26:39,267:INFO:Defining folds
2022-03-04 16:26:39,267:INFO:Declaring metric variables
2022-03-04 16:26:39,277:INFO:Importing untrained model
2022-03-04 16:26:39,286:INFO:Random Forest Classifier Imported succesfully
2022-03-04 16:26:39,303:INFO:Starting cross validation
2022-03-04 16:26:39,303:INFO:Cross validating with StratifiedKFold(n_splits=10, random_state=None, shuffle=False), n_jobs=-1
2022-03-04 16:27:43,752:INFO:Calculating mean and std
2022-03-04 16:27:43,754:INFO:Creating metrics dataframe
2022-03-04 16:27:43,832:INFO:Uploading results into container
2022-03-04 16:27:43,832:INFO:Uploading model into container now
2022-03-04 16:27:43,832:INFO:create_model_container: 7
2022-03-04 16:27:43,832:INFO:master_model_container: 7
2022-03-04 16:27:43,833:INFO:display_container: 2
2022-03-04 16:27:43,834:INFO:RandomForestClassifier(bootstrap=True, ccp_alpha=0.0, class_weight=None,
                       criterion='gini', max_depth=None, max_features='auto',
                       max_leaf_nodes=None, max_samples=None,
                       min_impurity_decrease=0.0, min_impurity_split=None,
                       min_samples_leaf=1, min_samples_split=2,
                       min_weight_fraction_leaf=0.0, n_estimators=100,
                       n_jobs=-1, oob_score=False, random_state=786, verbose=0,
                       warm_start=False)
2022-03-04 16:27:43,834:INFO:create_model() succesfully completed......................................
2022-03-04 16:27:44,183:INFO:SubProcess create_model() end ==================================
2022-03-04 16:27:44,184:INFO:Creating metrics dataframe
2022-03-04 16:27:44,244:INFO:Initializing Quadratic Discriminant Analysis
2022-03-04 16:27:44,244:INFO:Total runtime is 2.3655781984329223 minutes
2022-03-04 16:27:44,265:INFO:SubProcess create_model() called ==================================
2022-03-04 16:27:44,266:INFO:Initializing create_model()
2022-03-04 16:27:44,266:INFO:create_model(estimator=qda, fold=StratifiedKFold(n_splits=10, random_state=None, shuffle=False), round=4, cross_validation=True, predict=True, fit_kwargs={}, groups=None, refit=False, verbose=False, system=False, metrics=None, add_to_model_list=True, probability_threshold=None, display=<pycaret.internal.Display.Display object at 0x00000171BC002D00>, kwargs={})
2022-03-04 16:27:44,266:INFO:Checking exceptions
2022-03-04 16:27:44,267:INFO:Importing libraries
2022-03-04 16:27:44,267:INFO:Copying training dataset
2022-03-04 16:27:44,271:INFO:Defining folds
2022-03-04 16:27:44,272:INFO:Declaring metric variables
2022-03-04 16:27:44,290:INFO:Importing untrained model
2022-03-04 16:27:44,317:INFO:Quadratic Discriminant Analysis Imported succesfully
2022-03-04 16:27:44,353:INFO:Starting cross validation
2022-03-04 16:27:44,354:INFO:Cross validating with StratifiedKFold(n_splits=10, random_state=None, shuffle=False), n_jobs=-1
2022-03-04 16:27:46,019:INFO:Calculating mean and std
2022-03-04 16:27:46,021:INFO:Creating metrics dataframe
2022-03-04 16:27:46,075:INFO:Uploading results into container
2022-03-04 16:27:46,075:INFO:Uploading model into container now
2022-03-04 16:27:46,076:INFO:create_model_container: 8
2022-03-04 16:27:46,076:INFO:master_model_container: 8
2022-03-04 16:27:46,076:INFO:display_container: 2
2022-03-04 16:27:46,076:INFO:QuadraticDiscriminantAnalysis(priors=None, reg_param=0.0,
                              store_covariance=False, tol=0.0001)
2022-03-04 16:27:46,077:INFO:create_model() succesfully completed......................................
2022-03-04 16:27:46,366:INFO:SubProcess create_model() end ==================================
2022-03-04 16:27:46,366:INFO:Creating metrics dataframe
2022-03-04 16:27:46,426:INFO:Initializing Ada Boost Classifier
2022-03-04 16:27:46,426:INFO:Total runtime is 2.4019359747568765 minutes
2022-03-04 16:27:46,440:INFO:SubProcess create_model() called ==================================
2022-03-04 16:27:46,440:INFO:Initializing create_model()
2022-03-04 16:27:46,440:INFO:create_model(estimator=ada, fold=StratifiedKFold(n_splits=10, random_state=None, shuffle=False), round=4, cross_validation=True, predict=True, fit_kwargs={}, groups=None, refit=False, verbose=False, system=False, metrics=None, add_to_model_list=True, probability_threshold=None, display=<pycaret.internal.Display.Display object at 0x00000171BC002D00>, kwargs={})
2022-03-04 16:27:46,441:INFO:Checking exceptions
2022-03-04 16:27:46,441:INFO:Importing libraries
2022-03-04 16:27:46,441:INFO:Copying training dataset
2022-03-04 16:27:46,446:INFO:Defining folds
2022-03-04 16:27:46,451:INFO:Declaring metric variables
2022-03-04 16:27:46,466:INFO:Importing untrained model
2022-03-04 16:27:46,476:INFO:Ada Boost Classifier Imported succesfully
2022-03-04 16:27:46,502:INFO:Starting cross validation
2022-03-04 16:27:46,503:INFO:Cross validating with StratifiedKFold(n_splits=10, random_state=None, shuffle=False), n_jobs=-1
2022-03-04 16:28:29,971:INFO:Calculating mean and std
2022-03-04 16:28:29,973:INFO:Creating metrics dataframe
2022-03-04 16:28:30,022:INFO:Uploading results into container
2022-03-04 16:28:30,023:INFO:Uploading model into container now
2022-03-04 16:28:30,023:INFO:create_model_container: 9
2022-03-04 16:28:30,023:INFO:master_model_container: 9
2022-03-04 16:28:30,023:INFO:display_container: 2
2022-03-04 16:28:30,024:INFO:AdaBoostClassifier(algorithm='SAMME.R', base_estimator=None, learning_rate=1.0,
                   n_estimators=50, random_state=786)
2022-03-04 16:28:30,024:INFO:create_model() succesfully completed......................................
2022-03-04 16:28:30,253:INFO:SubProcess create_model() end ==================================
2022-03-04 16:28:30,253:INFO:Creating metrics dataframe
2022-03-04 16:28:30,285:INFO:Initializing Gradient Boosting Classifier
2022-03-04 16:28:30,285:INFO:Total runtime is 3.132919148604075 minutes
2022-03-04 16:28:30,295:INFO:SubProcess create_model() called ==================================
2022-03-04 16:28:30,296:INFO:Initializing create_model()
2022-03-04 16:28:30,296:INFO:create_model(estimator=gbc, fold=StratifiedKFold(n_splits=10, random_state=None, shuffle=False), round=4, cross_validation=True, predict=True, fit_kwargs={}, groups=None, refit=False, verbose=False, system=False, metrics=None, add_to_model_list=True, probability_threshold=None, display=<pycaret.internal.Display.Display object at 0x00000171BC002D00>, kwargs={})
2022-03-04 16:28:30,296:INFO:Checking exceptions
2022-03-04 16:28:30,296:INFO:Importing libraries
2022-03-04 16:28:30,296:INFO:Copying training dataset
2022-03-04 16:28:30,298:INFO:Defining folds
2022-03-04 16:28:30,299:INFO:Declaring metric variables
2022-03-04 16:28:30,310:INFO:Importing untrained model
2022-03-04 16:28:30,323:INFO:Gradient Boosting Classifier Imported succesfully
2022-03-04 16:28:30,344:INFO:Starting cross validation
2022-03-04 16:28:30,345:INFO:Cross validating with StratifiedKFold(n_splits=10, random_state=None, shuffle=False), n_jobs=-1
2022-03-04 16:31:43,515:INFO:Calculating mean and std
2022-03-04 16:31:43,517:INFO:Creating metrics dataframe
2022-03-04 16:31:43,568:INFO:Uploading results into container
2022-03-04 16:31:43,568:INFO:Uploading model into container now
2022-03-04 16:31:43,569:INFO:create_model_container: 10
2022-03-04 16:31:43,569:INFO:master_model_container: 10
2022-03-04 16:31:43,569:INFO:display_container: 2
2022-03-04 16:31:43,569:INFO:GradientBoostingClassifier(ccp_alpha=0.0, criterion='friedman_mse', init=None,
                           learning_rate=0.1, loss='deviance', max_depth=3,
                           max_features=None, max_leaf_nodes=None,
                           min_impurity_decrease=0.0, min_impurity_split=None,
                           min_samples_leaf=1, min_samples_split=2,
                           min_weight_fraction_leaf=0.0, n_estimators=100,
                           n_iter_no_change=None, presort='deprecated',
                           random_state=786, subsample=1.0, tol=0.0001,
                           validation_fraction=0.1, verbose=0,
                           warm_start=False)
2022-03-04 16:31:43,569:INFO:create_model() succesfully completed......................................
2022-03-04 16:31:43,776:INFO:SubProcess create_model() end ==================================
2022-03-04 16:31:43,776:INFO:Creating metrics dataframe
2022-03-04 16:31:43,811:INFO:Initializing Linear Discriminant Analysis
2022-03-04 16:31:43,811:INFO:Total runtime is 6.35836013952891 minutes
2022-03-04 16:31:43,820:INFO:SubProcess create_model() called ==================================
2022-03-04 16:31:43,821:INFO:Initializing create_model()
2022-03-04 16:31:43,821:INFO:create_model(estimator=lda, fold=StratifiedKFold(n_splits=10, random_state=None, shuffle=False), round=4, cross_validation=True, predict=True, fit_kwargs={}, groups=None, refit=False, verbose=False, system=False, metrics=None, add_to_model_list=True, probability_threshold=None, display=<pycaret.internal.Display.Display object at 0x00000171BC002D00>, kwargs={})
2022-03-04 16:31:43,821:INFO:Checking exceptions
2022-03-04 16:31:43,821:INFO:Importing libraries
2022-03-04 16:31:43,822:INFO:Copying training dataset
2022-03-04 16:31:43,825:INFO:Defining folds
2022-03-04 16:31:43,825:INFO:Declaring metric variables
2022-03-04 16:31:43,835:INFO:Importing untrained model
2022-03-04 16:31:43,846:INFO:Linear Discriminant Analysis Imported succesfully
2022-03-04 16:31:43,866:INFO:Starting cross validation
2022-03-04 16:31:43,866:INFO:Cross validating with StratifiedKFold(n_splits=10, random_state=None, shuffle=False), n_jobs=-1
2022-03-04 16:31:45,961:INFO:Calculating mean and std
2022-03-04 16:31:45,962:INFO:Creating metrics dataframe
2022-03-04 16:31:46,004:INFO:Uploading results into container
2022-03-04 16:31:46,004:INFO:Uploading model into container now
2022-03-04 16:31:46,004:INFO:create_model_container: 11
2022-03-04 16:31:46,004:INFO:master_model_container: 11
2022-03-04 16:31:46,004:INFO:display_container: 2
2022-03-04 16:31:46,004:INFO:LinearDiscriminantAnalysis(n_components=None, priors=None, shrinkage=None,
                           solver='svd', store_covariance=False, tol=0.0001)
2022-03-04 16:31:46,004:INFO:create_model() succesfully completed......................................
2022-03-04 16:31:46,215:INFO:SubProcess create_model() end ==================================
2022-03-04 16:31:46,215:INFO:Creating metrics dataframe
2022-03-04 16:31:46,248:INFO:Initializing Extra Trees Classifier
2022-03-04 16:31:46,248:INFO:Total runtime is 6.398976957798005 minutes
2022-03-04 16:31:46,258:INFO:SubProcess create_model() called ==================================
2022-03-04 16:31:46,258:INFO:Initializing create_model()
2022-03-04 16:31:46,259:INFO:create_model(estimator=et, fold=StratifiedKFold(n_splits=10, random_state=None, shuffle=False), round=4, cross_validation=True, predict=True, fit_kwargs={}, groups=None, refit=False, verbose=False, system=False, metrics=None, add_to_model_list=True, probability_threshold=None, display=<pycaret.internal.Display.Display object at 0x00000171BC002D00>, kwargs={})
2022-03-04 16:31:46,259:INFO:Checking exceptions
2022-03-04 16:31:46,259:INFO:Importing libraries
2022-03-04 16:31:46,259:INFO:Copying training dataset
2022-03-04 16:31:46,261:INFO:Defining folds
2022-03-04 16:31:46,262:INFO:Declaring metric variables
2022-03-04 16:31:46,270:INFO:Importing untrained model
2022-03-04 16:31:46,280:INFO:Extra Trees Classifier Imported succesfully
2022-03-04 16:31:46,298:INFO:Starting cross validation
2022-03-04 16:31:46,299:INFO:Cross validating with StratifiedKFold(n_splits=10, random_state=None, shuffle=False), n_jobs=-1
2022-03-04 16:32:03,022:INFO:Calculating mean and std
2022-03-04 16:32:03,024:INFO:Creating metrics dataframe
2022-03-04 16:32:03,092:INFO:Uploading results into container
2022-03-04 16:32:03,092:INFO:Uploading model into container now
2022-03-04 16:32:03,092:INFO:create_model_container: 12
2022-03-04 16:32:03,093:INFO:master_model_container: 12
2022-03-04 16:32:03,093:INFO:display_container: 2
2022-03-04 16:32:03,094:INFO:ExtraTreesClassifier(bootstrap=False, ccp_alpha=0.0, class_weight=None,
                     criterion='gini', max_depth=None, max_features='auto',
                     max_leaf_nodes=None, max_samples=None,
                     min_impurity_decrease=0.0, min_impurity_split=None,
                     min_samples_leaf=1, min_samples_split=2,
                     min_weight_fraction_leaf=0.0, n_estimators=100, n_jobs=-1,
                     oob_score=False, random_state=786, verbose=0,
                     warm_start=False)
2022-03-04 16:32:03,094:INFO:create_model() succesfully completed......................................
2022-03-04 16:32:03,401:INFO:SubProcess create_model() end ==================================
2022-03-04 16:32:03,401:INFO:Creating metrics dataframe
2022-03-04 16:32:03,452:INFO:Initializing Light Gradient Boosting Machine
2022-03-04 16:32:03,452:INFO:Total runtime is 6.685696613788605 minutes
2022-03-04 16:32:03,468:INFO:SubProcess create_model() called ==================================
2022-03-04 16:32:03,468:INFO:Initializing create_model()
2022-03-04 16:32:03,469:INFO:create_model(estimator=lightgbm, fold=StratifiedKFold(n_splits=10, random_state=None, shuffle=False), round=4, cross_validation=True, predict=True, fit_kwargs={}, groups=None, refit=False, verbose=False, system=False, metrics=None, add_to_model_list=True, probability_threshold=None, display=<pycaret.internal.Display.Display object at 0x00000171BC002D00>, kwargs={})
2022-03-04 16:32:03,469:INFO:Checking exceptions
2022-03-04 16:32:03,469:INFO:Importing libraries
2022-03-04 16:32:03,469:INFO:Copying training dataset
2022-03-04 16:32:03,473:INFO:Defining folds
2022-03-04 16:32:03,473:INFO:Declaring metric variables
2022-03-04 16:32:03,486:INFO:Importing untrained model
2022-03-04 16:32:03,500:INFO:Light Gradient Boosting Machine Imported succesfully
2022-03-04 16:32:03,527:INFO:Starting cross validation
2022-03-04 16:32:03,528:INFO:Cross validating with StratifiedKFold(n_splits=10, random_state=None, shuffle=False), n_jobs=-1
2022-03-04 16:32:11,322:INFO:Calculating mean and std
2022-03-04 16:32:11,324:INFO:Creating metrics dataframe
2022-03-04 16:32:11,380:INFO:Uploading results into container
2022-03-04 16:32:11,380:INFO:Uploading model into container now
2022-03-04 16:32:11,380:INFO:create_model_container: 13
2022-03-04 16:32:11,381:INFO:master_model_container: 13
2022-03-04 16:32:11,381:INFO:display_container: 2
2022-03-04 16:32:11,382:INFO:LGBMClassifier(boosting_type='gbdt', class_weight=None, colsample_bytree=1.0,
               importance_type='split', learning_rate=0.1, max_depth=-1,
               min_child_samples=20, min_child_weight=0.001, min_split_gain=0.0,
               n_estimators=100, n_jobs=-1, num_leaves=31, objective=None,
               random_state=786, reg_alpha=0.0, reg_lambda=0.0, silent='warn',
               subsample=1.0, subsample_for_bin=200000, subsample_freq=0)
2022-03-04 16:32:11,382:INFO:create_model() succesfully completed......................................
2022-03-04 16:32:11,693:INFO:SubProcess create_model() end ==================================
2022-03-04 16:32:11,694:INFO:Creating metrics dataframe
2022-03-04 16:32:11,759:INFO:Initializing Dummy Classifier
2022-03-04 16:32:11,759:INFO:Total runtime is 6.8241467316945394 minutes
2022-03-04 16:32:11,772:INFO:SubProcess create_model() called ==================================
2022-03-04 16:32:11,773:INFO:Initializing create_model()
2022-03-04 16:32:11,773:INFO:create_model(estimator=dummy, fold=StratifiedKFold(n_splits=10, random_state=None, shuffle=False), round=4, cross_validation=True, predict=True, fit_kwargs={}, groups=None, refit=False, verbose=False, system=False, metrics=None, add_to_model_list=True, probability_threshold=None, display=<pycaret.internal.Display.Display object at 0x00000171BC002D00>, kwargs={})
2022-03-04 16:32:11,773:INFO:Checking exceptions
2022-03-04 16:32:11,774:INFO:Importing libraries
2022-03-04 16:32:11,774:INFO:Copying training dataset
2022-03-04 16:32:11,777:INFO:Defining folds
2022-03-04 16:32:11,777:INFO:Declaring metric variables
2022-03-04 16:32:11,789:INFO:Importing untrained model
2022-03-04 16:32:11,801:INFO:Dummy Classifier Imported succesfully
2022-03-04 16:32:11,833:INFO:Starting cross validation
2022-03-04 16:32:11,835:INFO:Cross validating with StratifiedKFold(n_splits=10, random_state=None, shuffle=False), n_jobs=-1
2022-03-04 16:32:12,632:INFO:Calculating mean and std
2022-03-04 16:32:12,633:INFO:Creating metrics dataframe
2022-03-04 16:32:12,693:INFO:Uploading results into container
2022-03-04 16:32:12,694:INFO:Uploading model into container now
2022-03-04 16:32:12,694:INFO:create_model_container: 14
2022-03-04 16:32:12,694:INFO:master_model_container: 14
2022-03-04 16:32:12,694:INFO:display_container: 2
2022-03-04 16:32:12,694:INFO:DummyClassifier(constant=None, random_state=786, strategy='prior')
2022-03-04 16:32:12,695:INFO:create_model() succesfully completed......................................
2022-03-04 16:32:13,006:INFO:SubProcess create_model() end ==================================
2022-03-04 16:32:13,007:INFO:Creating metrics dataframe
2022-03-04 16:32:13,085:INFO:Initializing create_model()
2022-03-04 16:32:13,085:INFO:create_model(estimator=DummyClassifier(constant=None, random_state=786, strategy='prior'), fold=StratifiedKFold(n_splits=10, random_state=None, shuffle=False), round=4, cross_validation=False, predict=False, fit_kwargs={}, groups=None, refit=True, verbose=False, system=False, metrics=None, add_to_model_list=True, probability_threshold=None, display=None, kwargs={})
2022-03-04 16:32:13,086:INFO:Checking exceptions
2022-03-04 16:32:13,087:INFO:Importing libraries
2022-03-04 16:32:13,087:INFO:Copying training dataset
2022-03-04 16:32:13,090:INFO:Defining folds
2022-03-04 16:32:13,090:INFO:Declaring metric variables
2022-03-04 16:32:13,090:INFO:Importing untrained model
2022-03-04 16:32:13,090:INFO:Declaring custom model
2022-03-04 16:32:13,091:INFO:Dummy Classifier Imported succesfully
2022-03-04 16:32:13,092:INFO:Cross validation set to False
2022-03-04 16:32:13,092:INFO:Fitting Model
2022-03-04 16:32:13,218:INFO:DummyClassifier(constant=None, random_state=786, strategy='prior')
2022-03-04 16:32:13,218:INFO:create_models() succesfully completed......................................
2022-03-04 16:32:13,485:INFO:create_model_container: 14
2022-03-04 16:32:13,485:INFO:master_model_container: 14
2022-03-04 16:32:13,486:INFO:display_container: 2
2022-03-04 16:32:13,486:INFO:DummyClassifier(constant=None, random_state=786, strategy='prior')
2022-03-04 16:32:13,486:INFO:compare_models() succesfully completed......................................
2022-03-04 16:36:01,143:INFO:Initializing create_model()
2022-03-04 16:36:01,143:INFO:create_model(estimator=lr, fold=None, round=4, cross_validation=True, predict=True, fit_kwargs=None, groups=None, refit=True, verbose=False, system=True, metrics=None, add_to_model_list=True, probability_threshold=None, display=None, kwargs={})
2022-03-04 16:36:01,143:INFO:Checking exceptions
2022-03-04 16:36:01,143:INFO:Importing libraries
2022-03-04 16:36:01,143:INFO:Copying training dataset
2022-03-04 16:36:01,145:INFO:Defining folds
2022-03-04 16:36:01,145:INFO:Declaring metric variables
2022-03-04 16:36:01,145:INFO:Importing untrained model
2022-03-04 16:36:01,146:INFO:Logistic Regression Imported succesfully
2022-03-04 16:36:01,146:INFO:Starting cross validation
2022-03-04 16:36:01,146:INFO:Cross validating with StratifiedKFold(n_splits=10, random_state=None, shuffle=False), n_jobs=-1
2022-03-04 16:36:33,646:INFO:Calculating mean and std
2022-03-04 16:36:33,647:INFO:Creating metrics dataframe
2022-03-04 16:36:33,687:INFO:Finalizing model
2022-03-04 16:36:40,000:INFO:Uploading results into container
2022-03-04 16:36:40,000:INFO:Uploading model into container now
2022-03-04 16:36:40,000:INFO:create_model_container: 15
2022-03-04 16:36:40,000:INFO:master_model_container: 15
2022-03-04 16:36:40,001:INFO:display_container: 3
2022-03-04 16:36:40,001:INFO:LogisticRegression(C=1.0, class_weight=None, dual=False, fit_intercept=True,
                   intercept_scaling=1, l1_ratio=None, max_iter=1000,
                   multi_class='auto', n_jobs=None, penalty='l2',
                   random_state=786, solver='lbfgs', tol=0.0001, verbose=0,
                   warm_start=False)
2022-03-04 16:36:40,001:INFO:create_model() succesfully completed......................................
2022-03-04 16:36:43,233:INFO:Initializing tune_model()
2022-03-04 16:36:43,233:INFO:tune_model(estimator=LogisticRegression(C=1.0, class_weight=None, dual=False, fit_intercept=True,
                   intercept_scaling=1, l1_ratio=None, max_iter=1000,
                   multi_class='auto', n_jobs=None, penalty='l2',
                   random_state=786, solver='lbfgs', tol=0.0001, verbose=0,
                   warm_start=False), fold=None, round=4, n_iter=10, custom_grid=None, optimize=Recall, custom_scorer=None, search_library=scikit-learn, search_algorithm=None, early_stopping=False, early_stopping_max_iters=10, choose_better=False, fit_kwargs=None, groups=None, return_tuner=False, verbose=True, tuner_verbose=True, display=None, kwargs={})
2022-03-04 16:36:43,233:INFO:Checking exceptions
2022-03-04 16:36:43,235:INFO:Preparing display monitor
2022-03-04 16:36:43,253:INFO:Copying training dataset
2022-03-04 16:36:43,255:INFO:Checking base model
2022-03-04 16:36:43,255:INFO:Base model : Logistic Regression
2022-03-04 16:36:43,264:INFO:Declaring metric variables
2022-03-04 16:36:43,272:INFO:Defining Hyperparameters
2022-03-04 16:36:43,465:INFO:Tuning with n_jobs=-1
2022-03-04 16:36:43,465:INFO:Initializing RandomizedSearchCV
2022-03-04 16:41:10,303:INFO:best_params: {'actual_estimator__class_weight': {}, 'actual_estimator__C': 4.972}
2022-03-04 16:41:10,304:INFO:Hyperparameter search completed
2022-03-04 16:41:10,304:INFO:SubProcess create_model() called ==================================
2022-03-04 16:41:10,305:INFO:Initializing create_model()
2022-03-04 16:41:10,305:INFO:create_model(estimator=LogisticRegression(C=1.0, class_weight=None, dual=False, fit_intercept=True,
                   intercept_scaling=1, l1_ratio=None, max_iter=1000,
                   multi_class='auto', n_jobs=None, penalty='l2',
                   random_state=786, solver='lbfgs', tol=0.0001, verbose=0,
                   warm_start=False), fold=StratifiedKFold(n_splits=10, random_state=None, shuffle=False), round=4, cross_validation=True, predict=True, fit_kwargs={}, groups=None, refit=True, verbose=True, system=False, metrics=None, add_to_model_list=True, probability_threshold=None, display=<pycaret.internal.Display.Display object at 0x00000171BBDC2B20>, kwargs={'class_weight': {}, 'C': 4.972})
2022-03-04 16:41:10,305:INFO:Checking exceptions
2022-03-04 16:41:10,305:INFO:Importing libraries
2022-03-04 16:41:10,305:INFO:Copying training dataset
2022-03-04 16:41:10,308:INFO:Defining folds
2022-03-04 16:41:10,308:INFO:Declaring metric variables
2022-03-04 16:41:10,318:INFO:Importing untrained model
2022-03-04 16:41:10,319:INFO:Declaring custom model
2022-03-04 16:41:10,330:INFO:Logistic Regression Imported succesfully
2022-03-04 16:41:10,352:INFO:Starting cross validation
2022-03-04 16:41:10,354:INFO:Cross validating with StratifiedKFold(n_splits=10, random_state=None, shuffle=False), n_jobs=-1
2022-03-04 16:41:38,775:INFO:Calculating mean and std
2022-03-04 16:41:38,776:INFO:Creating metrics dataframe
2022-03-04 16:41:38,824:INFO:Finalizing model
2022-03-04 16:41:45,217:INFO:Uploading results into container
2022-03-04 16:41:45,217:INFO:Uploading model into container now
2022-03-04 16:41:45,217:INFO:create_model_container: 16
2022-03-04 16:41:45,217:INFO:master_model_container: 16
2022-03-04 16:41:45,217:INFO:display_container: 4
2022-03-04 16:41:45,218:INFO:LogisticRegression(C=4.972, class_weight={}, dual=False, fit_intercept=True,
                   intercept_scaling=1, l1_ratio=None, max_iter=1000,
                   multi_class='auto', n_jobs=None, penalty='l2',
                   random_state=786, solver='lbfgs', tol=0.0001, verbose=0,
                   warm_start=False)
2022-03-04 16:41:45,218:INFO:create_model() succesfully completed......................................
2022-03-04 16:41:45,457:INFO:SubProcess create_model() end ==================================
2022-03-04 16:41:45,486:INFO:create_model_container: 16
2022-03-04 16:41:45,487:INFO:master_model_container: 16
2022-03-04 16:41:45,487:INFO:display_container: 4
2022-03-04 16:41:45,487:INFO:LogisticRegression(C=4.972, class_weight={}, dual=False, fit_intercept=True,
                   intercept_scaling=1, l1_ratio=None, max_iter=1000,
                   multi_class='auto', n_jobs=None, penalty='l2',
                   random_state=786, solver='lbfgs', tol=0.0001, verbose=0,
                   warm_start=False)
2022-03-04 16:41:45,487:INFO:tune_model() succesfully completed......................................
2022-03-04 16:42:06,009:INFO:Initializing plot_model()
2022-03-04 16:42:06,009:INFO:plot_model(fold=None, use_train_data=False, verbose=True, is_in_evaluate=False, display=None, display_format=None, estimator=LogisticRegression(C=4.972, class_weight={}, dual=False, fit_intercept=True,
                   intercept_scaling=1, l1_ratio=None, max_iter=1000,
                   multi_class='auto', n_jobs=None, penalty='l2',
                   random_state=786, solver='lbfgs', tol=0.0001, verbose=0,
                   warm_start=False), feature_name=None, fit_kwargs=None, groups=None, label=False, plot=confusion_matrix, plot_kwargs=None, save=False, scale=1, system=True)
2022-03-04 16:42:06,010:INFO:Checking exceptions
2022-03-04 16:42:06,011:INFO:Preparing display monitor
2022-03-04 16:42:06,022:INFO:Preloading libraries
2022-03-04 16:42:06,024:INFO:Copying training dataset
2022-03-04 16:42:06,026:INFO:Copying test dataset
2022-03-04 16:42:06,027:INFO:Plot type: confusion_matrix
2022-03-04 16:42:06,029:INFO:Initializing get_config()
2022-03-04 16:42:06,029:INFO:get_config(variable=prep_pipe)
2022-03-04 16:42:06,035:INFO:Global variable: prep_pipe returned as Pipeline(memory=None,
         steps=[('dtypes',
                 DataTypes_Auto_infer(categorical_features=[],
                                      display_types=True, features_todrop=[],
                                      id_columns=[],
                                      ml_usecase='classification',
                                      numerical_features=[],
                                      target='about_to_fail_2d',
                                      time_features=[])),
                ('imputer',
                 Simple_Imputer(categorical_strategy='not_available',
                                fill_value_categorical=None,
                                fill_value_numerical=None,
                                num...
                ('scaling', 'passthrough'), ('P_transform', 'passthrough'),
                ('binn', 'passthrough'), ('rem_outliers', 'passthrough'),
                ('cluster_all', 'passthrough'),
                ('dummy', Dummify(target='about_to_fail_2d')),
                ('fix_perfect', Remove_100(target='about_to_fail_2d')),
                ('clean_names', Clean_Colum_Names()),
                ('feature_select', 'passthrough'), ('fix_multi', 'passthrough'),
                ('dfs', 'passthrough'), ('pca', 'passthrough')],
         verbose=False)
2022-03-04 16:42:06,035:INFO:get_config() succesfully completed......................................
2022-03-04 16:42:06,036:INFO:Fitting Model
2022-03-04 16:42:06,037:INFO:Scoring test/hold-out set
2022-03-04 16:42:06,174:INFO:Visual Rendered Successfully
2022-03-04 16:42:06,372:INFO:plot_model() succesfully completed......................................
2022-03-04 16:43:26,212:INFO:Initializing plot_model()
2022-03-04 16:43:26,212:INFO:plot_model(fold=None, use_train_data=False, verbose=True, is_in_evaluate=False, display=None, display_format=None, estimator=LogisticRegression(C=4.972, class_weight={}, dual=False, fit_intercept=True,
                   intercept_scaling=1, l1_ratio=None, max_iter=1000,
                   multi_class='auto', n_jobs=None, penalty='l2',
                   random_state=786, solver='lbfgs', tol=0.0001, verbose=0,
                   warm_start=False), feature_name=None, fit_kwargs=None, groups=None, label=False, plot=confusion_matrix, plot_kwargs=None, save=False, scale=1, system=True)
2022-03-04 16:43:26,213:INFO:Checking exceptions
2022-03-04 16:43:26,214:INFO:Preparing display monitor
2022-03-04 16:43:26,223:INFO:Preloading libraries
2022-03-04 16:43:26,224:INFO:Copying training dataset
2022-03-04 16:43:26,226:INFO:Copying test dataset
2022-03-04 16:43:26,226:INFO:Plot type: confusion_matrix
2022-03-04 16:43:26,227:INFO:Initializing get_config()
2022-03-04 16:43:26,228:INFO:get_config(variable=prep_pipe)
2022-03-04 16:43:26,233:INFO:Global variable: prep_pipe returned as Pipeline(memory=None,
         steps=[('dtypes',
                 DataTypes_Auto_infer(categorical_features=[],
                                      display_types=True, features_todrop=[],
                                      id_columns=[],
                                      ml_usecase='classification',
                                      numerical_features=[],
                                      target='about_to_fail_2d',
                                      time_features=[])),
                ('imputer',
                 Simple_Imputer(categorical_strategy='not_available',
                                fill_value_categorical=None,
                                fill_value_numerical=None,
                                num...
                ('scaling', 'passthrough'), ('P_transform', 'passthrough'),
                ('binn', 'passthrough'), ('rem_outliers', 'passthrough'),
                ('cluster_all', 'passthrough'),
                ('dummy', Dummify(target='about_to_fail_2d')),
                ('fix_perfect', Remove_100(target='about_to_fail_2d')),
                ('clean_names', Clean_Colum_Names()),
                ('feature_select', 'passthrough'), ('fix_multi', 'passthrough'),
                ('dfs', 'passthrough'), ('pca', 'passthrough')],
         verbose=False)
2022-03-04 16:43:26,234:INFO:get_config() succesfully completed......................................
2022-03-04 16:43:26,235:INFO:Fitting Model
2022-03-04 16:43:26,236:INFO:Scoring test/hold-out set
2022-03-04 16:43:26,350:INFO:Visual Rendered Successfully
2022-03-04 16:43:26,546:INFO:plot_model() succesfully completed......................................
2022-03-04 16:45:09,509:INFO:Initializing predict_model()
2022-03-04 16:45:09,509:INFO:predict_model(estimator=LogisticRegression(C=4.972, class_weight={}, dual=False, fit_intercept=True,
                   intercept_scaling=1, l1_ratio=None, max_iter=1000,
                   multi_class='auto', n_jobs=None, penalty='l2',
                   random_state=786, solver='lbfgs', tol=0.0001, verbose=0,
                   warm_start=False), probability_threshold=None, encoded_labels=False, drift_report=False, raw_score=False, round=4, verbose=True, ml_usecase=MLUsecase.CLASSIFICATION, display=None)
2022-03-04 16:45:09,509:INFO:Checking exceptions
2022-03-04 16:45:09,509:INFO:Preloading libraries
2022-03-04 16:45:09,509:INFO:Preparing display monitor
2022-03-04 20:33:33,862:INFO:Initializing tune_model()
2022-03-04 20:33:33,862:INFO:tune_model(estimator=LogisticRegression(C=1.0, class_weight=None, dual=False, fit_intercept=True,
                   intercept_scaling=1, l1_ratio=None, max_iter=1000,
                   multi_class='auto', n_jobs=None, penalty='l2',
                   random_state=786, solver='lbfgs', tol=0.0001, verbose=0,
                   warm_start=False), fold=None, round=4, n_iter=10, custom_grid=None, optimize=AUC, custom_scorer=None, search_library=scikit-learn, search_algorithm=None, early_stopping=False, early_stopping_max_iters=10, choose_better=False, fit_kwargs=None, groups=None, return_tuner=False, verbose=True, tuner_verbose=True, display=None, kwargs={})
2022-03-04 20:33:33,862:INFO:Checking exceptions
2022-03-04 20:33:33,863:INFO:Preparing display monitor
2022-03-04 20:33:33,882:INFO:Copying training dataset
2022-03-04 20:33:33,885:INFO:Checking base model
2022-03-04 20:33:33,885:INFO:Base model : Logistic Regression
2022-03-04 20:33:33,892:INFO:Declaring metric variables
2022-03-04 20:33:33,899:INFO:Defining Hyperparameters
2022-03-04 20:33:34,123:INFO:Tuning with n_jobs=-1
2022-03-04 20:33:34,123:INFO:Initializing RandomizedSearchCV
2022-03-04 20:38:25,995:INFO:best_params: {'actual_estimator__class_weight': {}, 'actual_estimator__C': 1.503}
2022-03-04 20:38:25,996:INFO:Hyperparameter search completed
2022-03-04 20:38:25,996:INFO:SubProcess create_model() called ==================================
2022-03-04 20:38:25,998:INFO:Initializing create_model()
2022-03-04 20:38:25,998:INFO:create_model(estimator=LogisticRegression(C=1.0, class_weight=None, dual=False, fit_intercept=True,
                   intercept_scaling=1, l1_ratio=None, max_iter=1000,
                   multi_class='auto', n_jobs=None, penalty='l2',
                   random_state=786, solver='lbfgs', tol=0.0001, verbose=0,
                   warm_start=False), fold=StratifiedKFold(n_splits=10, random_state=None, shuffle=False), round=4, cross_validation=True, predict=True, fit_kwargs={}, groups=None, refit=True, verbose=True, system=False, metrics=None, add_to_model_list=True, probability_threshold=None, display=<pycaret.internal.Display.Display object at 0x00000171A7AE7340>, kwargs={'class_weight': {}, 'C': 1.503})
2022-03-04 20:38:25,998:INFO:Checking exceptions
2022-03-04 20:38:25,998:INFO:Importing libraries
2022-03-04 20:38:25,998:INFO:Copying training dataset
2022-03-04 20:38:26,001:INFO:Defining folds
2022-03-04 20:38:26,001:INFO:Declaring metric variables
2022-03-04 20:38:26,011:INFO:Importing untrained model
2022-03-04 20:38:26,011:INFO:Declaring custom model
2022-03-04 20:38:26,020:INFO:Logistic Regression Imported succesfully
2022-03-04 20:38:26,039:INFO:Starting cross validation
2022-03-04 20:38:26,040:INFO:Cross validating with StratifiedKFold(n_splits=10, random_state=None, shuffle=False), n_jobs=-1
2022-03-04 20:38:54,555:INFO:Calculating mean and std
2022-03-04 20:38:54,555:INFO:Creating metrics dataframe
2022-03-04 20:38:54,605:INFO:Finalizing model
2022-03-04 20:39:02,538:INFO:Uploading results into container
2022-03-04 20:39:02,538:INFO:Uploading model into container now
2022-03-04 20:39:02,539:INFO:create_model_container: 17
2022-03-04 20:39:02,539:INFO:master_model_container: 17
2022-03-04 20:39:02,539:INFO:display_container: 5
2022-03-04 20:39:02,540:INFO:LogisticRegression(C=1.503, class_weight={}, dual=False, fit_intercept=True,
                   intercept_scaling=1, l1_ratio=None, max_iter=1000,
                   multi_class='auto', n_jobs=None, penalty='l2',
                   random_state=786, solver='lbfgs', tol=0.0001, verbose=0,
                   warm_start=False)
2022-03-04 20:39:02,540:INFO:create_model() succesfully completed......................................
2022-03-04 20:39:02,816:INFO:SubProcess create_model() end ==================================
2022-03-04 20:39:02,846:INFO:create_model_container: 17
2022-03-04 20:39:02,847:INFO:master_model_container: 17
2022-03-04 20:39:02,847:INFO:display_container: 5
2022-03-04 20:39:02,847:INFO:LogisticRegression(C=1.503, class_weight={}, dual=False, fit_intercept=True,
                   intercept_scaling=1, l1_ratio=None, max_iter=1000,
                   multi_class='auto', n_jobs=None, penalty='l2',
                   random_state=786, solver='lbfgs', tol=0.0001, verbose=0,
                   warm_start=False)
2022-03-04 20:39:02,847:INFO:tune_model() succesfully completed......................................
2022-03-04 20:41:16,512:INFO:Initializing plot_model()
2022-03-04 20:41:16,512:INFO:plot_model(fold=None, use_train_data=False, verbose=True, is_in_evaluate=False, display=None, display_format=None, estimator=LogisticRegression(C=1.503, class_weight={}, dual=False, fit_intercept=True,
                   intercept_scaling=1, l1_ratio=None, max_iter=1000,
                   multi_class='auto', n_jobs=None, penalty='l2',
                   random_state=786, solver='lbfgs', tol=0.0001, verbose=0,
                   warm_start=False), feature_name=None, fit_kwargs=None, groups=None, label=False, plot=confusion_matrix, plot_kwargs=None, save=False, scale=1, system=True)
2022-03-04 20:41:16,512:INFO:Checking exceptions
2022-03-04 20:41:16,513:INFO:Preparing display monitor
2022-03-04 20:41:16,520:INFO:Preloading libraries
2022-03-04 20:41:16,521:INFO:Copying training dataset
2022-03-04 20:41:16,523:INFO:Copying test dataset
2022-03-04 20:41:16,523:INFO:Plot type: confusion_matrix
2022-03-04 20:41:16,525:INFO:Initializing get_config()
2022-03-04 20:41:16,525:INFO:get_config(variable=prep_pipe)
2022-03-04 20:41:16,531:INFO:Global variable: prep_pipe returned as Pipeline(memory=None,
         steps=[('dtypes',
                 DataTypes_Auto_infer(categorical_features=[],
                                      display_types=True, features_todrop=[],
                                      id_columns=[],
                                      ml_usecase='classification',
                                      numerical_features=[],
                                      target='about_to_fail_2d',
                                      time_features=[])),
                ('imputer',
                 Simple_Imputer(categorical_strategy='not_available',
                                fill_value_categorical=None,
                                fill_value_numerical=None,
                                num...
                ('scaling', 'passthrough'), ('P_transform', 'passthrough'),
                ('binn', 'passthrough'), ('rem_outliers', 'passthrough'),
                ('cluster_all', 'passthrough'),
                ('dummy', Dummify(target='about_to_fail_2d')),
                ('fix_perfect', Remove_100(target='about_to_fail_2d')),
                ('clean_names', Clean_Colum_Names()),
                ('feature_select', 'passthrough'), ('fix_multi', 'passthrough'),
                ('dfs', 'passthrough'), ('pca', 'passthrough')],
         verbose=False)
2022-03-04 20:41:16,531:INFO:get_config() succesfully completed......................................
2022-03-04 20:41:16,532:INFO:Fitting Model
2022-03-04 20:41:16,533:INFO:Scoring test/hold-out set
2022-03-04 20:41:16,652:INFO:Visual Rendered Successfully
2022-03-04 20:41:16,860:INFO:plot_model() succesfully completed......................................
2022-03-04 20:43:42,579:INFO:Initializing create_model()
2022-03-04 20:43:42,579:INFO:create_model(estimator=svm, fold=None, round=4, cross_validation=True, predict=True, fit_kwargs=None, groups=None, refit=True, verbose=False, system=True, metrics=None, add_to_model_list=True, probability_threshold=None, display=None, kwargs={})
2022-03-04 20:43:42,579:INFO:Checking exceptions
2022-03-04 20:43:42,580:INFO:Importing libraries
2022-03-04 20:43:42,580:INFO:Copying training dataset
2022-03-04 20:43:42,581:INFO:Defining folds
2022-03-04 20:43:42,582:INFO:Declaring metric variables
2022-03-04 20:43:42,582:INFO:Importing untrained model
2022-03-04 20:43:42,582:INFO:SVM - Linear Kernel Imported succesfully
2022-03-04 20:43:42,582:INFO:Starting cross validation
2022-03-04 20:43:42,583:INFO:Cross validating with StratifiedKFold(n_splits=10, random_state=None, shuffle=False), n_jobs=-1
2022-03-04 20:43:57,266:INFO:Calculating mean and std
2022-03-04 20:43:57,266:INFO:Creating metrics dataframe
2022-03-04 20:43:57,311:INFO:Finalizing model
2022-03-04 20:44:02,516:INFO:Uploading results into container
2022-03-04 20:44:02,516:INFO:Uploading model into container now
2022-03-04 20:44:02,516:INFO:create_model_container: 18
2022-03-04 20:44:02,516:INFO:master_model_container: 18
2022-03-04 20:44:02,516:INFO:display_container: 6
2022-03-04 20:44:02,517:INFO:SGDClassifier(alpha=0.0001, average=False, class_weight=None,
              early_stopping=False, epsilon=0.1, eta0=0.001, fit_intercept=True,
              l1_ratio=0.15, learning_rate='optimal', loss='hinge',
              max_iter=1000, n_iter_no_change=5, n_jobs=-1, penalty='l2',
              power_t=0.5, random_state=786, shuffle=True, tol=0.001,
              validation_fraction=0.1, verbose=0, warm_start=False)
2022-03-04 20:44:02,517:INFO:create_model() succesfully completed......................................
2022-03-04 20:44:02,753:INFO:Initializing tune_model()
2022-03-04 20:44:02,753:INFO:tune_model(estimator=SGDClassifier(alpha=0.0001, average=False, class_weight=None,
              early_stopping=False, epsilon=0.1, eta0=0.001, fit_intercept=True,
              l1_ratio=0.15, learning_rate='optimal', loss='hinge',
              max_iter=1000, n_iter_no_change=5, n_jobs=-1, penalty='l2',
              power_t=0.5, random_state=786, shuffle=True, tol=0.001,
              validation_fraction=0.1, verbose=0, warm_start=False), fold=None, round=4, n_iter=10, custom_grid=None, optimize=AUC, custom_scorer=None, search_library=scikit-learn, search_algorithm=None, early_stopping=False, early_stopping_max_iters=10, choose_better=False, fit_kwargs=None, groups=None, return_tuner=False, verbose=True, tuner_verbose=True, display=None, kwargs={})
2022-03-04 20:44:02,753:INFO:Checking exceptions
2022-03-04 20:44:02,755:INFO:Preparing display monitor
2022-03-04 20:44:02,773:INFO:Copying training dataset
2022-03-04 20:44:02,776:INFO:Checking base model
2022-03-04 20:44:02,776:INFO:Base model : SVM - Linear Kernel
2022-03-04 20:44:02,785:INFO:Declaring metric variables
2022-03-04 20:44:02,794:INFO:Defining Hyperparameters
2022-03-04 20:44:03,000:INFO:Tuning with n_jobs=-1
2022-03-04 20:44:03,000:INFO:Initializing RandomizedSearchCV
2022-03-04 20:45:15,750:INFO:best_params: {'actual_estimator__penalty': 'l1', 'actual_estimator__learning_rate': 'adaptive', 'actual_estimator__l1_ratio': 0.2600000001, 'actual_estimator__fit_intercept': True, 'actual_estimator__eta0': 0.001, 'actual_estimator__alpha': 0.01}
2022-03-04 20:45:15,751:INFO:Hyperparameter search completed
2022-03-04 20:45:15,751:INFO:SubProcess create_model() called ==================================
2022-03-04 20:45:15,752:INFO:Initializing create_model()
2022-03-04 20:45:15,752:INFO:create_model(estimator=SGDClassifier(alpha=0.0001, average=False, class_weight=None,
              early_stopping=False, epsilon=0.1, eta0=0.001, fit_intercept=True,
              l1_ratio=0.15, learning_rate='optimal', loss='hinge',
              max_iter=1000, n_iter_no_change=5, n_jobs=-1, penalty='l2',
              power_t=0.5, random_state=786, shuffle=True, tol=0.001,
              validation_fraction=0.1, verbose=0, warm_start=False), fold=StratifiedKFold(n_splits=10, random_state=None, shuffle=False), round=4, cross_validation=True, predict=True, fit_kwargs={}, groups=None, refit=True, verbose=True, system=False, metrics=None, add_to_model_list=True, probability_threshold=None, display=<pycaret.internal.Display.Display object at 0x00000171AA865850>, kwargs={'penalty': 'l1', 'learning_rate': 'adaptive', 'l1_ratio': 0.2600000001, 'fit_intercept': True, 'eta0': 0.001, 'alpha': 0.01})
2022-03-04 20:45:15,752:INFO:Checking exceptions
2022-03-04 20:45:15,752:INFO:Importing libraries
2022-03-04 20:45:15,752:INFO:Copying training dataset
2022-03-04 20:45:15,755:INFO:Defining folds
2022-03-04 20:45:15,755:INFO:Declaring metric variables
2022-03-04 20:45:15,763:INFO:Importing untrained model
2022-03-04 20:45:15,763:INFO:Declaring custom model
2022-03-04 20:45:15,772:INFO:SVM - Linear Kernel Imported succesfully
2022-03-04 20:45:15,788:INFO:Starting cross validation
2022-03-04 20:45:15,789:INFO:Cross validating with StratifiedKFold(n_splits=10, random_state=None, shuffle=False), n_jobs=-1
2022-03-04 20:45:37,061:INFO:Calculating mean and std
2022-03-04 20:45:37,062:INFO:Creating metrics dataframe
2022-03-04 20:45:37,109:INFO:Finalizing model
2022-03-04 20:45:42,150:INFO:Uploading results into container
2022-03-04 20:45:42,150:INFO:Uploading model into container now
2022-03-04 20:45:42,150:INFO:create_model_container: 19
2022-03-04 20:45:42,150:INFO:master_model_container: 19
2022-03-04 20:45:42,150:INFO:display_container: 7
2022-03-04 20:45:42,151:INFO:SGDClassifier(alpha=0.01, average=False, class_weight=None,
              early_stopping=False, epsilon=0.1, eta0=0.001, fit_intercept=True,
              l1_ratio=0.2600000001, learning_rate='adaptive', loss='hinge',
              max_iter=1000, n_iter_no_change=5, n_jobs=-1, penalty='l1',
              power_t=0.5, random_state=786, shuffle=True, tol=0.001,
              validation_fraction=0.1, verbose=0, warm_start=False)
2022-03-04 20:45:42,151:INFO:create_model() succesfully completed......................................
2022-03-04 20:45:42,390:INFO:SubProcess create_model() end ==================================
2022-03-04 20:45:42,419:INFO:create_model_container: 19
2022-03-04 20:45:42,419:INFO:master_model_container: 19
2022-03-04 20:45:42,419:INFO:display_container: 7
2022-03-04 20:45:42,421:INFO:SGDClassifier(alpha=0.01, average=False, class_weight=None,
              early_stopping=False, epsilon=0.1, eta0=0.001, fit_intercept=True,
              l1_ratio=0.2600000001, learning_rate='adaptive', loss='hinge',
              max_iter=1000, n_iter_no_change=5, n_jobs=-1, penalty='l1',
              power_t=0.5, random_state=786, shuffle=True, tol=0.001,
              validation_fraction=0.1, verbose=0, warm_start=False)
2022-03-04 20:45:42,421:INFO:tune_model() succesfully completed......................................
2022-03-04 20:47:26,913:INFO:Initializing plot_model()
2022-03-04 20:47:26,914:INFO:plot_model(fold=None, use_train_data=False, verbose=True, is_in_evaluate=False, display=None, display_format=None, estimator=SGDClassifier(alpha=0.01, average=False, class_weight=None,
              early_stopping=False, epsilon=0.1, eta0=0.001, fit_intercept=True,
              l1_ratio=0.2600000001, learning_rate='adaptive', loss='hinge',
              max_iter=1000, n_iter_no_change=5, n_jobs=-1, penalty='l1',
              power_t=0.5, random_state=786, shuffle=True, tol=0.001,
              validation_fraction=0.1, verbose=0, warm_start=False), feature_name=None, fit_kwargs=None, groups=None, label=False, plot=confusion_matrix, plot_kwargs=None, save=False, scale=1, system=True)
2022-03-04 20:47:26,914:INFO:Checking exceptions
2022-03-04 20:47:26,915:INFO:Preparing display monitor
2022-03-04 20:47:26,920:INFO:Preloading libraries
2022-03-04 20:47:26,922:INFO:Copying training dataset
2022-03-04 20:47:26,924:INFO:Copying test dataset
2022-03-04 20:47:26,925:INFO:Plot type: confusion_matrix
2022-03-04 20:47:26,926:INFO:Initializing get_config()
2022-03-04 20:47:26,926:INFO:get_config(variable=prep_pipe)
2022-03-04 20:47:26,931:INFO:Global variable: prep_pipe returned as Pipeline(memory=None,
         steps=[('dtypes',
                 DataTypes_Auto_infer(categorical_features=[],
                                      display_types=True, features_todrop=[],
                                      id_columns=[],
                                      ml_usecase='classification',
                                      numerical_features=[],
                                      target='about_to_fail_2d',
                                      time_features=[])),
                ('imputer',
                 Simple_Imputer(categorical_strategy='not_available',
                                fill_value_categorical=None,
                                fill_value_numerical=None,
                                num...
                ('scaling', 'passthrough'), ('P_transform', 'passthrough'),
                ('binn', 'passthrough'), ('rem_outliers', 'passthrough'),
                ('cluster_all', 'passthrough'),
                ('dummy', Dummify(target='about_to_fail_2d')),
                ('fix_perfect', Remove_100(target='about_to_fail_2d')),
                ('clean_names', Clean_Colum_Names()),
                ('feature_select', 'passthrough'), ('fix_multi', 'passthrough'),
                ('dfs', 'passthrough'), ('pca', 'passthrough')],
         verbose=False)
2022-03-04 20:47:26,931:INFO:get_config() succesfully completed......................................
2022-03-04 20:47:26,932:INFO:Fitting Model
2022-03-04 20:47:26,933:INFO:Scoring test/hold-out set
2022-03-04 20:47:27,048:INFO:Visual Rendered Successfully
2022-03-04 20:47:27,246:INFO:plot_model() succesfully completed......................................
2022-03-04 20:48:08,971:INFO:Initializing tune_model()
2022-03-04 20:48:08,971:INFO:tune_model(estimator=SGDClassifier(alpha=0.0001, average=False, class_weight=None,
              early_stopping=False, epsilon=0.1, eta0=0.001, fit_intercept=True,
              l1_ratio=0.15, learning_rate='optimal', loss='hinge',
              max_iter=1000, n_iter_no_change=5, n_jobs=-1, penalty='l2',
              power_t=0.5, random_state=786, shuffle=True, tol=0.001,
              validation_fraction=0.1, verbose=0, warm_start=False), fold=None, round=4, n_iter=10, custom_grid=None, optimize=recall, custom_scorer=None, search_library=scikit-learn, search_algorithm=None, early_stopping=False, early_stopping_max_iters=10, choose_better=False, fit_kwargs=None, groups=None, return_tuner=False, verbose=True, tuner_verbose=True, display=None, kwargs={})
2022-03-04 20:48:08,971:INFO:Checking exceptions
2022-03-04 20:48:08,972:INFO:Preparing display monitor
2022-03-04 20:48:08,988:INFO:Copying training dataset
2022-03-04 20:48:08,990:INFO:Checking base model
2022-03-04 20:48:08,991:INFO:Base model : SVM - Linear Kernel
2022-03-04 20:48:09,005:INFO:Declaring metric variables
2022-03-04 20:48:09,013:INFO:Defining Hyperparameters
2022-03-04 20:48:09,209:INFO:Tuning with n_jobs=-1
2022-03-04 20:48:09,209:INFO:Initializing RandomizedSearchCV
2022-03-04 20:49:27,128:INFO:best_params: {'actual_estimator__penalty': 'l2', 'actual_estimator__learning_rate': 'constant', 'actual_estimator__l1_ratio': 0.2300000001, 'actual_estimator__fit_intercept': False, 'actual_estimator__eta0': 0.4, 'actual_estimator__alpha': 0.002}
2022-03-04 20:49:27,129:INFO:Hyperparameter search completed
2022-03-04 20:49:27,129:INFO:SubProcess create_model() called ==================================
2022-03-04 20:49:27,130:INFO:Initializing create_model()
2022-03-04 20:49:27,130:INFO:create_model(estimator=SGDClassifier(alpha=0.0001, average=False, class_weight=None,
              early_stopping=False, epsilon=0.1, eta0=0.001, fit_intercept=True,
              l1_ratio=0.15, learning_rate='optimal', loss='hinge',
              max_iter=1000, n_iter_no_change=5, n_jobs=-1, penalty='l2',
              power_t=0.5, random_state=786, shuffle=True, tol=0.001,
              validation_fraction=0.1, verbose=0, warm_start=False), fold=StratifiedKFold(n_splits=10, random_state=None, shuffle=False), round=4, cross_validation=True, predict=True, fit_kwargs={}, groups=None, refit=True, verbose=True, system=False, metrics=None, add_to_model_list=True, probability_threshold=None, display=<pycaret.internal.Display.Display object at 0x00000171A65FED60>, kwargs={'penalty': 'l2', 'learning_rate': 'constant', 'l1_ratio': 0.2300000001, 'fit_intercept': False, 'eta0': 0.4, 'alpha': 0.002})
2022-03-04 20:49:27,130:INFO:Checking exceptions
2022-03-04 20:49:27,130:INFO:Importing libraries
2022-03-04 20:49:27,130:INFO:Copying training dataset
2022-03-04 20:49:27,132:INFO:Defining folds
2022-03-04 20:49:27,132:INFO:Declaring metric variables
2022-03-04 20:49:27,142:INFO:Importing untrained model
2022-03-04 20:49:27,142:INFO:Declaring custom model
2022-03-04 20:49:27,152:INFO:SVM - Linear Kernel Imported succesfully
2022-03-04 20:49:27,173:INFO:Starting cross validation
2022-03-04 20:49:27,174:INFO:Cross validating with StratifiedKFold(n_splits=10, random_state=None, shuffle=False), n_jobs=-1
2022-03-04 20:49:28,096:INFO:Calculating mean and std
2022-03-04 20:49:28,097:INFO:Creating metrics dataframe
2022-03-04 20:49:28,149:INFO:Finalizing model
2022-03-04 20:49:28,386:INFO:Uploading results into container
2022-03-04 20:49:28,387:INFO:Uploading model into container now
2022-03-04 20:49:28,388:INFO:create_model_container: 20
2022-03-04 20:49:28,388:INFO:master_model_container: 20
2022-03-04 20:49:28,388:INFO:display_container: 8
2022-03-04 20:49:28,389:INFO:SGDClassifier(alpha=0.002, average=False, class_weight=None,
              early_stopping=False, epsilon=0.1, eta0=0.4, fit_intercept=False,
              l1_ratio=0.2300000001, learning_rate='constant', loss='hinge',
              max_iter=1000, n_iter_no_change=5, n_jobs=-1, penalty='l2',
              power_t=0.5, random_state=786, shuffle=True, tol=0.001,
              validation_fraction=0.1, verbose=0, warm_start=False)
2022-03-04 20:49:28,389:INFO:create_model() succesfully completed......................................
2022-03-04 20:49:28,595:INFO:SubProcess create_model() end ==================================
2022-03-04 20:49:28,621:INFO:create_model_container: 20
2022-03-04 20:49:28,621:INFO:master_model_container: 20
2022-03-04 20:49:28,621:INFO:display_container: 8
2022-03-04 20:49:28,622:INFO:SGDClassifier(alpha=0.002, average=False, class_weight=None,
              early_stopping=False, epsilon=0.1, eta0=0.4, fit_intercept=False,
              l1_ratio=0.2300000001, learning_rate='constant', loss='hinge',
              max_iter=1000, n_iter_no_change=5, n_jobs=-1, penalty='l2',
              power_t=0.5, random_state=786, shuffle=True, tol=0.001,
              validation_fraction=0.1, verbose=0, warm_start=False)
2022-03-04 20:49:28,622:INFO:tune_model() succesfully completed......................................
